#
# There is insufficient memory for the Java Runtime Environment to continue.
# Native memory allocation (malloc) failed to allocate 877376 bytes. Error detail: Chunk::new
# Possible reasons:
#   The system is out of physical RAM or swap space
#   This process is running with CompressedOops enabled, and the Java Heap may be blocking the growth of the native heap
# Possible solutions:
#   Reduce memory load on the system
#   Increase physical memory or swap space
#   Check if swap backing store is full
#   Decrease Java heap size (-Xmx/-Xms)
#   Decrease number of Java threads
#   Decrease Java thread stack sizes (-Xss)
#   Set larger code cache with -XX:ReservedCodeCacheSize=
#   JVM is running with Unscaled Compressed Oops mode in which the Java heap is
#     placed in the first 4GB address space. The Java Heap base address is the
#     maximum limit for the native heap growth. Please use -XX:HeapBaseMinAddress
#     to set the Java Heap base and to place the Java Heap above 4GB virtual address.
# This output file may be truncated or incomplete.
#
#  Out of Memory Error (arena.cpp:168), pid=18556, tid=6932
#
# JRE version: OpenJDK Runtime Environment (21.0.6) (build 21.0.6+-13368085-b895.109)
# Java VM: OpenJDK 64-Bit Server VM (21.0.6+-13368085-b895.109, mixed mode, tiered, compressed oops, compressed class ptrs, g1 gc, windows-amd64)
# No core dump will be written. Minidumps are not enabled by default on client versions of Windows
#

---------------  S U M M A R Y ------------

Command Line: --add-opens=java.base/java.lang=ALL-UNNAMED --add-opens=java.base/java.lang.invoke=ALL-UNNAMED --add-opens=java.base/java.util=ALL-UNNAMED --add-opens=java.prefs/java.util.prefs=ALL-UNNAMED --add-exports=jdk.compiler/com.sun.tools.javac.api=ALL-UNNAMED --add-exports=jdk.compiler/com.sun.tools.javac.util=ALL-UNNAMED --add-opens=java.base/java.util=ALL-UNNAMED --add-opens=java.prefs/java.util.prefs=ALL-UNNAMED --add-opens=java.base/java.nio.charset=ALL-UNNAMED --add-opens=java.base/java.net=ALL-UNNAMED --add-opens=java.base/java.util.concurrent.atomic=ALL-UNNAMED --add-opens=java.xml/javax.xml.namespace=ALL-UNNAMED -Xmx2048m -Dfile.encoding=UTF-8 -Duser.country=PE -Duser.language=es -Duser.variant -javaagent:C:\Users\Hp\.gradle\wrapper\dists\gradle-8.11.1-bin\bpt9gzteqjrbo1mjrsomdt32c\gradle-8.11.1\lib\agents\gradle-instrumentation-agent-8.11.1.jar org.gradle.launcher.daemon.bootstrap.GradleDaemon 8.11.1

Host: AMD Ryzen 5 5500U with Radeon Graphics         , 12 cores, 7G,  Windows 11 , 64 bit Build 22621 (10.0.22621.5262)
Time: Mon May 26 12:09:05 2025 Hora est. Pacífico, Sudamérica elapsed time: 25.593354 seconds (0d 0h 0m 25s)

---------------  T H R E A D  ---------------

Current thread (0x000001cd11b36950):  JavaThread "C2 CompilerThread0" daemon [_thread_in_native, id=6932, stack(0x000000683b900000,0x000000683ba00000) (1024K)]


Current CompileTask:
C2:25593 11360       4       java.util.regex.Pattern::compile (537 bytes)

Stack: [0x000000683b900000,0x000000683ba00000]
Native frames: (J=compiled Java code, j=interpreted, Vv=VM code, C=native code)
V  [jvm.dll+0x6d0639]
V  [jvm.dll+0x85eb03]
V  [jvm.dll+0x86105e]
V  [jvm.dll+0x861743]
V  [jvm.dll+0x27e6e6]
V  [jvm.dll+0xbff6d]
V  [jvm.dll+0xc04a3]
V  [jvm.dll+0x3b61ab]
V  [jvm.dll+0x3820c7]
V  [jvm.dll+0x38153a]
V  [jvm.dll+0x247c82]
V  [jvm.dll+0x247251]
V  [jvm.dll+0x1c5f04]
V  [jvm.dll+0x2569ac]
V  [jvm.dll+0x254ef6]
V  [jvm.dll+0x3f0e96]
V  [jvm.dll+0x806ed8]
V  [jvm.dll+0x6cef0d]
C  [ucrtbase.dll+0x29333]
C  [KERNEL32.DLL+0x1259d]
C  [ntdll.dll+0x5af58]


---------------  P R O C E S S  ---------------

Threads class SMR info:
_java_thread_list=0x000001cd1b2f6350, length=68, elements={
0x000001cd79dd62b0, 0x000001cd11b0b190, 0x000001cd11b100b0, 0x000001cd11b26280,
0x000001cd11b2f750, 0x000001cd11b30940, 0x000001cd11b31f30, 0x000001cd11b36950,
0x000001cd11b383f0, 0x000001cd11c4efd0, 0x000001cd11e1f840, 0x000001cd178ee800,
0x000001cd17ab8070, 0x000001cd17ba5420, 0x000001cd17aa5ee0, 0x000001cd17aa6540,
0x000001cd17aa6ba0, 0x000001cd17aa7200, 0x000001cd17aa0d00, 0x000001cd178c9680,
0x000001cd178c9d10, 0x000001cd178cbde0, 0x000001cd178ca3a0, 0x000001cd178cc470,
0x000001cd178caa30, 0x000001cd178cb0c0, 0x000001cd178cb750, 0x000001cd178ccb00,
0x000001cd1a2896f0, 0x000001cd1a28d890, 0x000001cd1a28df20, 0x000001cd1a289060,
0x000001cd1a289d80, 0x000001cd1a28ec40, 0x000001cd1a28f960, 0x000001cd1a28a410,
0x000001cd1a28fff0, 0x000001cd1a28aaa0, 0x000001cd1a290680, 0x000001cd1a28b130,
0x000001cd1a28b7c0, 0x000001cd1a28be50, 0x000001cd1a28c4e0, 0x000001cd1a28cb70,
0x000001cd1a28d200, 0x000001cd18073a40, 0x000001cd18075480, 0x000001cd180712e0,
0x000001cd1806f8a0, 0x000001cd18072000, 0x000001cd180705c0, 0x000001cd18074760,
0x000001cd1806ff30, 0x000001cd18072690, 0x000001cd180740d0, 0x000001cd18070c50,
0x000001cd18071970, 0x000001cd18075b10, 0x000001cd18074df0, 0x000001cd180733b0,
0x000001cd18076830, 0x000001cd18072d20, 0x000001cd180761a0, 0x000001cd18076ec0,
0x000001cd1c43e000, 0x000001cd1c4400d0, 0x000001cd1c43b210, 0x000001cd1c43e690
}

Java Threads: ( => current thread )
  0x000001cd79dd62b0 JavaThread "main"                              [_thread_blocked, id=17180, stack(0x000000683ab00000,0x000000683ac00000) (1024K)]
  0x000001cd11b0b190 JavaThread "Reference Handler"          daemon [_thread_blocked, id=6340, stack(0x000000683b300000,0x000000683b400000) (1024K)]
  0x000001cd11b100b0 JavaThread "Finalizer"                  daemon [_thread_blocked, id=17524, stack(0x000000683b400000,0x000000683b500000) (1024K)]
  0x000001cd11b26280 JavaThread "Signal Dispatcher"          daemon [_thread_blocked, id=7380, stack(0x000000683b500000,0x000000683b600000) (1024K)]
  0x000001cd11b2f750 JavaThread "Attach Listener"            daemon [_thread_blocked, id=11868, stack(0x000000683b600000,0x000000683b700000) (1024K)]
  0x000001cd11b30940 JavaThread "Service Thread"             daemon [_thread_blocked, id=17860, stack(0x000000683b700000,0x000000683b800000) (1024K)]
  0x000001cd11b31f30 JavaThread "Monitor Deflation Thread"   daemon [_thread_blocked, id=18392, stack(0x000000683b800000,0x000000683b900000) (1024K)]
=>0x000001cd11b36950 JavaThread "C2 CompilerThread0"         daemon [_thread_in_native, id=6932, stack(0x000000683b900000,0x000000683ba00000) (1024K)]
  0x000001cd11b383f0 JavaThread "C1 CompilerThread0"         daemon [_thread_in_native, id=19560, stack(0x000000683ba00000,0x000000683bb00000) (1024K)]
  0x000001cd11c4efd0 JavaThread "Common-Cleaner"             daemon [_thread_blocked, id=14532, stack(0x000000683bb00000,0x000000683bc00000) (1024K)]
  0x000001cd11e1f840 JavaThread "Notification Thread"        daemon [_thread_blocked, id=15408, stack(0x000000683bc00000,0x000000683bd00000) (1024K)]
  0x000001cd178ee800 JavaThread "Daemon health stats"               [_thread_blocked, id=17364, stack(0x000000683c200000,0x000000683c300000) (1024K)]
  0x000001cd17ab8070 JavaThread "Incoming local TCP Connector on port 63163"        [_thread_in_native, id=9828, stack(0x000000683c300000,0x000000683c400000) (1024K)]
  0x000001cd17ba5420 JavaThread "Daemon periodic checks"            [_thread_blocked, id=2780, stack(0x000000683c400000,0x000000683c500000) (1024K)]
  0x000001cd17aa5ee0 JavaThread "Daemon"                            [_thread_blocked, id=19552, stack(0x000000683c500000,0x000000683c600000) (1024K)]
  0x000001cd17aa6540 JavaThread "Handler for socket connection from /127.0.0.1:63163 to /127.0.0.1:63164"        [_thread_in_native, id=15112, stack(0x000000683c600000,0x000000683c700000) (1024K)]
  0x000001cd17aa6ba0 JavaThread "Cancel handler"                    [_thread_blocked, id=19460, stack(0x000000683c700000,0x000000683c800000) (1024K)]
  0x000001cd17aa7200 JavaThread "Daemon worker"                     [_thread_in_native, id=832, stack(0x000000683c800000,0x000000683c900000) (1024K)]
  0x000001cd17aa0d00 JavaThread "Asynchronous log dispatcher for DefaultDaemonConnection: socket connection from /127.0.0.1:63163 to /127.0.0.1:63164"        [_thread_blocked, id=5016, stack(0x000000683c900000,0x000000683ca00000) (1024K)]
  0x000001cd178c9680 JavaThread "Stdin handler"                     [_thread_blocked, id=18644, stack(0x000000683ca00000,0x000000683cb00000) (1024K)]
  0x000001cd178c9d10 JavaThread "Daemon client event forwarder"        [_thread_blocked, id=9948, stack(0x000000683cb00000,0x000000683cc00000) (1024K)]
  0x000001cd178cbde0 JavaThread "Cache worker for journal cache (C:\Users\Hp\.gradle\caches\journal-1)"        [_thread_blocked, id=16652, stack(0x000000683d300000,0x000000683d400000) (1024K)]
  0x000001cd178ca3a0 JavaThread "File lock request listener"        [_thread_in_native, id=15012, stack(0x000000683d400000,0x000000683d500000) (1024K)]
  0x000001cd178cc470 JavaThread "Cache worker for file hash cache (C:\Users\Hp\.gradle\caches\8.11.1\fileHashes)"        [_thread_blocked, id=1724, stack(0x000000683bd00000,0x000000683be00000) (1024K)]
  0x000001cd178caa30 JavaThread "Cache worker for file content cache (C:\Users\Hp\.gradle\caches\8.11.1\fileContent)"        [_thread_blocked, id=7896, stack(0x000000683d600000,0x000000683d700000) (1024K)]
  0x000001cd178cb0c0 JavaThread "Cache worker for file hash cache (D:\UNA PUNO\QUINTO SEMESTRE\DESARROLLO BASADO EN PLATAFORMAS II_IV\PROYECTO_FINIAL1\.gradle\8.11.1\fileHashes)"        [_thread_blocked, id=20144, stack(0x000000683d700000,0x000000683d800000) (1024K)]
  0x000001cd178cb750 JavaThread "Cache worker for Build Output Cleanup Cache (D:\UNA PUNO\QUINTO SEMESTRE\DESARROLLO BASADO EN PLATAFORMAS II_IV\PROYECTO_FINIAL1\.gradle\buildOutputCleanup)"        [_thread_blocked, id=18404, stack(0x000000683d800000,0x000000683d900000) (1024K)]
  0x000001cd178ccb00 JavaThread "File watcher server"        daemon [_thread_in_native, id=13444, stack(0x000000683d900000,0x000000683da00000) (1024K)]
  0x000001cd1a2896f0 JavaThread "File watcher consumer"      daemon [_thread_blocked, id=2568, stack(0x000000683da00000,0x000000683db00000) (1024K)]
  0x000001cd1a28d890 JavaThread "Cache worker for checksums cache (D:\UNA PUNO\QUINTO SEMESTRE\DESARROLLO BASADO EN PLATAFORMAS II_IV\PROYECTO_FINIAL1\.gradle\8.11.1\checksums)"        [_thread_blocked, id=4560, stack(0x000000683db00000,0x000000683dc00000) (1024K)]
  0x000001cd1a28df20 JavaThread "Cache worker for cache directory md-rule (C:\Users\Hp\.gradle\caches\8.11.1\md-rule)"        [_thread_blocked, id=19568, stack(0x000000683dc00000,0x000000683dd00000) (1024K)]
  0x000001cd1a289060 JavaThread "Cache worker for cache directory md-supplier (C:\Users\Hp\.gradle\caches\8.11.1\md-supplier)"        [_thread_blocked, id=13156, stack(0x000000683dd00000,0x000000683de00000) (1024K)]
  0x000001cd1a289d80 JavaThread "Unconstrained build operations"        [_thread_blocked, id=9996, stack(0x000000683d500000,0x000000683d600000) (1024K)]
  0x000001cd1a28ec40 JavaThread "Unconstrained build operations Thread 2"        [_thread_blocked, id=7528, stack(0x000000683de00000,0x000000683df00000) (1024K)]
  0x000001cd1a28f960 JavaThread "Unconstrained build operations Thread 3"        [_thread_blocked, id=13388, stack(0x000000683df00000,0x000000683e000000) (1024K)]
  0x000001cd1a28a410 JavaThread "Unconstrained build operations Thread 4"        [_thread_blocked, id=19916, stack(0x000000683e000000,0x000000683e100000) (1024K)]
  0x000001cd1a28fff0 JavaThread "Unconstrained build operations Thread 5"        [_thread_blocked, id=20408, stack(0x000000683e100000,0x000000683e200000) (1024K)]
  0x000001cd1a28aaa0 JavaThread "Unconstrained build operations Thread 6"        [_thread_blocked, id=14340, stack(0x000000683e200000,0x000000683e300000) (1024K)]
  0x000001cd1a290680 JavaThread "Unconstrained build operations Thread 7"        [_thread_blocked, id=2136, stack(0x000000683e300000,0x000000683e400000) (1024K)]
  0x000001cd1a28b130 JavaThread "Unconstrained build operations Thread 8"        [_thread_blocked, id=18396, stack(0x000000683e400000,0x000000683e500000) (1024K)]
  0x000001cd1a28b7c0 JavaThread "Unconstrained build operations Thread 9"        [_thread_blocked, id=3348, stack(0x000000683e500000,0x000000683e600000) (1024K)]
  0x000001cd1a28be50 JavaThread "Unconstrained build operations Thread 10"        [_thread_blocked, id=18520, stack(0x000000683e600000,0x000000683e700000) (1024K)]
  0x000001cd1a28c4e0 JavaThread "Unconstrained build operations Thread 11"        [_thread_blocked, id=11372, stack(0x000000683e700000,0x000000683e800000) (1024K)]
  0x000001cd1a28cb70 JavaThread "Unconstrained build operations Thread 12"        [_thread_blocked, id=4888, stack(0x000000683e900000,0x000000683ea00000) (1024K)]
  0x000001cd1a28d200 JavaThread "Unconstrained build operations Thread 13"        [_thread_blocked, id=16868, stack(0x000000683ea00000,0x000000683eb00000) (1024K)]
  0x000001cd18073a40 JavaThread "Unconstrained build operations Thread 14"        [_thread_blocked, id=16552, stack(0x000000683eb00000,0x000000683ec00000) (1024K)]
  0x000001cd18075480 JavaThread "Unconstrained build operations Thread 15"        [_thread_blocked, id=19304, stack(0x000000683ec00000,0x000000683ed00000) (1024K)]
  0x000001cd180712e0 JavaThread "Unconstrained build operations Thread 16"        [_thread_blocked, id=19712, stack(0x000000683ed00000,0x000000683ee00000) (1024K)]
  0x000001cd1806f8a0 JavaThread "Unconstrained build operations Thread 17"        [_thread_blocked, id=3156, stack(0x000000683ee00000,0x000000683ef00000) (1024K)]
  0x000001cd18072000 JavaThread "Unconstrained build operations Thread 18"        [_thread_blocked, id=19024, stack(0x000000683ef00000,0x000000683f000000) (1024K)]
  0x000001cd180705c0 JavaThread "Unconstrained build operations Thread 19"        [_thread_blocked, id=19440, stack(0x000000683f000000,0x000000683f100000) (1024K)]
  0x000001cd18074760 JavaThread "Unconstrained build operations Thread 20"        [_thread_blocked, id=8012, stack(0x000000683f100000,0x000000683f200000) (1024K)]
  0x000001cd1806ff30 JavaThread "Unconstrained build operations Thread 21"        [_thread_blocked, id=6784, stack(0x000000683f200000,0x000000683f300000) (1024K)]
  0x000001cd18072690 JavaThread "Unconstrained build operations Thread 22"        [_thread_blocked, id=16936, stack(0x000000683f300000,0x000000683f400000) (1024K)]
  0x000001cd180740d0 JavaThread "Unconstrained build operations Thread 23"        [_thread_blocked, id=12016, stack(0x000000683f400000,0x000000683f500000) (1024K)]
  0x000001cd18070c50 JavaThread "Unconstrained build operations Thread 24"        [_thread_blocked, id=10036, stack(0x000000683f500000,0x000000683f600000) (1024K)]
  0x000001cd18071970 JavaThread "Unconstrained build operations Thread 25"        [_thread_blocked, id=17284, stack(0x000000683f600000,0x000000683f700000) (1024K)]
  0x000001cd18075b10 JavaThread "Unconstrained build operations Thread 26"        [_thread_blocked, id=12032, stack(0x000000683f700000,0x000000683f800000) (1024K)]
  0x000001cd18074df0 JavaThread "Unconstrained build operations Thread 27"        [_thread_blocked, id=18924, stack(0x000000683f800000,0x000000683f900000) (1024K)]
  0x000001cd180733b0 JavaThread "Unconstrained build operations Thread 28"        [_thread_blocked, id=19020, stack(0x000000683f900000,0x000000683fa00000) (1024K)]
  0x000001cd18076830 JavaThread "Unconstrained build operations Thread 29"        [_thread_blocked, id=17116, stack(0x000000683fa00000,0x000000683fb00000) (1024K)]
  0x000001cd18072d20 JavaThread "Unconstrained build operations Thread 30"        [_thread_blocked, id=2612, stack(0x000000683fb00000,0x000000683fc00000) (1024K)]
  0x000001cd180761a0 JavaThread "Unconstrained build operations Thread 31"        [_thread_blocked, id=19264, stack(0x000000683fc00000,0x000000683fd00000) (1024K)]
  0x000001cd18076ec0 JavaThread "Unconstrained build operations Thread 32"        [_thread_blocked, id=19404, stack(0x000000683fd00000,0x000000683fe00000) (1024K)]
  0x000001cd1c43e000 JavaThread "Unconstrained build operations Thread 33"        [_thread_blocked, id=18512, stack(0x000000683fe00000,0x000000683ff00000) (1024K)]
  0x000001cd1c4400d0 JavaThread "build event listener"              [_thread_blocked, id=19276, stack(0x000000683e800000,0x000000683e900000) (1024K)]
  0x000001cd1c43b210 JavaThread "Memory manager"                    [_thread_blocked, id=16460, stack(0x000000683ff00000,0x0000006840000000) (1024K)]
  0x000001cd1c43e690 JavaThread "build event listener"              [_thread_blocked, id=16208, stack(0x0000006840000000,0x0000006840100000) (1024K)]
Total: 68

Other Threads:
  0x000001cd11901840 VMThread "VM Thread"                           [id=12552, stack(0x000000683b200000,0x000000683b300000) (1024K)]
  0x000001cd118f02b0 WatcherThread "VM Periodic Task Thread"        [id=15824, stack(0x000000683b100000,0x000000683b200000) (1024K)]
  0x000001cd77b0e060 WorkerThread "GC Thread#0"                     [id=10044, stack(0x000000683ac00000,0x000000683ad00000) (1024K)]
  0x000001cd11901be0 WorkerThread "GC Thread#1"                     [id=19648, stack(0x000000683be00000,0x000000683bf00000) (1024K)]
  0x000001cd11901f80 WorkerThread "GC Thread#2"                     [id=10200, stack(0x000000683bf00000,0x000000683c000000) (1024K)]
  0x000001cd119026c0 WorkerThread "GC Thread#3"                     [id=19040, stack(0x000000683c000000,0x000000683c100000) (1024K)]
  0x000001cd11902320 WorkerThread "GC Thread#4"                     [id=9748, stack(0x000000683c100000,0x000000683c200000) (1024K)]
  0x000001cd178da730 WorkerThread "GC Thread#5"                     [id=900, stack(0x000000683cc00000,0x000000683cd00000) (1024K)]
  0x000001cd178dc090 WorkerThread "GC Thread#6"                     [id=17692, stack(0x000000683cd00000,0x000000683ce00000) (1024K)]
  0x000001cd178dd650 WorkerThread "GC Thread#7"                     [id=13060, stack(0x000000683ce00000,0x000000683cf00000) (1024K)]
  0x000001cd178ddd90 WorkerThread "GC Thread#8"                     [id=3600, stack(0x000000683cf00000,0x000000683d000000) (1024K)]
  0x000001cd178de130 WorkerThread "GC Thread#9"                     [id=18888, stack(0x000000683d000000,0x000000683d100000) (1024K)]
  0x000001cd79e3b370 ConcurrentGCThread "G1 Main Marker"            [id=18420, stack(0x000000683ad00000,0x000000683ae00000) (1024K)]
  0x000001cd79e3e620 WorkerThread "G1 Conc#0"                       [id=18492, stack(0x000000683ae00000,0x000000683af00000) (1024K)]
  0x000001cd178daad0 WorkerThread "G1 Conc#1"                       [id=8128, stack(0x000000683d100000,0x000000683d200000) (1024K)]
  0x000001cd178dcf10 WorkerThread "G1 Conc#2"                       [id=16236, stack(0x000000683d200000,0x000000683d300000) (1024K)]
  0x000001cd117c3590 ConcurrentGCThread "G1 Refine#0"               [id=19860, stack(0x000000683af00000,0x000000683b000000) (1024K)]
  0x000001cd117c4010 ConcurrentGCThread "G1 Service"                [id=5412, stack(0x000000683b000000,0x000000683b100000) (1024K)]
Total: 18

Threads with active compile tasks:
C2 CompilerThread0  25661 11360       4       java.util.regex.Pattern::compile (537 bytes)
Total: 1

VM state: not at safepoint (normal execution)

VM Mutex/Monitor currently owned by a thread: None

Heap address: 0x0000000080000000, size: 2048 MB, Compressed Oops mode: 32-bit

CDS archive(s) not mapped
Compressed class space mapped at: 0x0000000100000000-0x0000000140000000, reserved size: 1073741824
Narrow klass base: 0x0000000000000000, Narrow klass shift: 3, Narrow klass range: 0x140000000

GC Precious Log:
 CardTable entry size: 512
 Card Set container configuration: InlinePtr #cards 5 size 8 Array Of Cards #cards 12 size 40 Howl #buckets 4 coarsen threshold 1843 Howl Bitmap #cards 512 size 80 coarsen threshold 460 Card regions per heap region 1 cards per card region 2048
 CPUs: 12 total, 12 available
 Memory: 7501M
 Large Page Support: Disabled
 NUMA Support: Disabled
 Compressed Oops: Enabled (32-bit)
 Heap Region Size: 1M
 Heap Min Capacity: 8M
 Heap Initial Capacity: 118M
 Heap Max Capacity: 2G
 Pre-touch: Disabled
 Parallel Workers: 10
 Concurrent Workers: 3
 Concurrent Refinement Workers: 10
 Periodic GC: Disabled

Heap:
 garbage-first heap   total 162816K, used 100282K [0x0000000080000000, 0x0000000100000000)
  region size 1024K, 7 young (7168K), 5 survivors (5120K)
 Metaspace       used 107179K, committed 109376K, reserved 1179648K
  class space    used 14731K, committed 15808K, reserved 1048576K

Heap Regions: E=young(eden), S=young(survivor), O=old, HS=humongous(starts), HC=humongous(continues), CS=collection set, F=free, TAMS=top-at-mark-start, PB=parsable bottom
|   0|0x0000000080000000, 0x0000000080100000, 0x0000000080100000|100%| O|  |TAMS 0x0000000080000000| PB 0x0000000080000000| Untracked 
|   1|0x0000000080100000, 0x0000000080200000, 0x0000000080200000|100%|HS|  |TAMS 0x0000000080100000| PB 0x0000000080100000| Complete 
|   2|0x0000000080200000, 0x0000000080300000, 0x0000000080300000|100%|HC|  |TAMS 0x0000000080200000| PB 0x0000000080200000| Complete 
|   3|0x0000000080300000, 0x0000000080400000, 0x0000000080400000|100%|HC|  |TAMS 0x0000000080300000| PB 0x0000000080300000| Complete 
|   4|0x0000000080400000, 0x0000000080500000, 0x0000000080500000|100%| O|  |TAMS 0x0000000080400000| PB 0x0000000080400000| Untracked 
|   5|0x0000000080500000, 0x0000000080600000, 0x0000000080600000|100%| O|  |TAMS 0x0000000080500000| PB 0x0000000080500000| Untracked 
|   6|0x0000000080600000, 0x0000000080700000, 0x0000000080700000|100%| O|  |TAMS 0x0000000080600000| PB 0x0000000080600000| Untracked 
|   7|0x0000000080700000, 0x0000000080800000, 0x0000000080800000|100%|HS|  |TAMS 0x0000000080700000| PB 0x0000000080700000| Complete 
|   8|0x0000000080800000, 0x0000000080900000, 0x0000000080900000|100%| O|  |TAMS 0x0000000080800000| PB 0x0000000080800000| Untracked 
|   9|0x0000000080900000, 0x0000000080a00000, 0x0000000080a00000|100%| O|  |TAMS 0x0000000080900000| PB 0x0000000080900000| Untracked 
|  10|0x0000000080a00000, 0x0000000080b00000, 0x0000000080b00000|100%| O|  |TAMS 0x0000000080a00000| PB 0x0000000080a00000| Untracked 
|  11|0x0000000080b00000, 0x0000000080c00000, 0x0000000080c00000|100%| O|  |TAMS 0x0000000080b00000| PB 0x0000000080b00000| Untracked 
|  12|0x0000000080c00000, 0x0000000080d00000, 0x0000000080d00000|100%| O|  |TAMS 0x0000000080c00000| PB 0x0000000080c00000| Untracked 
|  13|0x0000000080d00000, 0x0000000080e00000, 0x0000000080e00000|100%| O|  |TAMS 0x0000000080d00000| PB 0x0000000080d00000| Untracked 
|  14|0x0000000080e00000, 0x0000000080f00000, 0x0000000080f00000|100%| O|  |TAMS 0x0000000080e00000| PB 0x0000000080e00000| Untracked 
|  15|0x0000000080f00000, 0x0000000081000000, 0x0000000081000000|100%| O|  |TAMS 0x0000000080f00000| PB 0x0000000080f00000| Untracked 
|  16|0x0000000081000000, 0x0000000081100000, 0x0000000081100000|100%| O|  |TAMS 0x0000000081000000| PB 0x0000000081000000| Untracked 
|  17|0x0000000081100000, 0x0000000081200000, 0x0000000081200000|100%| O|  |TAMS 0x0000000081100000| PB 0x0000000081100000| Untracked 
|  18|0x0000000081200000, 0x0000000081300000, 0x0000000081300000|100%| O|  |TAMS 0x0000000081200000| PB 0x0000000081200000| Untracked 
|  19|0x0000000081300000, 0x0000000081400000, 0x0000000081400000|100%| O|  |TAMS 0x0000000081300000| PB 0x0000000081300000| Untracked 
|  20|0x0000000081400000, 0x0000000081500000, 0x0000000081500000|100%| O|  |TAMS 0x0000000081400000| PB 0x0000000081400000| Untracked 
|  21|0x0000000081500000, 0x0000000081600000, 0x0000000081600000|100%| O|  |TAMS 0x0000000081500000| PB 0x0000000081500000| Untracked 
|  22|0x0000000081600000, 0x0000000081700000, 0x0000000081700000|100%| O|  |TAMS 0x0000000081600000| PB 0x0000000081600000| Untracked 
|  23|0x0000000081700000, 0x0000000081800000, 0x0000000081800000|100%| O|  |TAMS 0x0000000081700000| PB 0x0000000081700000| Untracked 
|  24|0x0000000081800000, 0x0000000081900000, 0x0000000081900000|100%| O|  |TAMS 0x0000000081800000| PB 0x0000000081800000| Untracked 
|  25|0x0000000081900000, 0x0000000081a00000, 0x0000000081a00000|100%| O|  |TAMS 0x0000000081900000| PB 0x0000000081900000| Untracked 
|  26|0x0000000081a00000, 0x0000000081b00000, 0x0000000081b00000|100%| O|  |TAMS 0x0000000081a00000| PB 0x0000000081a00000| Untracked 
|  27|0x0000000081b00000, 0x0000000081c00000, 0x0000000081c00000|100%| O|  |TAMS 0x0000000081b00000| PB 0x0000000081b00000| Untracked 
|  28|0x0000000081c00000, 0x0000000081d00000, 0x0000000081d00000|100%| O|  |TAMS 0x0000000081c00000| PB 0x0000000081c00000| Untracked 
|  29|0x0000000081d00000, 0x0000000081e00000, 0x0000000081e00000|100%| O|  |TAMS 0x0000000081d00000| PB 0x0000000081d00000| Untracked 
|  30|0x0000000081e00000, 0x0000000081f00000, 0x0000000081f00000|100%| O|  |TAMS 0x0000000081e00000| PB 0x0000000081e00000| Untracked 
|  31|0x0000000081f00000, 0x0000000082000000, 0x0000000082000000|100%| O|  |TAMS 0x0000000081f00000| PB 0x0000000081f00000| Untracked 
|  32|0x0000000082000000, 0x0000000082100000, 0x0000000082100000|100%| O|  |TAMS 0x0000000082000000| PB 0x0000000082000000| Untracked 
|  33|0x0000000082100000, 0x0000000082200000, 0x0000000082200000|100%| O|  |TAMS 0x0000000082100000| PB 0x0000000082100000| Untracked 
|  34|0x0000000082200000, 0x0000000082300000, 0x0000000082300000|100%| O|  |TAMS 0x0000000082200000| PB 0x0000000082200000| Untracked 
|  35|0x0000000082300000, 0x0000000082400000, 0x0000000082400000|100%|HS|  |TAMS 0x0000000082300000| PB 0x0000000082300000| Complete 
|  36|0x0000000082400000, 0x0000000082500000, 0x0000000082500000|100%|HS|  |TAMS 0x0000000082400000| PB 0x0000000082400000| Complete 
|  37|0x0000000082500000, 0x0000000082600000, 0x0000000082600000|100%|HS|  |TAMS 0x0000000082500000| PB 0x0000000082500000| Complete 
|  38|0x0000000082600000, 0x0000000082700000, 0x0000000082700000|100%| O|  |TAMS 0x0000000082600000| PB 0x0000000082600000| Untracked 
|  39|0x0000000082700000, 0x0000000082800000, 0x0000000082800000|100%| O|  |TAMS 0x0000000082700000| PB 0x0000000082700000| Untracked 
|  40|0x0000000082800000, 0x0000000082900000, 0x0000000082900000|100%| O|  |TAMS 0x0000000082800000| PB 0x0000000082800000| Untracked 
|  41|0x0000000082900000, 0x0000000082a00000, 0x0000000082a00000|100%| O|  |TAMS 0x0000000082900000| PB 0x0000000082900000| Untracked 
|  42|0x0000000082a00000, 0x0000000082b00000, 0x0000000082b00000|100%| O|  |TAMS 0x0000000082a00000| PB 0x0000000082a00000| Untracked 
|  43|0x0000000082b00000, 0x0000000082c00000, 0x0000000082c00000|100%|HS|  |TAMS 0x0000000082b00000| PB 0x0000000082b00000| Complete 
|  44|0x0000000082c00000, 0x0000000082d00000, 0x0000000082d00000|100%|HC|  |TAMS 0x0000000082c00000| PB 0x0000000082c00000| Complete 
|  45|0x0000000082d00000, 0x0000000082e00000, 0x0000000082e00000|100%|HS|  |TAMS 0x0000000082d00000| PB 0x0000000082d00000| Complete 
|  46|0x0000000082e00000, 0x0000000082f00000, 0x0000000082f00000|100%| O|  |TAMS 0x0000000082e00000| PB 0x0000000082e00000| Untracked 
|  47|0x0000000082f00000, 0x0000000083000000, 0x0000000083000000|100%|HS|  |TAMS 0x0000000082f00000| PB 0x0000000082f00000| Complete 
|  48|0x0000000083000000, 0x0000000083100000, 0x0000000083100000|100%|HS|  |TAMS 0x0000000083000000| PB 0x0000000083000000| Complete 
|  49|0x0000000083100000, 0x0000000083200000, 0x0000000083200000|100%|HS|  |TAMS 0x0000000083100000| PB 0x0000000083100000| Complete 
|  50|0x0000000083200000, 0x0000000083300000, 0x0000000083300000|100%|HC|  |TAMS 0x0000000083200000| PB 0x0000000083200000| Complete 
|  51|0x0000000083300000, 0x0000000083400000, 0x0000000083400000|100%|HS|  |TAMS 0x0000000083300000| PB 0x0000000083300000| Complete 
|  52|0x0000000083400000, 0x0000000083500000, 0x0000000083500000|100%|HC|  |TAMS 0x0000000083400000| PB 0x0000000083400000| Complete 
|  53|0x0000000083500000, 0x0000000083600000, 0x0000000083600000|100%|HC|  |TAMS 0x0000000083500000| PB 0x0000000083500000| Complete 
|  54|0x0000000083600000, 0x0000000083700000, 0x0000000083700000|100%| O|  |TAMS 0x0000000083600000| PB 0x0000000083600000| Untracked 
|  55|0x0000000083700000, 0x0000000083800000, 0x0000000083800000|100%| O|  |TAMS 0x0000000083700000| PB 0x0000000083700000| Untracked 
|  56|0x0000000083800000, 0x0000000083900000, 0x0000000083900000|100%| O|  |TAMS 0x0000000083800000| PB 0x0000000083800000| Untracked 
|  57|0x0000000083900000, 0x0000000083a00000, 0x0000000083a00000|100%| O|  |TAMS 0x0000000083900000| PB 0x0000000083900000| Untracked 
|  58|0x0000000083a00000, 0x0000000083b00000, 0x0000000083b00000|100%| O|  |TAMS 0x0000000083a00000| PB 0x0000000083a00000| Untracked 
|  59|0x0000000083b00000, 0x0000000083c00000, 0x0000000083c00000|100%| O|Cm|TAMS 0x0000000083b00000| PB 0x0000000083b00000| Complete 
|  60|0x0000000083c00000, 0x0000000083d00000, 0x0000000083d00000|100%| O|  |TAMS 0x0000000083c00000| PB 0x0000000083c00000| Untracked 
|  61|0x0000000083d00000, 0x0000000083e00000, 0x0000000083e00000|100%| O|  |TAMS 0x0000000083d00000| PB 0x0000000083d00000| Untracked 
|  62|0x0000000083e00000, 0x0000000083f00000, 0x0000000083f00000|100%| O|Cm|TAMS 0x0000000083e00000| PB 0x0000000083e00000| Complete 
|  63|0x0000000083f00000, 0x0000000084000000, 0x0000000084000000|100%| O|  |TAMS 0x0000000083f00000| PB 0x0000000083f00000| Untracked 
|  64|0x0000000084000000, 0x0000000084100000, 0x0000000084100000|100%| O|  |TAMS 0x0000000084000000| PB 0x0000000084000000| Untracked 
|  65|0x0000000084100000, 0x0000000084200000, 0x0000000084200000|100%| O|  |TAMS 0x0000000084100000| PB 0x0000000084100000| Untracked 
|  66|0x0000000084200000, 0x0000000084300000, 0x0000000084300000|100%|HS|  |TAMS 0x0000000084200000| PB 0x0000000084200000| Complete 
|  67|0x0000000084300000, 0x0000000084400000, 0x0000000084400000|100%| O|  |TAMS 0x0000000084300000| PB 0x0000000084300000| Untracked 
|  68|0x0000000084400000, 0x0000000084500000, 0x0000000084500000|100%|HS|  |TAMS 0x0000000084400000| PB 0x0000000084400000| Complete 
|  69|0x0000000084500000, 0x0000000084600000, 0x0000000084600000|100%|HC|  |TAMS 0x0000000084500000| PB 0x0000000084500000| Complete 
|  70|0x0000000084600000, 0x0000000084700000, 0x0000000084700000|100%|HC|  |TAMS 0x0000000084600000| PB 0x0000000084600000| Complete 
|  71|0x0000000084700000, 0x0000000084800000, 0x0000000084800000|100%| O|  |TAMS 0x0000000084700000| PB 0x0000000084700000| Untracked 
|  72|0x0000000084800000, 0x0000000084900000, 0x0000000084900000|100%| O|  |TAMS 0x0000000084800000| PB 0x0000000084800000| Untracked 
|  73|0x0000000084900000, 0x0000000084a00000, 0x0000000084a00000|100%| O|  |TAMS 0x0000000084900000| PB 0x0000000084900000| Untracked 
|  74|0x0000000084a00000, 0x0000000084b00000, 0x0000000084b00000|100%| O|  |TAMS 0x0000000084a00000| PB 0x0000000084a00000| Untracked 
|  75|0x0000000084b00000, 0x0000000084c00000, 0x0000000084c00000|100%| O|  |TAMS 0x0000000084b00000| PB 0x0000000084b00000| Untracked 
|  76|0x0000000084c00000, 0x0000000084d00000, 0x0000000084d00000|100%| O|  |TAMS 0x0000000084c00000| PB 0x0000000084c00000| Untracked 
|  77|0x0000000084d00000, 0x0000000084e00000, 0x0000000084e00000|100%| O|  |TAMS 0x0000000084d00000| PB 0x0000000084d00000| Untracked 
|  78|0x0000000084e00000, 0x0000000084f00000, 0x0000000084f00000|100%| O|  |TAMS 0x0000000084e00000| PB 0x0000000084e00000| Untracked 
|  79|0x0000000084f00000, 0x0000000085000000, 0x0000000085000000|100%| O|  |TAMS 0x0000000084f00000| PB 0x0000000084f00000| Untracked 
|  80|0x0000000085000000, 0x0000000085100000, 0x0000000085100000|100%| O|  |TAMS 0x0000000085000000| PB 0x0000000085000000| Untracked 
|  81|0x0000000085100000, 0x0000000085200000, 0x0000000085200000|100%| O|  |TAMS 0x0000000085100000| PB 0x0000000085100000| Untracked 
|  82|0x0000000085200000, 0x0000000085300000, 0x0000000085300000|100%| O|  |TAMS 0x0000000085200000| PB 0x0000000085200000| Untracked 
|  83|0x0000000085300000, 0x0000000085400000, 0x0000000085400000|100%| O|  |TAMS 0x0000000085300000| PB 0x0000000085300000| Untracked 
|  84|0x0000000085400000, 0x0000000085500000, 0x0000000085500000|100%| O|  |TAMS 0x0000000085400000| PB 0x0000000085400000| Untracked 
|  85|0x0000000085500000, 0x00000000855fc910, 0x0000000085600000| 98%| O|  |TAMS 0x0000000085500000| PB 0x0000000085500000| Untracked 
|  86|0x0000000085600000, 0x0000000085600000, 0x0000000085700000|  0%| F|  |TAMS 0x0000000085600000| PB 0x0000000085600000| Untracked 
|  87|0x0000000085700000, 0x0000000085800000, 0x0000000085800000|100%| O|Cm|TAMS 0x0000000085700000| PB 0x0000000085700000| Complete 
|  88|0x0000000085800000, 0x0000000085800000, 0x0000000085900000|  0%| F|  |TAMS 0x0000000085800000| PB 0x0000000085800000| Untracked 
|  89|0x0000000085900000, 0x0000000085900000, 0x0000000085a00000|  0%| F|  |TAMS 0x0000000085900000| PB 0x0000000085900000| Untracked 
|  90|0x0000000085a00000, 0x0000000085a00000, 0x0000000085b00000|  0%| F|  |TAMS 0x0000000085a00000| PB 0x0000000085a00000| Untracked 
|  91|0x0000000085b00000, 0x0000000085b00000, 0x0000000085c00000|  0%| F|  |TAMS 0x0000000085b00000| PB 0x0000000085b00000| Untracked 
|  92|0x0000000085c00000, 0x0000000085c00000, 0x0000000085d00000|  0%| F|  |TAMS 0x0000000085c00000| PB 0x0000000085c00000| Untracked 
|  93|0x0000000085d00000, 0x0000000085d00000, 0x0000000085e00000|  0%| F|  |TAMS 0x0000000085d00000| PB 0x0000000085d00000| Untracked 
|  94|0x0000000085e00000, 0x0000000085e00000, 0x0000000085f00000|  0%| F|  |TAMS 0x0000000085e00000| PB 0x0000000085e00000| Untracked 
|  95|0x0000000085f00000, 0x0000000085f00000, 0x0000000086000000|  0%| F|  |TAMS 0x0000000085f00000| PB 0x0000000085f00000| Untracked 
|  96|0x0000000086000000, 0x0000000086000000, 0x0000000086100000|  0%| F|  |TAMS 0x0000000086000000| PB 0x0000000086000000| Untracked 
|  97|0x0000000086100000, 0x0000000086100000, 0x0000000086200000|  0%| F|  |TAMS 0x0000000086100000| PB 0x0000000086100000| Untracked 
|  98|0x0000000086200000, 0x0000000086200000, 0x0000000086300000|  0%| F|  |TAMS 0x0000000086200000| PB 0x0000000086200000| Untracked 
|  99|0x0000000086300000, 0x0000000086300000, 0x0000000086400000|  0%| F|  |TAMS 0x0000000086300000| PB 0x0000000086300000| Untracked 
| 100|0x0000000086400000, 0x0000000086400000, 0x0000000086500000|  0%| F|  |TAMS 0x0000000086400000| PB 0x0000000086400000| Untracked 
| 101|0x0000000086500000, 0x0000000086500000, 0x0000000086600000|  0%| F|  |TAMS 0x0000000086500000| PB 0x0000000086500000| Untracked 
| 102|0x0000000086600000, 0x0000000086600000, 0x0000000086700000|  0%| F|  |TAMS 0x0000000086600000| PB 0x0000000086600000| Untracked 
| 103|0x0000000086700000, 0x0000000086700000, 0x0000000086800000|  0%| F|  |TAMS 0x0000000086700000| PB 0x0000000086700000| Untracked 
| 104|0x0000000086800000, 0x00000000868f1f40, 0x0000000086900000| 94%| S|CS|TAMS 0x0000000086800000| PB 0x0000000086800000| Complete 
| 105|0x0000000086900000, 0x0000000086a00000, 0x0000000086a00000|100%| S|CS|TAMS 0x0000000086900000| PB 0x0000000086900000| Complete 
| 106|0x0000000086a00000, 0x0000000086b00000, 0x0000000086b00000|100%| S|CS|TAMS 0x0000000086a00000| PB 0x0000000086a00000| Complete 
| 107|0x0000000086b00000, 0x0000000086c00000, 0x0000000086c00000|100%| S|CS|TAMS 0x0000000086b00000| PB 0x0000000086b00000| Complete 
| 108|0x0000000086c00000, 0x0000000086d00000, 0x0000000086d00000|100%| S|CS|TAMS 0x0000000086c00000| PB 0x0000000086c00000| Complete 
| 109|0x0000000086d00000, 0x0000000086d00000, 0x0000000086e00000|  0%| F|  |TAMS 0x0000000086d00000| PB 0x0000000086d00000| Untracked 
| 110|0x0000000086e00000, 0x0000000086e00000, 0x0000000086f00000|  0%| F|  |TAMS 0x0000000086e00000| PB 0x0000000086e00000| Untracked 
| 111|0x0000000086f00000, 0x0000000086f00000, 0x0000000087000000|  0%| F|  |TAMS 0x0000000086f00000| PB 0x0000000086f00000| Untracked 
| 112|0x0000000087000000, 0x0000000087000000, 0x0000000087100000|  0%| F|  |TAMS 0x0000000087000000| PB 0x0000000087000000| Untracked 
| 113|0x0000000087100000, 0x0000000087100000, 0x0000000087200000|  0%| F|  |TAMS 0x0000000087100000| PB 0x0000000087100000| Untracked 
| 114|0x0000000087200000, 0x0000000087200000, 0x0000000087300000|  0%| F|  |TAMS 0x0000000087200000| PB 0x0000000087200000| Untracked 
| 115|0x0000000087300000, 0x0000000087300000, 0x0000000087400000|  0%| F|  |TAMS 0x0000000087300000| PB 0x0000000087300000| Untracked 
| 116|0x0000000087400000, 0x0000000087400000, 0x0000000087500000|  0%| F|  |TAMS 0x0000000087400000| PB 0x0000000087400000| Untracked 
| 117|0x0000000087500000, 0x0000000087500000, 0x0000000087600000|  0%| F|  |TAMS 0x0000000087500000| PB 0x0000000087500000| Untracked 
| 118|0x0000000087600000, 0x0000000087600000, 0x0000000087700000|  0%| F|  |TAMS 0x0000000087600000| PB 0x0000000087600000| Untracked 
| 119|0x0000000087700000, 0x0000000087700000, 0x0000000087800000|  0%| F|  |TAMS 0x0000000087700000| PB 0x0000000087700000| Untracked 
| 120|0x0000000087800000, 0x0000000087800000, 0x0000000087900000|  0%| F|  |TAMS 0x0000000087800000| PB 0x0000000087800000| Untracked 
| 121|0x0000000087900000, 0x0000000087900000, 0x0000000087a00000|  0%| F|  |TAMS 0x0000000087900000| PB 0x0000000087900000| Untracked 
| 122|0x0000000087a00000, 0x0000000087a00000, 0x0000000087b00000|  0%| F|  |TAMS 0x0000000087a00000| PB 0x0000000087a00000| Untracked 
| 123|0x0000000087b00000, 0x0000000087b00000, 0x0000000087c00000|  0%| F|  |TAMS 0x0000000087b00000| PB 0x0000000087b00000| Untracked 
| 124|0x0000000087c00000, 0x0000000087c00000, 0x0000000087d00000|  0%| F|  |TAMS 0x0000000087c00000| PB 0x0000000087c00000| Untracked 
| 125|0x0000000087d00000, 0x0000000087d00000, 0x0000000087e00000|  0%| F|  |TAMS 0x0000000087d00000| PB 0x0000000087d00000| Untracked 
| 126|0x0000000087e00000, 0x0000000087e00000, 0x0000000087f00000|  0%| F|  |TAMS 0x0000000087e00000| PB 0x0000000087e00000| Untracked 
| 127|0x0000000087f00000, 0x0000000087f00000, 0x0000000088000000|  0%| F|  |TAMS 0x0000000087f00000| PB 0x0000000087f00000| Untracked 
| 128|0x0000000088000000, 0x0000000088000000, 0x0000000088100000|  0%| F|  |TAMS 0x0000000088000000| PB 0x0000000088000000| Untracked 
| 129|0x0000000088100000, 0x0000000088100000, 0x0000000088200000|  0%| F|  |TAMS 0x0000000088100000| PB 0x0000000088100000| Untracked 
| 130|0x0000000088200000, 0x0000000088200000, 0x0000000088300000|  0%| F|  |TAMS 0x0000000088200000| PB 0x0000000088200000| Untracked 
| 131|0x0000000088300000, 0x0000000088300000, 0x0000000088400000|  0%| F|  |TAMS 0x0000000088300000| PB 0x0000000088300000| Untracked 
| 132|0x0000000088400000, 0x0000000088400000, 0x0000000088500000|  0%| F|  |TAMS 0x0000000088400000| PB 0x0000000088400000| Untracked 
| 133|0x0000000088500000, 0x0000000088500000, 0x0000000088600000|  0%| F|  |TAMS 0x0000000088500000| PB 0x0000000088500000| Untracked 
| 134|0x0000000088600000, 0x0000000088600000, 0x0000000088700000|  0%| F|  |TAMS 0x0000000088600000| PB 0x0000000088600000| Untracked 
| 135|0x0000000088700000, 0x0000000088700000, 0x0000000088800000|  0%| F|  |TAMS 0x0000000088700000| PB 0x0000000088700000| Untracked 
| 136|0x0000000088800000, 0x0000000088800000, 0x0000000088900000|  0%| F|  |TAMS 0x0000000088800000| PB 0x0000000088800000| Untracked 
| 137|0x0000000088900000, 0x0000000088900000, 0x0000000088a00000|  0%| F|  |TAMS 0x0000000088900000| PB 0x0000000088900000| Untracked 
| 138|0x0000000088a00000, 0x0000000088a00000, 0x0000000088b00000|  0%| F|  |TAMS 0x0000000088a00000| PB 0x0000000088a00000| Untracked 
| 139|0x0000000088b00000, 0x0000000088b00000, 0x0000000088c00000|  0%| F|  |TAMS 0x0000000088b00000| PB 0x0000000088b00000| Untracked 
| 140|0x0000000088c00000, 0x0000000088c00000, 0x0000000088d00000|  0%| F|  |TAMS 0x0000000088c00000| PB 0x0000000088c00000| Untracked 
| 141|0x0000000088d00000, 0x0000000088d00000, 0x0000000088e00000|  0%| F|  |TAMS 0x0000000088d00000| PB 0x0000000088d00000| Untracked 
| 142|0x0000000088e00000, 0x0000000088e00000, 0x0000000088f00000|  0%| F|  |TAMS 0x0000000088e00000| PB 0x0000000088e00000| Untracked 
| 143|0x0000000088f00000, 0x0000000088f00000, 0x0000000089000000|  0%| F|  |TAMS 0x0000000088f00000| PB 0x0000000088f00000| Untracked 
| 144|0x0000000089000000, 0x0000000089000000, 0x0000000089100000|  0%| F|  |TAMS 0x0000000089000000| PB 0x0000000089000000| Untracked 
| 145|0x0000000089100000, 0x0000000089100000, 0x0000000089200000|  0%| F|  |TAMS 0x0000000089100000| PB 0x0000000089100000| Untracked 
| 146|0x0000000089200000, 0x0000000089200000, 0x0000000089300000|  0%| F|  |TAMS 0x0000000089200000| PB 0x0000000089200000| Untracked 
| 147|0x0000000089300000, 0x0000000089300000, 0x0000000089400000|  0%| F|  |TAMS 0x0000000089300000| PB 0x0000000089300000| Untracked 
| 148|0x0000000089400000, 0x0000000089400000, 0x0000000089500000|  0%| F|  |TAMS 0x0000000089400000| PB 0x0000000089400000| Untracked 
| 149|0x0000000089500000, 0x0000000089500000, 0x0000000089600000|  0%| F|  |TAMS 0x0000000089500000| PB 0x0000000089500000| Untracked 
| 150|0x0000000089600000, 0x0000000089600000, 0x0000000089700000|  0%| F|  |TAMS 0x0000000089600000| PB 0x0000000089600000| Untracked 
|2040|0x00000000ff800000, 0x00000000ff800000, 0x00000000ff900000|  0%| F|  |TAMS 0x00000000ff800000| PB 0x00000000ff800000| Untracked 
|2041|0x00000000ff900000, 0x00000000ffa00000, 0x00000000ffa00000|100%| E|  |TAMS 0x00000000ff900000| PB 0x00000000ff900000| Complete 
|2042|0x00000000ffa00000, 0x00000000ffb00000, 0x00000000ffb00000|100%| E|CS|TAMS 0x00000000ffa00000| PB 0x00000000ffa00000| Complete 
|2043|0x00000000ffb00000, 0x00000000ffc00000, 0x00000000ffc00000|100%| O|  |TAMS 0x00000000ffb00000| PB 0x00000000ffb00000| Untracked 
|2044|0x00000000ffc00000, 0x00000000ffd00000, 0x00000000ffd00000|100%| O|  |TAMS 0x00000000ffc00000| PB 0x00000000ffc00000| Untracked 
|2045|0x00000000ffd00000, 0x00000000ffe00000, 0x00000000ffe00000|100%| O|  |TAMS 0x00000000ffd00000| PB 0x00000000ffd00000| Untracked 
|2046|0x00000000ffe00000, 0x00000000fff00000, 0x00000000fff00000|100%| O|  |TAMS 0x00000000ffe00000| PB 0x00000000ffe00000| Untracked 
|2047|0x00000000fff00000, 0x0000000100000000, 0x0000000100000000|100%| O|  |TAMS 0x00000000fff00000| PB 0x00000000fff00000| Untracked 

Card table byte_map: [0x000001cd7d870000,0x000001cd7dc70000] _byte_map_base: 0x000001cd7d470000

Marking Bits: (CMBitMap*) 0x000001cd77b0e760
 Bits: [0x000001cd7dc70000, 0x000001cd7fc70000)

Polling page: 0x000001cd77bd0000

Metaspace:

Usage:
  Non-class:     90.30 MB used.
      Class:     14.39 MB used.
       Both:    104.69 MB used.

Virtual space:
  Non-class space:      128.00 MB reserved,      91.38 MB ( 71%) committed,  2 nodes.
      Class space:        1.00 GB reserved,      15.44 MB (  2%) committed,  1 nodes.
             Both:        1.12 GB reserved,     106.81 MB (  9%) committed. 

Chunk freelists:
   Non-Class:  4.36 MB
       Class:  454.00 KB
        Both:  4.80 MB

MaxMetaspaceSize: unlimited
CompressedClassSpaceSize: 1.00 GB
Initial GC threshold: 21.00 MB
Current GC threshold: 170.88 MB
CDS: off
 - commit_granule_bytes: 65536.
 - commit_granule_words: 8192.
 - virtual_space_node_default_size: 8388608.
 - enlarge_chunks_in_place: 1.
 - use_allocation_guard: 0.


Internal statistics:

num_allocs_failed_limit: 9.
num_arena_births: 4136.
num_arena_deaths: 0.
num_vsnodes_births: 3.
num_vsnodes_deaths: 0.
num_space_committed: 1709.
num_space_uncommitted: 0.
num_chunks_returned_to_freelist: 9.
num_chunks_taken_from_freelist: 8653.
num_chunk_merges: 9.
num_chunk_splits: 5643.
num_chunks_enlarged: 3570.
num_inconsistent_stats: 0.

CodeHeap 'non-profiled nmethods': size=120000Kb used=5241Kb max_used=5241Kb free=114758Kb
 bounds [0x000001cd07ad0000, 0x000001cd07ff0000, 0x000001cd0f000000]
CodeHeap 'profiled nmethods': size=120000Kb used=18153Kb max_used=18153Kb free=101846Kb
 bounds [0x000001cd00000000, 0x000001cd011c0000, 0x000001cd07530000]
CodeHeap 'non-nmethods': size=5760Kb used=2115Kb max_used=2140Kb free=3644Kb
 bounds [0x000001cd07530000, 0x000001cd077a0000, 0x000001cd07ad0000]
 total_blobs=10619 nmethods=9760 adapters=761
 compilation: enabled
              stopped_count=0, restarted_count=0
 full_count=0

Compilation events (20 events):
Event: 25.495 Thread 0x000001cd11b383f0 nmethod 11350 0x000001cd07fe9a10 code [0x000001cd07fe9ba0, 0x000001cd07fe9c68]
Event: 25.500 Thread 0x000001cd11b36950 nmethod 11346 0x000001cd07fe9d10 code [0x000001cd07fe9ec0, 0x000001cd07fea250]
Event: 25.500 Thread 0x000001cd11b36950 11345       4       java.util.regex.Pattern$NotBehind::match (137 bytes)
Event: 25.504 Thread 0x000001cd11b383f0 11353       1       com.google.gson.reflect.TypeToken::hashCode (5 bytes)
Event: 25.504 Thread 0x000001cd11b383f0 nmethod 11353 0x000001cd07fea510 code [0x000001cd07fea6a0, 0x000001cd07fea768]
Event: 25.505 Thread 0x000001cd11b383f0 11354       1       com.google.gson.reflect.TypeToken::getType (5 bytes)
Event: 25.505 Thread 0x000001cd11b383f0 nmethod 11354 0x000001cd07fea810 code [0x000001cd07fea9a0, 0x000001cd07feaa68]
Event: 25.517 Thread 0x000001cd11b36950 nmethod 11345 0x000001cd07feab10 code [0x000001cd07fead40, 0x000001cd07feb8b0]
Event: 25.517 Thread 0x000001cd11b36950 11344       4       java.util.regex.Pattern$Behind::match (137 bytes)
Event: 25.522 Thread 0x000001cd11b383f0 11359       3       java.lang.invoke.MethodHandles::argumentsWithCombinerChecks (197 bytes)
Event: 25.525 Thread 0x000001cd11b383f0 nmethod 11359 0x000001cd01198610 code [0x000001cd01198a40, 0x000001cd0119a2d0]
Event: 25.525 Thread 0x000001cd11b383f0 11358       3       java.lang.invoke.MethodHandles::argumentsWithCombiner (130 bytes)
Event: 25.526 Thread 0x000001cd11b383f0 nmethod 11358 0x000001cd0119ae10 code [0x000001cd0119b0c0, 0x000001cd0119bf20]
Event: 25.530 Thread 0x000001cd11b36950 nmethod 11344 0x000001cd07fec790 code [0x000001cd07fec9a0, 0x000001cd07fed2f8]
Event: 25.531 Thread 0x000001cd11b36950 11360       4       java.util.regex.Pattern::compile (537 bytes)
Event: 25.584 Thread 0x000001cd11b383f0 11361       3       org.gradle.internal.instantiation.generator.AbstractClassGenerator$ManagedPropertiesHandler::applyTo (180 bytes)
Event: 25.586 Thread 0x000001cd11b383f0 nmethod 11361 0x000001cd0119c610 code [0x000001cd0119ca00, 0x000001cd0119e558]
Event: 25.586 Thread 0x000001cd11b383f0 11363       1       org.gradle.internal.instantiation.generator.AbstractClassGenerator$ExtensibleTypePropertyHandler::access$1400 (5 bytes)
Event: 25.586 Thread 0x000001cd11b383f0 nmethod 11363 0x000001cd07fed990 code [0x000001cd07fedb20, 0x000001cd07fedbd0]
Event: 25.586 Thread 0x000001cd11b383f0 11364       3       org.gradle.internal.instantiation.generator.AsmBackedClassGenerator$ClassBuilderImpl$23::<init> (275 bytes)

GC Heap History (20 events):
Event: 15.551 GC heap before
{Heap before GC invocations=22 (full 0):
 garbage-first heap   total 131072K, used 116306K [0x0000000080000000, 0x0000000100000000)
  region size 1024K, 49 young (50176K), 5 survivors (5120K)
 Metaspace       used 76135K, committed 78016K, reserved 1179648K
  class space    used 10314K, committed 11264K, reserved 1048576K
}
Event: 15.557 GC heap after
{Heap after GC invocations=23 (full 0):
 garbage-first heap   total 131072K, used 72896K [0x0000000080000000, 0x0000000100000000)
  region size 1024K, 2 young (2048K), 2 survivors (2048K)
 Metaspace       used 76135K, committed 78016K, reserved 1179648K
  class space    used 10314K, committed 11264K, reserved 1048576K
}
Event: 16.434 GC heap before
{Heap before GC invocations=24 (full 0):
 garbage-first heap   total 131072K, used 123072K [0x0000000080000000, 0x0000000100000000)
  region size 1024K, 46 young (47104K), 2 survivors (2048K)
 Metaspace       used 79545K, committed 81408K, reserved 1179648K
  class space    used 10739K, committed 11648K, reserved 1048576K
}
Event: 16.440 GC heap after
{Heap after GC invocations=25 (full 0):
 garbage-first heap   total 131072K, used 78895K [0x0000000080000000, 0x0000000100000000)
  region size 1024K, 6 young (6144K), 6 survivors (6144K)
 Metaspace       used 79545K, committed 81408K, reserved 1179648K
  class space    used 10739K, committed 11648K, reserved 1048576K
}
Event: 17.287 GC heap before
{Heap before GC invocations=25 (full 0):
 garbage-first heap   total 131072K, used 116783K [0x0000000080000000, 0x0000000100000000)
  region size 1024K, 43 young (44032K), 6 survivors (6144K)
 Metaspace       used 82745K, committed 84672K, reserved 1179648K
  class space    used 11149K, committed 12096K, reserved 1048576K
}
Event: 17.294 GC heap after
{Heap after GC invocations=26 (full 0):
 garbage-first heap   total 131072K, used 80532K [0x0000000080000000, 0x0000000100000000)
  region size 1024K, 3 young (3072K), 3 survivors (3072K)
 Metaspace       used 82745K, committed 84672K, reserved 1179648K
  class space    used 11149K, committed 12096K, reserved 1048576K
}
Event: 18.259 GC heap before
{Heap before GC invocations=26 (full 0):
 garbage-first heap   total 131072K, used 119444K [0x0000000080000000, 0x0000000100000000)
  region size 1024K, 41 young (41984K), 3 survivors (3072K)
 Metaspace       used 86731K, committed 88576K, reserved 1179648K
  class space    used 11662K, committed 12544K, reserved 1048576K
}
Event: 18.264 GC heap after
{Heap after GC invocations=27 (full 0):
 garbage-first heap   total 131072K, used 82486K [0x0000000080000000, 0x0000000100000000)
  region size 1024K, 4 young (4096K), 4 survivors (4096K)
 Metaspace       used 86731K, committed 88576K, reserved 1179648K
  class space    used 11662K, committed 12544K, reserved 1048576K
}
Event: 19.096 GC heap before
{Heap before GC invocations=28 (full 0):
 garbage-first heap   total 138240K, used 121398K [0x0000000080000000, 0x0000000100000000)
  region size 1024K, 39 young (39936K), 4 survivors (4096K)
 Metaspace       used 89128K, committed 91072K, reserved 1179648K
  class space    used 12018K, committed 12992K, reserved 1048576K
}
Event: 19.102 GC heap after
{Heap after GC invocations=29 (full 0):
 garbage-first heap   total 138240K, used 87203K [0x0000000080000000, 0x0000000100000000)
  region size 1024K, 4 young (4096K), 4 survivors (4096K)
 Metaspace       used 89128K, committed 91072K, reserved 1179648K
  class space    used 12018K, committed 12992K, reserved 1048576K
}
Event: 19.790 GC heap before
{Heap before GC invocations=29 (full 0):
 garbage-first heap   total 138240K, used 125091K [0x0000000080000000, 0x0000000100000000)
  region size 1024K, 41 young (41984K), 4 survivors (4096K)
 Metaspace       used 89955K, committed 91904K, reserved 1179648K
  class space    used 12111K, committed 13120K, reserved 1048576K
}
Event: 19.798 GC heap after
{Heap after GC invocations=30 (full 0):
 garbage-first heap   total 138240K, used 90611K [0x0000000080000000, 0x0000000100000000)
  region size 1024K, 6 young (6144K), 6 survivors (6144K)
 Metaspace       used 89955K, committed 91904K, reserved 1179648K
  class space    used 12111K, committed 13120K, reserved 1048576K
}
Event: 20.478 GC heap before
{Heap before GC invocations=30 (full 0):
 garbage-first heap   total 138240K, used 122355K [0x0000000080000000, 0x0000000100000000)
  region size 1024K, 38 young (38912K), 6 survivors (6144K)
 Metaspace       used 92466K, committed 94528K, reserved 1179648K
  class space    used 12460K, committed 13504K, reserved 1048576K
}
Event: 20.484 GC heap after
{Heap after GC invocations=31 (full 0):
 garbage-first heap   total 138240K, used 93086K [0x0000000080000000, 0x0000000100000000)
  region size 1024K, 3 young (3072K), 3 survivors (3072K)
 Metaspace       used 92466K, committed 94528K, reserved 1179648K
  class space    used 12460K, committed 13504K, reserved 1048576K
}
Event: 21.475 GC heap before
{Heap before GC invocations=32 (full 0):
 garbage-first heap   total 158720K, used 125854K [0x0000000080000000, 0x0000000100000000)
  region size 1024K, 34 young (34816K), 3 survivors (3072K)
 Metaspace       used 94953K, committed 96960K, reserved 1179648K
  class space    used 12885K, committed 13888K, reserved 1048576K
}
Event: 21.479 GC heap after
{Heap after GC invocations=33 (full 0):
 garbage-first heap   total 158720K, used 93257K [0x0000000080000000, 0x0000000100000000)
  region size 1024K, 3 young (3072K), 3 survivors (3072K)
 Metaspace       used 94953K, committed 96960K, reserved 1179648K
  class space    used 12885K, committed 13888K, reserved 1048576K
}
Event: 22.940 GC heap before
{Heap before GC invocations=33 (full 0):
 garbage-first heap   total 158720K, used 145481K [0x0000000080000000, 0x0000000100000000)
  region size 1024K, 54 young (55296K), 3 survivors (3072K)
 Metaspace       used 98901K, committed 101056K, reserved 1179648K
  class space    used 13522K, committed 14592K, reserved 1048576K
}
Event: 22.948 GC heap after
{Heap after GC invocations=34 (full 0):
 garbage-first heap   total 158720K, used 94288K [0x0000000080000000, 0x0000000100000000)
  region size 1024K, 5 young (5120K), 5 survivors (5120K)
 Metaspace       used 98901K, committed 101056K, reserved 1179648K
  class space    used 13522K, committed 14592K, reserved 1048576K
}
Event: 24.374 GC heap before
{Heap before GC invocations=34 (full 0):
 garbage-first heap   total 158720K, used 143440K [0x0000000080000000, 0x0000000100000000)
  region size 1024K, 53 young (54272K), 5 survivors (5120K)
 Metaspace       used 102616K, committed 104832K, reserved 1179648K
  class space    used 14063K, committed 15168K, reserved 1048576K
}
Event: 24.383 GC heap after
{Heap after GC invocations=35 (full 0):
 garbage-first heap   total 158720K, used 97209K [0x0000000080000000, 0x0000000100000000)
  region size 1024K, 6 young (6144K), 6 survivors (6144K)
 Metaspace       used 102616K, committed 104832K, reserved 1179648K
  class space    used 14063K, committed 15168K, reserved 1048576K
}

Dll operation events (3 events):
Event: 0.016 Loaded shared library C:\Program Files\Android\Android Studio\jbr\bin\java.dll
Event: 0.026 Loaded shared library C:\Program Files\Android\Android Studio\jbr\bin\zip.dll
Event: 1.078 Loaded shared library C:\Program Files\Android\Android Studio\jbr\bin\verify.dll

Deoptimization events (20 events):
Event: 24.795 Thread 0x000001cd17aa7200 DEOPT PACKING pc=0x000001cd07b1f4b8 sp=0x000000683c8f8e50
Event: 24.795 Thread 0x000001cd17aa7200 DEOPT UNPACKING pc=0x000001cd075846a2 sp=0x000000683c8f8dc8 mode 2
Event: 24.984 Thread 0x000001cd17aa7200 DEOPT PACKING pc=0x000001cd008af996 sp=0x000000683c8f1a40
Event: 24.984 Thread 0x000001cd17aa7200 DEOPT UNPACKING pc=0x000001cd07584e42 sp=0x000000683c8f0f38 mode 0
Event: 25.477 Thread 0x000001cd17aa7200 Uncommon trap: trap_request=0xffffff45 fr.pc=0x000001cd07ef3fdc relative=0x00000000000002fc
Event: 25.477 Thread 0x000001cd17aa7200 Uncommon trap: reason=unstable_if action=reinterpret pc=0x000001cd07ef3fdc method=java.util.regex.Matcher.find()Z @ 10 c2
Event: 25.477 Thread 0x000001cd17aa7200 DEOPT PACKING pc=0x000001cd07ef3fdc sp=0x000000683c8f8980
Event: 25.477 Thread 0x000001cd17aa7200 DEOPT UNPACKING pc=0x000001cd075846a2 sp=0x000000683c8f8920 mode 2
Event: 25.490 Thread 0x000001cd17aa7200 Uncommon trap: trap_request=0xffffff45 fr.pc=0x000001cd07bde5b0 relative=0x00000000000002d0
Event: 25.490 Thread 0x000001cd17aa7200 Uncommon trap: reason=unstable_if action=reinterpret pc=0x000001cd07bde5b0 method=java.lang.CharacterDataLatin1.digit(II)I @ 12 c2
Event: 25.490 Thread 0x000001cd17aa7200 DEOPT PACKING pc=0x000001cd07bde5b0 sp=0x000000683c8f8de0
Event: 25.490 Thread 0x000001cd17aa7200 DEOPT UNPACKING pc=0x000001cd075846a2 sp=0x000000683c8f8c00 mode 2
Event: 25.491 Thread 0x000001cd17aa7200 Uncommon trap: trap_request=0xffffff45 fr.pc=0x000001cd07af4160 relative=0x0000000000000660
Event: 25.491 Thread 0x000001cd17aa7200 Uncommon trap: reason=unstable_if action=reinterpret pc=0x000001cd07af4160 method=java.lang.invoke.LambdaForm$BasicType.basicType(C)Ljava/lang/invoke/LambdaForm$BasicType; @ 1 c2
Event: 25.491 Thread 0x000001cd17aa7200 DEOPT PACKING pc=0x000001cd07af4160 sp=0x000000683c8f8460
Event: 25.492 Thread 0x000001cd17aa7200 DEOPT UNPACKING pc=0x000001cd075846a2 sp=0x000000683c8f82f8 mode 2
Event: 25.523 Thread 0x000001cd17aa7200 DEOPT PACKING pc=0x000001cd00954a14 sp=0x000000683c8f88b0
Event: 25.523 Thread 0x000001cd17aa7200 DEOPT UNPACKING pc=0x000001cd07584e42 sp=0x000000683c8f7dd0 mode 0
Event: 25.584 Thread 0x000001cd17aa7200 DEOPT PACKING pc=0x000001cd01015b28 sp=0x000000683c8f8fa0
Event: 25.584 Thread 0x000001cd17aa7200 DEOPT UNPACKING pc=0x000001cd07584e42 sp=0x000000683c8f8488 mode 0

Classes loaded (20 events):
Event: 25.466 Loading class com/sun/org/apache/xerces/internal/impl/XMLScanner$NameType
Event: 25.466 Loading class com/sun/org/apache/xerces/internal/impl/XMLScanner$NameType done
Event: 25.468 Loading class com/sun/org/apache/xerces/internal/impl/Constants
Event: 25.469 Loading class com/sun/org/apache/xerces/internal/impl/Constants done
Event: 25.470 Loading class com/sun/org/apache/xerces/internal/impl/Constants$ArrayEnumeration
Event: 25.470 Loading class com/sun/org/apache/xerces/internal/impl/Constants$ArrayEnumeration done
Event: 25.472 Loading class org/xml/sax/helpers/AttributesImpl
Event: 25.472 Loading class org/xml/sax/helpers/AttributesImpl done
Event: 25.474 Loading class java/util/regex/Pattern$Behind
Event: 25.474 Loading class java/util/regex/Pattern$Behind done
Event: 25.474 Loading class java/util/regex/Pattern$Neg
Event: 25.474 Loading class java/util/regex/Pattern$Neg done
Event: 25.489 Loading class javax/xml/datatype/DatatypeConfigurationException
Event: 25.489 Loading class javax/xml/datatype/DatatypeConfigurationException done
Event: 25.492 Loading class jdk/internal/reflect/MethodHandleBooleanFieldAccessorImpl
Event: 25.492 Loading class jdk/internal/reflect/MethodHandleBooleanFieldAccessorImpl done
Event: 25.496 Loading class com/sun/org/apache/xerces/internal/impl/io/MalformedByteSequenceException
Event: 25.496 Loading class java/io/CharConversionException
Event: 25.496 Loading class java/io/CharConversionException done
Event: 25.496 Loading class com/sun/org/apache/xerces/internal/impl/io/MalformedByteSequenceException done

Classes unloaded (0 events):
No events

Classes redefined (0 events):
No events

Internal exceptions (20 events):
Event: 22.697 Thread 0x000001cd17aa7200 Exception <a 'java/lang/ClassNotFoundException'{0x0000000086677618}: com/android/build/gradle/internal/api/ApkVariantOutputImplBeanInfo> (0x0000000086677618) 
thrown [s\src\hotspot\share\classfile\systemDictionary.cpp, line 312]
Event: 22.698 Thread 0x000001cd17aa7200 Exception <a 'java/lang/ClassNotFoundException'{0x00000000866856b8}: com/android/build/gradle/internal/api/BaseVariantOutputImplBeanInfo> (0x00000000866856b8) 
thrown [s\src\hotspot\share\classfile\systemDictionary.cpp, line 312]
Event: 22.699 Thread 0x000001cd17aa7200 Exception <a 'java/lang/ClassNotFoundException'{0x0000000086692740}: com/android/build/gradle/internal/api/BaseVariantOutputImplCustomizer> (0x0000000086692740) 
thrown [s\src\hotspot\share\classfile\systemDictionary.cpp, line 312]
Event: 22.702 Thread 0x000001cd17aa7200 Exception <a 'java/lang/ClassNotFoundException'{0x00000000866b2270}: com/android/build/gradle/internal/api/ApkVariantOutputImplCustomizer> (0x00000000866b2270) 
thrown [s\src\hotspot\share\classfile\systemDictionary.cpp, line 312]
Event: 22.705 Thread 0x000001cd17aa7200 Exception <a 'java/lang/ClassNotFoundException'{0x00000000866cd188}: com/android/build/gradle/internal/api/ApkVariantOutputImpl_DecoratedCustomizer> (0x00000000866cd188) 
thrown [s\src\hotspot\share\classfile\systemDictionary.cpp, line 312]
Event: 22.932 Thread 0x000001cd17aa7200 Exception <a 'java/lang/ClassNotFoundException'{0x0000000085eb0b78}: com/android/build/gradle/internal/api/ReadOnlyBuildTypeBeanInfo> (0x0000000085eb0b78) 
thrown [s\src\hotspot\share\classfile\systemDictionary.cpp, line 312]
Event: 22.933 Thread 0x000001cd17aa7200 Exception <a 'java/lang/ClassNotFoundException'{0x0000000085ebebb8}: com/android/build/gradle/internal/api/ReadOnlyBaseConfigBeanInfo> (0x0000000085ebebb8) 
thrown [s\src\hotspot\share\classfile\systemDictionary.cpp, line 312]
Event: 22.935 Thread 0x000001cd17aa7200 Exception <a 'java/lang/ClassNotFoundException'{0x0000000085eccc20}: com/android/build/gradle/internal/api/ReadOnlyBaseConfigCustomizer> (0x0000000085eccc20) 
thrown [s\src\hotspot\share\classfile\systemDictionary.cpp, line 312]
Event: 22.938 Thread 0x000001cd17aa7200 Exception <a 'java/lang/ClassNotFoundException'{0x0000000085eebbd0}: com/android/build/gradle/internal/api/ReadOnlyBuildTypeCustomizer> (0x0000000085eebbd0) 
thrown [s\src\hotspot\share\classfile\systemDictionary.cpp, line 312]
Event: 23.928 Thread 0x000001cd17aa7200 Exception <a 'java/lang/NoSuchMethodError'{0x0000000087796ae8}: 'java.lang.Object java.lang.invoke.DirectMethodHandle$Holder.newInvokeSpecial(java.lang.Object, java.lang.Object, java.lang.Object, java.lang.Object, java.lang.Object, java.lang.Object, int)'> (0x0000000087796ae8) 
thrown [s\src\hotspot\share\interpreter\linkResolver.cpp, line 784]
Event: 23.929 Thread 0x000001cd17aa7200 Exception <a 'java/lang/NoSuchMethodError'{0x000000008779ba58}: 'java.lang.Object java.lang.invoke.DirectMethodHandle$Holder.invokeSpecial(java.lang.Object, java.lang.Object, java.lang.Object, java.lang.Object, java.lang.Object, java.lang.Object, java.lang.Object, int)'> (0x000000008779ba58) 
thrown [s\src\hotspot\share\interpreter\linkResolver.cpp, line 784]
Event: 23.929 Thread 0x000001cd17aa7200 Exception <a 'java/lang/NoSuchMethodError'{0x00000000877a0370}: 'java.lang.Object java.lang.invoke.Invokers$Holder.linkToTargetMethod(java.lang.Object, java.lang.Object, java.lang.Object, java.lang.Object, java.lang.Object, int, java.lang.Object)'> (0x00000000877a0370) 
thrown [s\src\hotspot\share\interpreter\linkResolver.cpp, line 784]
Event: 24.118 Thread 0x000001cd17aa7200 Implicit null exception at 0x000001cd07b4f6a8 to 0x000001cd07b513f8
Event: 24.597 Thread 0x000001cd17aa7200 Exception <a 'sun/nio/fs/WindowsException'{0x0000000089478520}> (0x0000000089478520) 
thrown [s\src\hotspot\share\prims\jni.cpp, line 535]
Event: 24.598 Thread 0x000001cd17aa7200 Exception <a 'sun/nio/fs/WindowsException'{0x0000000089479b80}> (0x0000000089479b80) 
thrown [s\src\hotspot\share\prims\jni.cpp, line 535]
Event: 24.598 Thread 0x000001cd17aa7200 Exception <a 'sun/nio/fs/WindowsException'{0x000000008947b230}> (0x000000008947b230) 
thrown [s\src\hotspot\share\prims\jni.cpp, line 535]
Event: 24.598 Thread 0x000001cd17aa7200 Exception <a 'sun/nio/fs/WindowsException'{0x000000008947c8e0}> (0x000000008947c8e0) 
thrown [s\src\hotspot\share\prims\jni.cpp, line 535]
Event: 24.935 Thread 0x000001cd17aa7200 Exception <a 'java/lang/NullPointerException'{0x0000000088877790}> (0x0000000088877790) 
thrown [s\src\hotspot\share\interpreter\linkResolver.cpp, line 1471]
Event: 25.493 Thread 0x000001cd17aa7200 Exception <a 'java/lang/NoSuchMethodError'{0x0000000087246e40}: 'void java.lang.invoke.DelegatingMethodHandle$Holder.reinvoke_L(java.lang.Object, java.lang.Object, int)'> (0x0000000087246e40) 
thrown [s\src\hotspot\share\interpreter\linkResolver.cpp, line 784]
Event: 25.493 Thread 0x000001cd17aa7200 Exception <a 'java/lang/NoSuchMethodError'{0x000000008724e448}: 'void java.lang.invoke.Invokers$Holder.invokeExact_MT(java.lang.Object, java.lang.Object, int, java.lang.Object)'> (0x000000008724e448) 
thrown [s\src\hotspot\share\interpreter\linkResolver.cpp, line 784]

ZGC Phase Switch (0 events):
No events

VM Operations (20 events):
Event: 22.940 Executing VM operation: G1CollectForAllocation (G1 Evacuation Pause)
Event: 22.948 Executing VM operation: G1CollectForAllocation (G1 Evacuation Pause) done
Event: 23.717 Executing VM operation: HandshakeAllThreads (Deoptimize)
Event: 23.717 Executing VM operation: HandshakeAllThreads (Deoptimize) done
Event: 23.838 Executing VM operation: HandshakeAllThreads (Deoptimize)
Event: 23.838 Executing VM operation: HandshakeAllThreads (Deoptimize) done
Event: 23.937 Executing VM operation: ICBufferFull
Event: 23.938 Executing VM operation: ICBufferFull done
Event: 24.374 Executing VM operation: G1CollectForAllocation (G1 Evacuation Pause)
Event: 24.383 Executing VM operation: G1CollectForAllocation (G1 Evacuation Pause) done
Event: 24.463 Executing VM operation: G1PauseRemark
Event: 24.471 Executing VM operation: G1PauseRemark done
Event: 24.506 Executing VM operation: G1PauseCleanup
Event: 24.506 Executing VM operation: G1PauseCleanup done
Event: 24.818 Executing VM operation: HandshakeAllThreads (Deoptimize)
Event: 24.818 Executing VM operation: HandshakeAllThreads (Deoptimize) done
Event: 25.438 Executing VM operation: HandshakeAllThreads (Deoptimize)
Event: 25.438 Executing VM operation: HandshakeAllThreads (Deoptimize) done
Event: 25.502 Executing VM operation: HandshakeAllThreads (Deoptimize)
Event: 25.502 Executing VM operation: HandshakeAllThreads (Deoptimize) done

Memory protections (0 events):
No events

Nmethod flushes (20 events):
Event: 24.468 Thread 0x000001cd11901840 flushing  nmethod 0x000001cd0081ea10
Event: 24.468 Thread 0x000001cd11901840 flushing  nmethod 0x000001cd00849810
Event: 24.468 Thread 0x000001cd11901840 flushing  nmethod 0x000001cd00a3fc90
Event: 24.468 Thread 0x000001cd11901840 flushing  nmethod 0x000001cd00b40810
Event: 24.468 Thread 0x000001cd11901840 flushing  nmethod 0x000001cd07c81910
Event: 24.468 Thread 0x000001cd11901840 flushing  nmethod 0x000001cd000ea610
Event: 24.468 Thread 0x000001cd11901840 flushing  nmethod 0x000001cd000ec290
Event: 24.468 Thread 0x000001cd11901840 flushing  nmethod 0x000001cd00145210
Event: 24.468 Thread 0x000001cd11901840 flushing  nmethod 0x000001cd00505610
Event: 24.468 Thread 0x000001cd11901840 flushing  nmethod 0x000001cd005da190
Event: 24.468 Thread 0x000001cd11901840 flushing  nmethod 0x000001cd0075f410
Event: 24.468 Thread 0x000001cd11901840 flushing  nmethod 0x000001cd00851910
Event: 24.468 Thread 0x000001cd11901840 flushing  nmethod 0x000001cd00ae0090
Event: 24.468 Thread 0x000001cd11901840 flushing  nmethod 0x000001cd000c0b10
Event: 24.468 Thread 0x000001cd11901840 flushing  nmethod 0x000001cd00195890
Event: 24.468 Thread 0x000001cd11901840 flushing  nmethod 0x000001cd00215710
Event: 24.468 Thread 0x000001cd11901840 flushing  nmethod 0x000001cd002dd110
Event: 24.468 Thread 0x000001cd11901840 flushing  nmethod 0x000001cd00656690
Event: 24.468 Thread 0x000001cd11901840 flushing  nmethod 0x000001cd006dde90
Event: 24.468 Thread 0x000001cd11901840 flushing  nmethod 0x000001cd00892790

Events (20 events):
Event: 12.246 Thread 0x000001cd17aa7200 Thread added: 0x000001cd18072000
Event: 12.249 Thread 0x000001cd17aa7200 Thread added: 0x000001cd180705c0
Event: 12.253 Thread 0x000001cd17aa7200 Thread added: 0x000001cd18074760
Event: 12.257 Thread 0x000001cd17aa7200 Thread added: 0x000001cd1806ff30
Event: 12.262 Thread 0x000001cd17aa7200 Thread added: 0x000001cd18072690
Event: 12.588 Thread 0x000001cd17aa7200 Thread added: 0x000001cd180740d0
Event: 12.589 Thread 0x000001cd17aa7200 Thread added: 0x000001cd18070c50
Event: 12.591 Thread 0x000001cd17aa7200 Thread added: 0x000001cd18071970
Event: 12.592 Thread 0x000001cd17aa7200 Thread added: 0x000001cd18075b10
Event: 12.593 Thread 0x000001cd17aa7200 Thread added: 0x000001cd18074df0
Event: 12.593 Thread 0x000001cd17aa7200 Thread added: 0x000001cd180733b0
Event: 12.594 Thread 0x000001cd17aa7200 Thread added: 0x000001cd18076830
Event: 12.595 Thread 0x000001cd17aa7200 Thread added: 0x000001cd18072d20
Event: 12.596 Thread 0x000001cd17aa7200 Thread added: 0x000001cd180761a0
Event: 12.597 Thread 0x000001cd17aa7200 Thread added: 0x000001cd18076ec0
Event: 12.598 Thread 0x000001cd17aa7200 Thread added: 0x000001cd1c43e000
Event: 13.960 Thread 0x000001cd193c2d50 Thread exited: 0x000001cd193c2d50
Event: 14.669 Thread 0x000001cd17aa7200 Thread added: 0x000001cd1c4400d0
Event: 15.392 Thread 0x000001cd17aa7200 Thread added: 0x000001cd1c43b210
Event: 17.753 Thread 0x000001cd17aa7200 Thread added: 0x000001cd1c43e690


Dynamic libraries:
0x00007ff601940000 - 0x00007ff60194a000 	C:\Program Files\Android\Android Studio\jbr\bin\java.exe
0x00007ffcf52d0000 - 0x00007ffcf54e7000 	C:\Windows\SYSTEM32\ntdll.dll
0x00007ffcc7260000 - 0x00007ffcc727b000 	C:\Program Files\Avast Software\Avast\aswhook.dll
0x00007ffcf3eb0000 - 0x00007ffcf3f74000 	C:\Windows\System32\KERNEL32.DLL
0x00007ffcf27b0000 - 0x00007ffcf2b83000 	C:\Windows\System32\KERNELBASE.dll
0x00007ffcf24f0000 - 0x00007ffcf2601000 	C:\Windows\System32\ucrtbase.dll
0x00007ffcee3a0000 - 0x00007ffcee3bb000 	C:\Program Files\Android\Android Studio\jbr\bin\VCRUNTIME140.dll
0x00007ffcdd300000 - 0x00007ffcdd318000 	C:\Program Files\Android\Android Studio\jbr\bin\jli.dll
0x00007ffcf3cb0000 - 0x00007ffcf3e61000 	C:\Windows\System32\USER32.dll
0x00007ffcf2780000 - 0x00007ffcf27a6000 	C:\Windows\System32\win32u.dll
0x00007ffcd5c10000 - 0x00007ffcd5eab000 	C:\Windows\WinSxS\amd64_microsoft.windows.common-controls_6595b64144ccf1df_6.0.22621.5262_none_2712bde373830908\COMCTL32.dll
0x00007ffcf3950000 - 0x00007ffcf3979000 	C:\Windows\System32\GDI32.dll
0x00007ffcf51e0000 - 0x00007ffcf5287000 	C:\Windows\System32\msvcrt.dll
0x00007ffcf23c0000 - 0x00007ffcf24e2000 	C:\Windows\System32\gdi32full.dll
0x00007ffcf2c90000 - 0x00007ffcf2d2a000 	C:\Windows\System32\msvcp_win.dll
0x00007ffcf3e70000 - 0x00007ffcf3ea1000 	C:\Windows\System32\IMM32.DLL
0x00007ffcee390000 - 0x00007ffcee39c000 	C:\Program Files\Android\Android Studio\jbr\bin\vcruntime140_1.dll
0x00007ffcd5430000 - 0x00007ffcd54bd000 	C:\Program Files\Android\Android Studio\jbr\bin\msvcp140.dll
0x00007ffcaceb0000 - 0x00007ffcadb3b000 	C:\Program Files\Android\Android Studio\jbr\bin\server\jvm.dll
0x00007ffcf42f0000 - 0x00007ffcf43a1000 	C:\Windows\System32\ADVAPI32.dll
0x00007ffcf3290000 - 0x00007ffcf3337000 	C:\Windows\System32\sechost.dll
0x00007ffcf2f30000 - 0x00007ffcf2f58000 	C:\Windows\System32\bcrypt.dll
0x00007ffcf50c0000 - 0x00007ffcf51d4000 	C:\Windows\System32\RPCRT4.dll
0x00007ffcf2f60000 - 0x00007ffcf2fd1000 	C:\Windows\System32\WS2_32.dll
0x00007ffcf2290000 - 0x00007ffcf22dd000 	C:\Windows\SYSTEM32\POWRPROF.dll
0x00007ffce9890000 - 0x00007ffce989a000 	C:\Windows\SYSTEM32\VERSION.dll
0x00007ffcee230000 - 0x00007ffcee264000 	C:\Windows\SYSTEM32\WINMM.dll
0x00007ffcf21c0000 - 0x00007ffcf21d3000 	C:\Windows\SYSTEM32\UMPDC.dll
0x00007ffcf1400000 - 0x00007ffcf1418000 	C:\Windows\SYSTEM32\kernel.appcore.dll
0x00007ffcee380000 - 0x00007ffcee38a000 	C:\Program Files\Android\Android Studio\jbr\bin\jimage.dll
0x00007ffcec4c0000 - 0x00007ffcec6f2000 	C:\Windows\SYSTEM32\DBGHELP.DLL
0x00007ffcf4d20000 - 0x00007ffcf50b3000 	C:\Windows\System32\combase.dll
0x00007ffcf41e0000 - 0x00007ffcf42b7000 	C:\Windows\System32\OLEAUT32.dll
0x00007ffce9120000 - 0x00007ffce9152000 	C:\Windows\SYSTEM32\dbgcore.DLL
0x00007ffcf2b90000 - 0x00007ffcf2c0b000 	C:\Windows\System32\bcryptPrimitives.dll
0x00007ffcdd1f0000 - 0x00007ffcdd1fe000 	C:\Program Files\Android\Android Studio\jbr\bin\instrument.dll
0x00007ffceb0e0000 - 0x00007ffceb100000 	C:\Program Files\Android\Android Studio\jbr\bin\java.dll
0x00007ffcead60000 - 0x00007ffcead78000 	C:\Program Files\Android\Android Studio\jbr\bin\zip.dll
0x00007ffcf4480000 - 0x00007ffcf4d1d000 	C:\Windows\System32\SHELL32.dll
0x00007ffcf2df0000 - 0x00007ffcf2f2f000 	C:\Windows\System32\wintypes.dll
0x00007ffcf0300000 - 0x00007ffcf0c1d000 	C:\Windows\SYSTEM32\windows.storage.dll
0x00007ffcf3100000 - 0x00007ffcf320b000 	C:\Windows\System32\SHCORE.dll
0x00007ffcf43b0000 - 0x00007ffcf4416000 	C:\Windows\System32\shlwapi.dll
0x00007ffcf22f0000 - 0x00007ffcf231b000 	C:\Windows\SYSTEM32\profapi.dll
0x00007ffcee370000 - 0x00007ffcee380000 	C:\Program Files\Android\Android Studio\jbr\bin\net.dll
0x00007ffcef350000 - 0x00007ffcef47c000 	C:\Windows\SYSTEM32\WINHTTP.dll
0x00007ffcf1880000 - 0x00007ffcf18ea000 	C:\Windows\system32\mswsock.dll
0x00007ffcded80000 - 0x00007ffcded96000 	C:\Program Files\Android\Android Studio\jbr\bin\nio.dll
0x00007ffcdd320000 - 0x00007ffcdd330000 	C:\Program Files\Android\Android Studio\jbr\bin\verify.dll
0x00007ffcd2350000 - 0x00007ffcd2377000 	C:\Users\Hp\.gradle\native\c067742578af261105cb4f569cf0c3c89f3d7b1fecec35dd04571415982c5e48\windows-amd64\native-platform.dll
0x00007ffca8f90000 - 0x00007ffca90d4000 	C:\Users\Hp\.gradle\native\100fb08df4bc3b14c8652ba06237920a3bd2aa13389f12d3474272988ae205f9\windows-amd64\native-platform-file-events.dll
0x00007ffceb2e0000 - 0x00007ffceb2e9000 	C:\Program Files\Android\Android Studio\jbr\bin\management.dll
0x00007ffcead50000 - 0x00007ffcead5b000 	C:\Program Files\Android\Android Studio\jbr\bin\management_ext.dll
0x00007ffcf3340000 - 0x00007ffcf3348000 	C:\Windows\System32\PSAPI.DLL
0x00007ffcf1ae0000 - 0x00007ffcf1afb000 	C:\Windows\SYSTEM32\CRYPTSP.dll
0x00007ffcf1360000 - 0x00007ffcf1397000 	C:\Windows\system32\rsaenh.dll
0x00007ffcf1970000 - 0x00007ffcf1998000 	C:\Windows\SYSTEM32\USERENV.dll
0x00007ffcf1ad0000 - 0x00007ffcf1adc000 	C:\Windows\SYSTEM32\CRYPTBASE.dll
0x00007ffcf0e80000 - 0x00007ffcf0ead000 	C:\Windows\SYSTEM32\IPHLPAPI.DLL
0x00007ffcf3350000 - 0x00007ffcf3359000 	C:\Windows\System32\NSI.dll
0x00007ffcec470000 - 0x00007ffcec479000 	C:\Program Files\Android\Android Studio\jbr\bin\extnet.dll
0x00007ffca31f0000 - 0x00007ffca31f8000 	C:\Windows\system32\wshunix.dll
0x00007ffccf8e0000 - 0x00007ffccf8f7000 	C:\Windows\system32\napinsp.dll
0x00007ffccf8c0000 - 0x00007ffccf8db000 	C:\Windows\system32\pnrpnsp.dll
0x00007ffcf0eb0000 - 0x00007ffcf0fa8000 	C:\Windows\SYSTEM32\DNSAPI.dll
0x00007ffccf8a0000 - 0x00007ffccf8b1000 	C:\Windows\System32\winrnr.dll
0x00007ffccf880000 - 0x00007ffccf89f000 	C:\Windows\system32\wshbth.dll
0x00007ffccf850000 - 0x00007ffccf871000 	C:\Windows\system32\nlansp_c.dll
0x00007ffcedca0000 - 0x00007ffcedcaa000 	C:\Windows\System32\rasadhlp.dll
0x00007ffcedd40000 - 0x00007ffceddc3000 	C:\Windows\System32\fwpuclnt.dll

dbghelp: loaded successfully - version: 4.0.5 - missing functions: none
symbol engine: initialized successfully - sym options: 0x614 - pdb path: .;C:\Program Files\Android\Android Studio\jbr\bin;C:\Windows\SYSTEM32;C:\Program Files\Avast Software\Avast;C:\Windows\WinSxS\amd64_microsoft.windows.common-controls_6595b64144ccf1df_6.0.22621.5262_none_2712bde373830908;C:\Program Files\Android\Android Studio\jbr\bin\server;C:\Users\Hp\.gradle\native\c067742578af261105cb4f569cf0c3c89f3d7b1fecec35dd04571415982c5e48\windows-amd64;C:\Users\Hp\.gradle\native\100fb08df4bc3b14c8652ba06237920a3bd2aa13389f12d3474272988ae205f9\windows-amd64

VM Arguments:
jvm_args: --add-opens=java.base/java.lang=ALL-UNNAMED --add-opens=java.base/java.lang.invoke=ALL-UNNAMED --add-opens=java.base/java.util=ALL-UNNAMED --add-opens=java.prefs/java.util.prefs=ALL-UNNAMED --add-exports=jdk.compiler/com.sun.tools.javac.api=ALL-UNNAMED --add-exports=jdk.compiler/com.sun.tools.javac.util=ALL-UNNAMED --add-opens=java.base/java.util=ALL-UNNAMED --add-opens=java.prefs/java.util.prefs=ALL-UNNAMED --add-opens=java.base/java.nio.charset=ALL-UNNAMED --add-opens=java.base/java.net=ALL-UNNAMED --add-opens=java.base/java.util.concurrent.atomic=ALL-UNNAMED --add-opens=java.xml/javax.xml.namespace=ALL-UNNAMED -Xmx2048m -Dfile.encoding=UTF-8 -Duser.country=PE -Duser.language=es -Duser.variant -javaagent:C:\Users\Hp\.gradle\wrapper\dists\gradle-8.11.1-bin\bpt9gzteqjrbo1mjrsomdt32c\gradle-8.11.1\lib\agents\gradle-instrumentation-agent-8.11.1.jar 
java_command: org.gradle.launcher.daemon.bootstrap.GradleDaemon 8.11.1
java_class_path (initial): C:\Users\Hp\.gradle\wrapper\dists\gradle-8.11.1-bin\bpt9gzteqjrbo1mjrsomdt32c\gradle-8.11.1\lib\gradle-daemon-main-8.11.1.jar
Launcher Type: SUN_STANDARD

[Global flags]
     intx CICompilerCount                          = 4                                         {product} {ergonomic}
     uint ConcGCThreads                            = 3                                         {product} {ergonomic}
     uint G1ConcRefinementThreads                  = 10                                        {product} {ergonomic}
   size_t G1HeapRegionSize                         = 1048576                                   {product} {ergonomic}
    uintx GCDrainStackTargetSize                   = 64                                        {product} {ergonomic}
   size_t InitialHeapSize                          = 123731968                                 {product} {ergonomic}
   size_t MarkStackSize                            = 4194304                                   {product} {ergonomic}
   size_t MaxHeapSize                              = 2147483648                                {product} {command line}
   size_t MaxNewSize                               = 1287651328                                {product} {ergonomic}
   size_t MinHeapDeltaBytes                        = 1048576                                   {product} {ergonomic}
   size_t MinHeapSize                              = 8388608                                   {product} {ergonomic}
    uintx NonNMethodCodeHeapSize                   = 5839372                                {pd product} {ergonomic}
    uintx NonProfiledCodeHeapSize                  = 122909434                              {pd product} {ergonomic}
    uintx ProfiledCodeHeapSize                     = 122909434                              {pd product} {ergonomic}
    uintx ReservedCodeCacheSize                    = 251658240                              {pd product} {ergonomic}
     bool SegmentedCodeCache                       = true                                      {product} {ergonomic}
   size_t SoftMaxHeapSize                          = 2147483648                             {manageable} {ergonomic}
     bool UseCompressedOops                        = true                           {product lp64_product} {ergonomic}
     bool UseG1GC                                  = true                                      {product} {ergonomic}
     bool UseLargePagesIndividualAllocation        = false                                  {pd product} {ergonomic}

Logging:
Log output configuration:
 #0: stdout all=warning uptime,level,tags foldmultilines=false
 #1: stderr all=off uptime,level,tags foldmultilines=false

Environment Variables:
PATH=C:\Program Files (x86)\Common Files\Oracle\Java\java8path;C:\Program Files (x86)\Common Files\Oracle\Java\javapath;C:\Windows\system32;C:\Windows;C:\Windows\System32\Wbem;C:\Windows\System32\WindowsPowerShell\v1.0\;C:\Windows\System32\OpenSSH\;C:\Program Files\dotnet\;C:\mingw64\bin;C:\Program Files\IBM\SPSS\Statistics\25\JRE\bin;C:\Program Files\Git\cmd;C:\Users\Hp\AppData\Local\Programs\Python\Python312\Scripts\;C:\Users\Hp\AppData\Local\Programs\Python\Python312\;C:\Users\Hp\AppData\Local\Microsoft\WindowsApps;C:\Users\Hp\AppData\Local\Programs\Microsoft VS Code\bin;C:\MinGW\bin;C:\Program Files (x86)\GnuWin32\bin;
USERNAME=Hp
OS=Windows_NT
PROCESSOR_IDENTIFIER=AMD64 Family 23 Model 104 Stepping 1, AuthenticAMD
TMP=C:\Users\Hp\AppData\Local\Temp
TEMP=C:\Users\Hp\AppData\Local\Temp




Periodic native trim disabled

JNI global refs:
JNI global refs: 27, weak refs: 1

JNI global refs memory usage: 835, weak refs: 833

Process memory usage:
Resident Set Size: 440796K (5% of 7681736K total physical memory with 101656K free physical memory)

OOME stack traces (most recent first):
Classloader memory used:
