#
# There is insufficient memory for the Java Runtime Environment to continue.
# Native memory allocation (mmap) failed to map 47185920 bytes. Error detail: G1 virtual space
# Possible reasons:
#   The system is out of physical RAM or swap space
#   This process is running with CompressedOops enabled, and the Java Heap may be blocking the growth of the native heap
# Possible solutions:
#   Reduce memory load on the system
#   Increase physical memory or swap space
#   Check if swap backing store is full
#   Decrease Java heap size (-Xmx/-Xms)
#   Decrease number of Java threads
#   Decrease Java thread stack sizes (-Xss)
#   Set larger code cache with -XX:ReservedCodeCacheSize=
#   JVM is running with Unscaled Compressed Oops mode in which the Java heap is
#     placed in the first 4GB address space. The Java Heap base address is the
#     maximum limit for the native heap growth. Please use -XX:HeapBaseMinAddress
#     to set the Java Heap base and to place the Java Heap above 4GB virtual address.
# This output file may be truncated or incomplete.
#
#  Out of Memory Error (os_windows.cpp:3898), pid=19092, tid=7432
#
# JRE version: OpenJDK Runtime Environment (21.0.6) (build 21.0.6+-13368085-b895.109)
# Java VM: OpenJDK 64-Bit Server VM (21.0.6+-13368085-b895.109, mixed mode, tiered, compressed oops, compressed class ptrs, g1 gc, windows-amd64)
# No core dump will be written. Minidumps are not enabled by default on client versions of Windows
#

---------------  S U M M A R Y ------------

Command Line: --add-opens=java.base/java.lang=ALL-UNNAMED --add-opens=java.base/java.lang.invoke=ALL-UNNAMED --add-opens=java.base/java.util=ALL-UNNAMED --add-opens=java.prefs/java.util.prefs=ALL-UNNAMED --add-exports=jdk.compiler/com.sun.tools.javac.api=ALL-UNNAMED --add-exports=jdk.compiler/com.sun.tools.javac.util=ALL-UNNAMED --add-opens=java.base/java.util=ALL-UNNAMED --add-opens=java.prefs/java.util.prefs=ALL-UNNAMED --add-opens=java.base/java.nio.charset=ALL-UNNAMED --add-opens=java.base/java.net=ALL-UNNAMED --add-opens=java.base/java.util.concurrent.atomic=ALL-UNNAMED --add-opens=java.xml/javax.xml.namespace=ALL-UNNAMED -Xmx2048m -Dfile.encoding=UTF-8 -Duser.country=PE -Duser.language=es -Duser.variant -javaagent:C:\Users\Hp\.gradle\wrapper\dists\gradle-8.11.1-bin\bpt9gzteqjrbo1mjrsomdt32c\gradle-8.11.1\lib\agents\gradle-instrumentation-agent-8.11.1.jar org.gradle.launcher.daemon.bootstrap.GradleDaemon 8.11.1

Host: AMD Ryzen 5 5500U with Radeon Graphics         , 12 cores, 7G,  Windows 11 , 64 bit Build 22621 (10.0.22621.5262)
Time: Mon May 26 12:23:04 2025 Hora est. Pacífico, Sudamérica elapsed time: 14.819168 seconds (0d 0h 0m 14s)

---------------  T H R E A D  ---------------

Current thread (0x0000023240ae4bb0):  VMThread "VM Thread"          [id=7432, stack(0x00000089ebb00000,0x00000089ebc00000) (1024K)]

Stack: [0x00000089ebb00000,0x00000089ebc00000]
Native frames: (J=compiled Java code, j=interpreted, Vv=VM code, C=native code)
V  [jvm.dll+0x6d0639]
V  [jvm.dll+0x85eb03]
V  [jvm.dll+0x86105e]
V  [jvm.dll+0x861743]
V  [jvm.dll+0x27e6e6]
V  [jvm.dll+0x6ccfd5]
V  [jvm.dll+0x6c0a8a]
V  [jvm.dll+0x35537b]
V  [jvm.dll+0x35cfd6]
V  [jvm.dll+0x3aef86]
V  [jvm.dll+0x3af258]
V  [jvm.dll+0x327a2c]
V  [jvm.dll+0x327ab7]
V  [jvm.dll+0x36d93c]
V  [jvm.dll+0x36c0ee]
V  [jvm.dll+0x327181]
V  [jvm.dll+0x36b7f0]
V  [jvm.dll+0x8674c8]
V  [jvm.dll+0x868844]
V  [jvm.dll+0x868d80]
V  [jvm.dll+0x869013]
V  [jvm.dll+0x806ed8]
V  [jvm.dll+0x6cef0d]
C  [ucrtbase.dll+0x29333]
C  [KERNEL32.DLL+0x1259d]
C  [ntdll.dll+0x5af58]

VM_Operation (0x00000089eddfe100): G1CollectForAllocation, mode: safepoint, requested by thread 0x0000023246e95650


---------------  P R O C E S S  ---------------

Threads class SMR info:
_java_thread_list=0x0000023247468160, length=97, elements={
0x0000023226f15d20, 0x000002324503b220, 0x00000232450876c0, 0x000002324508cf70,
0x000002324508a8f0, 0x000002324508b750, 0x000002324509dda0, 0x0000023245070ba0,
0x0000023245074c80, 0x00000232451d9530, 0x00000232454b2370, 0x000002324653bf00,
0x000002324653a4c0, 0x000002324653cc20, 0x000002324653b870, 0x000002324653ab50,
0x000002324653c590, 0x000002324653b1e0, 0x000002324653d2b0, 0x000002324653d940,
0x0000023246e90100, 0x0000023246e914b0, 0x0000023246e94fc0, 0x0000023246e95650,
0x0000023246e95ce0, 0x0000023246e96370, 0x0000023246e8f3e0, 0x0000023246e93580,
0x0000023246e92860, 0x0000023246e93c10, 0x0000023246e942a0, 0x0000023246e94930,
0x0000023246e96a00, 0x0000023246e91b40, 0x0000023246e8fa70, 0x0000023246e90790,
0x0000023246e921d0, 0x0000023246e90e20, 0x0000023246e92ef0, 0x00000232473baa90,
0x00000232473bb7b0, 0x00000232473bb120, 0x00000232473ba400, 0x00000232473bcb60,
0x00000232473bf950, 0x00000232473bd1f0, 0x00000232473c0d00, 0x00000232473be5a0,
0x00000232473c1390, 0x00000232473bdf10, 0x00000232473bffe0, 0x00000232473bec30,
0x00000232473c0670, 0x00000232473bf2c0, 0x00000232489068d0, 0x000002324890a3e0,
0x0000023248908310, 0x0000023248904e90, 0x000002324890b790, 0x000002324890be20,
0x0000023248909d50, 0x00000232489075f0, 0x0000023248906f60, 0x00000232460dbdd0,
0x00000232489089a0, 0x0000023248906240, 0x0000023248907c80, 0x0000023248909030,
0x0000023248905520, 0x000002324890aa70, 0x000002324890b100, 0x000002324890c4b0,
0x0000023248905bb0, 0x0000023249e96a60, 0x0000023249e97780, 0x0000023249e9b920,
0x0000023249e95d40, 0x0000023249e984a0, 0x0000023249e98b30, 0x0000023249e9b290,
0x0000023249e94990, 0x0000023249e95020, 0x0000023249e970f0, 0x0000023249e97e10,
0x0000023249e991c0, 0x0000023249e99850, 0x0000023249e99ee0, 0x0000023249e956b0,
0x0000023249e963d0, 0x0000023249e9bfb0, 0x0000023249e9a570, 0x0000023249e9ac00,
0x00000232485fb7c0, 0x00000232485fb130, 0x00000232485fbe50, 0x00000232485f96f0,
0x00000232485f7cb0
}

Java Threads: ( => current thread )
  0x0000023226f15d20 JavaThread "main"                              [_thread_blocked, id=18516, stack(0x00000089eb400000,0x00000089eb500000) (1024K)]
  0x000002324503b220 JavaThread "Reference Handler"          daemon [_thread_blocked, id=11688, stack(0x00000089ebc00000,0x00000089ebd00000) (1024K)]
  0x00000232450876c0 JavaThread "Finalizer"                  daemon [_thread_blocked, id=16984, stack(0x00000089ebd00000,0x00000089ebe00000) (1024K)]
  0x000002324508cf70 JavaThread "Signal Dispatcher"          daemon [_thread_blocked, id=10936, stack(0x00000089ebe00000,0x00000089ebf00000) (1024K)]
  0x000002324508a8f0 JavaThread "Attach Listener"            daemon [_thread_blocked, id=16596, stack(0x00000089ebf00000,0x00000089ec000000) (1024K)]
  0x000002324508b750 JavaThread "Service Thread"             daemon [_thread_blocked, id=18860, stack(0x00000089ec000000,0x00000089ec100000) (1024K)]
  0x000002324509dda0 JavaThread "Monitor Deflation Thread"   daemon [_thread_blocked, id=18896, stack(0x00000089ec100000,0x00000089ec200000) (1024K)]
  0x0000023245070ba0 JavaThread "C2 CompilerThread0"         daemon [_thread_blocked, id=11168, stack(0x00000089ec200000,0x00000089ec300000) (1024K)]
  0x0000023245074c80 JavaThread "C1 CompilerThread0"         daemon [_thread_blocked, id=7556, stack(0x00000089ec300000,0x00000089ec400000) (1024K)]
  0x00000232451d9530 JavaThread "Common-Cleaner"             daemon [_thread_blocked, id=9344, stack(0x00000089ec400000,0x00000089ec500000) (1024K)]
  0x00000232454b2370 JavaThread "Notification Thread"        daemon [_thread_blocked, id=19324, stack(0x00000089ec500000,0x00000089ec600000) (1024K)]
  0x000002324653bf00 JavaThread "Daemon health stats"               [_thread_blocked, id=12020, stack(0x00000089ecc00000,0x00000089ecd00000) (1024K)]
  0x000002324653a4c0 JavaThread "Incoming local TCP Connector on port 63560"        [_thread_in_native, id=20172, stack(0x00000089ecd00000,0x00000089ece00000) (1024K)]
  0x000002324653cc20 JavaThread "Daemon periodic checks"            [_thread_blocked, id=7508, stack(0x00000089ece00000,0x00000089ecf00000) (1024K)]
  0x000002324653b870 JavaThread "Daemon"                            [_thread_blocked, id=18300, stack(0x00000089ecf00000,0x00000089ed000000) (1024K)]
  0x000002324653ab50 JavaThread "Handler for socket connection from /127.0.0.1:63560 to /127.0.0.1:63561"        [_thread_in_native, id=18084, stack(0x00000089ed000000,0x00000089ed100000) (1024K)]
  0x000002324653c590 JavaThread "Cancel handler"                    [_thread_blocked, id=20392, stack(0x00000089ed100000,0x00000089ed200000) (1024K)]
  0x000002324653b1e0 JavaThread "Daemon worker"                     [_thread_blocked, id=2244, stack(0x00000089ed200000,0x00000089ed300000) (1024K)]
  0x000002324653d2b0 JavaThread "Asynchronous log dispatcher for DefaultDaemonConnection: socket connection from /127.0.0.1:63560 to /127.0.0.1:63561"        [_thread_blocked, id=1216, stack(0x00000089ed300000,0x00000089ed400000) (1024K)]
  0x000002324653d940 JavaThread "Stdin handler"                     [_thread_blocked, id=3488, stack(0x00000089ed400000,0x00000089ed500000) (1024K)]
  0x0000023246e90100 JavaThread "Daemon client event forwarder"        [_thread_blocked, id=13076, stack(0x00000089ed500000,0x00000089ed600000) (1024K)]
  0x0000023246e914b0 JavaThread "Cache worker for journal cache (C:\Users\Hp\.gradle\caches\journal-1)"        [_thread_blocked, id=19348, stack(0x00000089ec600000,0x00000089ec700000) (1024K)]
  0x0000023246e94fc0 JavaThread "File lock request listener"        [_thread_in_native, id=14844, stack(0x00000089edc00000,0x00000089edd00000) (1024K)]
  0x0000023246e95650 JavaThread "Cache worker for file hash cache (C:\Users\Hp\.gradle\caches\8.11.1\fileHashes)"        [_thread_blocked, id=8824, stack(0x00000089edd00000,0x00000089ede00000) (1024K)]
  0x0000023246e95ce0 JavaThread "Cache worker for file content cache (C:\Users\Hp\.gradle\caches\8.11.1\fileContent)"        [_thread_blocked, id=6932, stack(0x00000089edf00000,0x00000089ee000000) (1024K)]
  0x0000023246e96370 JavaThread "Cache worker for file hash cache (D:\UNA PUNO\QUINTO SEMESTRE\DESARROLLO BASADO EN PLATAFORMAS II_IV\PROYECTO_FINIAL1\.gradle\8.11.1\fileHashes)"        [_thread_blocked, id=6340, stack(0x00000089ee000000,0x00000089ee100000) (1024K)]
  0x0000023246e8f3e0 JavaThread "Cache worker for Build Output Cleanup Cache (D:\UNA PUNO\QUINTO SEMESTRE\DESARROLLO BASADO EN PLATAFORMAS II_IV\PROYECTO_FINIAL1\.gradle\buildOutputCleanup)"        [_thread_blocked, id=19860, stack(0x00000089ee100000,0x00000089ee200000) (1024K)]
  0x0000023246e93580 JavaThread "File watcher server"        daemon [_thread_in_native, id=18420, stack(0x00000089ee200000,0x00000089ee300000) (1024K)]
  0x0000023246e92860 JavaThread "File watcher consumer"      daemon [_thread_blocked, id=17524, stack(0x00000089ee300000,0x00000089ee400000) (1024K)]
  0x0000023246e93c10 JavaThread "jar transforms"                    [_thread_blocked, id=7380, stack(0x00000089ee400000,0x00000089ee500000) (1024K)]
  0x0000023246e942a0 JavaThread "jar transforms Thread 2"           [_thread_blocked, id=11868, stack(0x00000089ee500000,0x00000089ee600000) (1024K)]
  0x0000023246e94930 JavaThread "jar transforms Thread 3"           [_thread_blocked, id=2040, stack(0x00000089ee600000,0x00000089ee700000) (1024K)]
  0x0000023246e96a00 JavaThread "jar transforms Thread 4"           [_thread_blocked, id=18392, stack(0x00000089ee700000,0x00000089ee800000) (1024K)]
  0x0000023246e91b40 JavaThread "jar transforms Thread 5"           [_thread_blocked, id=19560, stack(0x00000089ee800000,0x00000089ee900000) (1024K)]
  0x0000023246e8fa70 JavaThread "jar transforms Thread 6"           [_thread_blocked, id=16928, stack(0x00000089ee900000,0x00000089eea00000) (1024K)]
  0x0000023246e90790 JavaThread "jar transforms Thread 7"           [_thread_blocked, id=8808, stack(0x00000089eea00000,0x00000089eeb00000) (1024K)]
  0x0000023246e921d0 JavaThread "jar transforms Thread 8"           [_thread_blocked, id=15248, stack(0x00000089eeb00000,0x00000089eec00000) (1024K)]
  0x0000023246e90e20 JavaThread "jar transforms Thread 9"           [_thread_blocked, id=12036, stack(0x00000089eec00000,0x00000089eed00000) (1024K)]
  0x0000023246e92ef0 JavaThread "jar transforms Thread 10"          [_thread_blocked, id=9428, stack(0x00000089eed00000,0x00000089eee00000) (1024K)]
  0x00000232473baa90 JavaThread "jar transforms Thread 11"          [_thread_blocked, id=18612, stack(0x00000089eee00000,0x00000089eef00000) (1024K)]
  0x00000232473bb7b0 JavaThread "jar transforms Thread 12"          [_thread_blocked, id=13388, stack(0x00000089eef00000,0x00000089ef000000) (1024K)]
  0x00000232473bb120 JavaThread "Cache worker for checksums cache (D:\UNA PUNO\QUINTO SEMESTRE\DESARROLLO BASADO EN PLATAFORMAS II_IV\PROYECTO_FINIAL1\.gradle\8.11.1\checksums)"        [_thread_blocked, id=20292, stack(0x00000089ef000000,0x00000089ef100000) (1024K)]
  0x00000232473ba400 JavaThread "Cache worker for cache directory md-rule (C:\Users\Hp\.gradle\caches\8.11.1\md-rule)"        [_thread_blocked, id=1392, stack(0x00000089ef100000,0x00000089ef200000) (1024K)]
  0x00000232473bcb60 JavaThread "Cache worker for cache directory md-supplier (C:\Users\Hp\.gradle\caches\8.11.1\md-supplier)"        [_thread_blocked, id=15068, stack(0x00000089ef200000,0x00000089ef300000) (1024K)]
  0x00000232473bf950 JavaThread "Unconstrained build operations"        [_thread_blocked, id=308, stack(0x00000089ef300000,0x00000089ef400000) (1024K)]
  0x00000232473bd1f0 JavaThread "Unconstrained build operations Thread 2"        [_thread_blocked, id=15660, stack(0x00000089ef400000,0x00000089ef500000) (1024K)]
  0x00000232473c0d00 JavaThread "Unconstrained build operations Thread 3"        [_thread_blocked, id=2176, stack(0x00000089ef500000,0x00000089ef600000) (1024K)]
  0x00000232473be5a0 JavaThread "Unconstrained build operations Thread 4"        [_thread_blocked, id=18668, stack(0x00000089ef600000,0x00000089ef700000) (1024K)]
  0x00000232473c1390 JavaThread "Unconstrained build operations Thread 5"        [_thread_blocked, id=15692, stack(0x00000089ef700000,0x00000089ef800000) (1024K)]
  0x00000232473bdf10 JavaThread "Unconstrained build operations Thread 6"        [_thread_blocked, id=19804, stack(0x00000089ef800000,0x00000089ef900000) (1024K)]
  0x00000232473bffe0 JavaThread "Unconstrained build operations Thread 7"        [_thread_blocked, id=13632, stack(0x00000089ef900000,0x00000089efa00000) (1024K)]
  0x00000232473bec30 JavaThread "Unconstrained build operations Thread 8"        [_thread_blocked, id=19552, stack(0x00000089efa00000,0x00000089efb00000) (1024K)]
  0x00000232473c0670 JavaThread "Unconstrained build operations Thread 9"        [_thread_blocked, id=18072, stack(0x00000089efb00000,0x00000089efc00000) (1024K)]
  0x00000232473bf2c0 JavaThread "Unconstrained build operations Thread 10"        [_thread_blocked, id=20200, stack(0x00000089efc00000,0x00000089efd00000) (1024K)]
  0x00000232489068d0 JavaThread "Unconstrained build operations Thread 11"        [_thread_blocked, id=12104, stack(0x00000089efd00000,0x00000089efe00000) (1024K)]
  0x000002324890a3e0 JavaThread "Unconstrained build operations Thread 12"        [_thread_blocked, id=9936, stack(0x00000089efe00000,0x00000089eff00000) (1024K)]
  0x0000023248908310 JavaThread "Unconstrained build operations Thread 13"        [_thread_blocked, id=17068, stack(0x00000089eff00000,0x00000089f0000000) (1024K)]
  0x0000023248904e90 JavaThread "Unconstrained build operations Thread 14"        [_thread_blocked, id=18304, stack(0x00000089f0000000,0x00000089f0100000) (1024K)]
  0x000002324890b790 JavaThread "Unconstrained build operations Thread 15"        [_thread_blocked, id=9228, stack(0x00000089f0100000,0x00000089f0200000) (1024K)]
  0x000002324890be20 JavaThread "Unconstrained build operations Thread 16"        [_thread_blocked, id=8764, stack(0x00000089f0200000,0x00000089f0300000) (1024K)]
  0x0000023248909d50 JavaThread "Unconstrained build operations Thread 17"        [_thread_blocked, id=15008, stack(0x00000089f0300000,0x00000089f0400000) (1024K)]
  0x00000232489075f0 JavaThread "Unconstrained build operations Thread 18"        [_thread_blocked, id=7668, stack(0x00000089f0400000,0x00000089f0500000) (1024K)]
  0x0000023248906f60 JavaThread "Unconstrained build operations Thread 19"        [_thread_blocked, id=14256, stack(0x00000089f0500000,0x00000089f0600000) (1024K)]
  0x00000232460dbdd0 JavaThread "C2 CompilerThread1"         daemon [_thread_blocked, id=10760, stack(0x00000089ede00000,0x00000089edf00000) (1024K)]
  0x00000232489089a0 JavaThread "Unconstrained build operations Thread 20"        [_thread_blocked, id=14320, stack(0x00000089f0600000,0x00000089f0700000) (1024K)]
  0x0000023248906240 JavaThread "Unconstrained build operations Thread 21"        [_thread_blocked, id=14540, stack(0x00000089f0700000,0x00000089f0800000) (1024K)]
  0x0000023248907c80 JavaThread "Unconstrained build operations Thread 22"        [_thread_blocked, id=2884, stack(0x00000089f0800000,0x00000089f0900000) (1024K)]
  0x0000023248909030 JavaThread "Unconstrained build operations Thread 23"        [_thread_blocked, id=17072, stack(0x00000089f0900000,0x00000089f0a00000) (1024K)]
  0x0000023248905520 JavaThread "Unconstrained build operations Thread 24"        [_thread_blocked, id=8360, stack(0x00000089f0a00000,0x00000089f0b00000) (1024K)]
  0x000002324890aa70 JavaThread "Unconstrained build operations Thread 25"        [_thread_blocked, id=17860, stack(0x00000089f0b00000,0x00000089f0c00000) (1024K)]
  0x000002324890b100 JavaThread "Unconstrained build operations Thread 26"        [_thread_blocked, id=19072, stack(0x00000089f0c00000,0x00000089f0d00000) (1024K)]
  0x000002324890c4b0 JavaThread "Unconstrained build operations Thread 27"        [_thread_blocked, id=244, stack(0x00000089f0d00000,0x00000089f0e00000) (1024K)]
  0x0000023248905bb0 JavaThread "Unconstrained build operations Thread 28"        [_thread_blocked, id=10960, stack(0x00000089f0e00000,0x00000089f0f00000) (1024K)]
  0x0000023249e96a60 JavaThread "Unconstrained build operations Thread 29"        [_thread_blocked, id=6896, stack(0x00000089f0f00000,0x00000089f1000000) (1024K)]
  0x0000023249e97780 JavaThread "Unconstrained build operations Thread 30"        [_thread_blocked, id=20280, stack(0x00000089f1000000,0x00000089f1100000) (1024K)]
  0x0000023249e9b920 JavaThread "Unconstrained build operations Thread 31"        [_thread_blocked, id=9912, stack(0x00000089f1100000,0x00000089f1200000) (1024K)]
  0x0000023249e95d40 JavaThread "Unconstrained build operations Thread 32"        [_thread_blocked, id=2744, stack(0x00000089f1200000,0x00000089f1300000) (1024K)]
  0x0000023249e984a0 JavaThread "Unconstrained build operations Thread 33"        [_thread_blocked, id=13440, stack(0x00000089f1300000,0x00000089f1400000) (1024K)]
  0x0000023249e98b30 JavaThread "Unconstrained build operations Thread 34"        [_thread_blocked, id=17660, stack(0x00000089f1400000,0x00000089f1500000) (1024K)]
  0x0000023249e9b290 JavaThread "Unconstrained build operations Thread 35"        [_thread_blocked, id=15700, stack(0x00000089f1500000,0x00000089f1600000) (1024K)]
  0x0000023249e94990 JavaThread "Unconstrained build operations Thread 36"        [_thread_blocked, id=8684, stack(0x00000089f1600000,0x00000089f1700000) (1024K)]
  0x0000023249e95020 JavaThread "Unconstrained build operations Thread 37"        [_thread_blocked, id=18624, stack(0x00000089f1700000,0x00000089f1800000) (1024K)]
  0x0000023249e970f0 JavaThread "Unconstrained build operations Thread 38"        [_thread_blocked, id=19808, stack(0x00000089f1800000,0x00000089f1900000) (1024K)]
  0x0000023249e97e10 JavaThread "Unconstrained build operations Thread 39"        [_thread_blocked, id=17608, stack(0x00000089f1900000,0x00000089f1a00000) (1024K)]
  0x0000023249e991c0 JavaThread "Unconstrained build operations Thread 40"        [_thread_blocked, id=2972, stack(0x00000089f1a00000,0x00000089f1b00000) (1024K)]
  0x0000023249e99850 JavaThread "Unconstrained build operations Thread 41"        [_thread_blocked, id=20168, stack(0x00000089f1b00000,0x00000089f1c00000) (1024K)]
  0x0000023249e99ee0 JavaThread "Unconstrained build operations Thread 42"        [_thread_blocked, id=19496, stack(0x00000089f1c00000,0x00000089f1d00000) (1024K)]
  0x0000023249e956b0 JavaThread "Unconstrained build operations Thread 43"        [_thread_blocked, id=16388, stack(0x00000089f1d00000,0x00000089f1e00000) (1024K)]
  0x0000023249e963d0 JavaThread "Unconstrained build operations Thread 44"        [_thread_blocked, id=9540, stack(0x00000089f1e00000,0x00000089f1f00000) (1024K)]
  0x0000023249e9bfb0 JavaThread "Unconstrained build operations Thread 45"        [_thread_blocked, id=14640, stack(0x00000089f1f00000,0x00000089f2000000) (1024K)]
  0x0000023249e9a570 JavaThread "Unconstrained build operations Thread 46"        [_thread_blocked, id=19648, stack(0x00000089f2000000,0x00000089f2100000) (1024K)]
  0x0000023249e9ac00 JavaThread "Unconstrained build operations Thread 47"        [_thread_blocked, id=14848, stack(0x00000089f2100000,0x00000089f2200000) (1024K)]
  0x00000232485fb7c0 JavaThread "Unconstrained build operations Thread 48"        [_thread_blocked, id=18008, stack(0x00000089f2200000,0x00000089f2300000) (1024K)]
  0x00000232485fb130 JavaThread "Unconstrained build operations Thread 49"        [_thread_blocked, id=15408, stack(0x00000089f2300000,0x00000089f2400000) (1024K)]
  0x00000232485fbe50 JavaThread "Unconstrained build operations Thread 50"        [_thread_blocked, id=18792, stack(0x00000089f2400000,0x00000089f2500000) (1024K)]
  0x00000232485f96f0 JavaThread "Unconstrained build operations Thread 51"        [_thread_blocked, id=17516, stack(0x00000089f2500000,0x00000089f2600000) (1024K)]
  0x00000232485f7cb0 JavaThread "Unconstrained build operations Thread 52"        [_thread_blocked, id=1536, stack(0x00000089f2600000,0x00000089f2700000) (1024K)]
Total: 97

Other Threads:
=>0x0000023240ae4bb0 VMThread "VM Thread"                           [id=7432, stack(0x00000089ebb00000,0x00000089ebc00000) (1024K)]
  0x0000023240a9efb0 WatcherThread "VM Periodic Task Thread"        [id=12668, stack(0x00000089eba00000,0x00000089ebb00000) (1024K)]
  0x0000023226cce060 WorkerThread "GC Thread#0"                     [id=4196, stack(0x00000089eb500000,0x00000089eb600000) (1024K)]
  0x0000023245838160 WorkerThread "GC Thread#1"                     [id=16660, stack(0x00000089ec700000,0x00000089ec800000) (1024K)]
  0x00000232456b3470 WorkerThread "GC Thread#2"                     [id=18808, stack(0x00000089ec800000,0x00000089ec900000) (1024K)]
  0x000002324630c270 WorkerThread "GC Thread#3"                     [id=10036, stack(0x00000089ec900000,0x00000089eca00000) (1024K)]
  0x0000023246419820 WorkerThread "GC Thread#4"                     [id=2888, stack(0x00000089eca00000,0x00000089ecb00000) (1024K)]
  0x0000023246d74590 WorkerThread "GC Thread#5"                     [id=19864, stack(0x00000089ecb00000,0x00000089ecc00000) (1024K)]
  0x0000023246e99940 WorkerThread "GC Thread#6"                     [id=17164, stack(0x00000089ed600000,0x00000089ed700000) (1024K)]
  0x0000023246e9a5b0 WorkerThread "GC Thread#7"                     [id=18476, stack(0x00000089ed700000,0x00000089ed800000) (1024K)]
  0x0000023246e5caf0 WorkerThread "GC Thread#8"                     [id=18776, stack(0x00000089ed800000,0x00000089ed900000) (1024K)]
  0x0000023246e5ce90 WorkerThread "GC Thread#9"                     [id=17180, stack(0x00000089ed900000,0x00000089eda00000) (1024K)]
  0x0000023226f7b5b0 ConcurrentGCThread "G1 Main Marker"            [id=10564, stack(0x00000089eb600000,0x00000089eb700000) (1024K)]
  0x0000023226f7c0b0 WorkerThread "G1 Conc#0"                       [id=17640, stack(0x00000089eb700000,0x00000089eb800000) (1024K)]
  0x0000023246e5b530 WorkerThread "G1 Conc#1"                       [id=14752, stack(0x00000089eda00000,0x00000089edb00000) (1024K)]
  0x0000023246e5b8d0 WorkerThread "G1 Conc#2"                       [id=12176, stack(0x00000089edb00000,0x00000089edc00000) (1024K)]
  0x00000232409751a0 ConcurrentGCThread "G1 Refine#0"               [id=13752, stack(0x00000089eb800000,0x00000089eb900000) (1024K)]
  0x0000023240975d10 ConcurrentGCThread "G1 Service"                [id=17508, stack(0x00000089eb900000,0x00000089eba00000) (1024K)]
Total: 18

Threads with active compile tasks:
C2 CompilerThread0  14882 8491       4       org.gradle.cache.internal.btree.CachingBlockStore::read (56 bytes)
C2 CompilerThread1  14882 8501   !   4       java.util.concurrent.ConcurrentHashMap::putVal (432 bytes)
Total: 2

VM state: at safepoint (normal execution)

VM Mutex/Monitor currently owned by a thread:  ([mutex/lock_event])
[0x00007ffcada5e3a0] Threads_lock - owner thread: 0x0000023240ae4bb0
[0x00007ffcada5e4a0] Heap_lock - owner thread: 0x0000023246e95650

Heap address: 0x0000000080000000, size: 2048 MB, Compressed Oops mode: 32-bit

CDS archive(s) not mapped
Compressed class space mapped at: 0x0000000100000000-0x0000000140000000, reserved size: 1073741824
Narrow klass base: 0x0000000000000000, Narrow klass shift: 3, Narrow klass range: 0x140000000

GC Precious Log:
 CardTable entry size: 512
 Card Set container configuration: InlinePtr #cards 5 size 8 Array Of Cards #cards 12 size 40 Howl #buckets 4 coarsen threshold 1843 Howl Bitmap #cards 512 size 80 coarsen threshold 460 Card regions per heap region 1 cards per card region 2048
 CPUs: 12 total, 12 available
 Memory: 7501M
 Large Page Support: Disabled
 NUMA Support: Disabled
 Compressed Oops: Enabled (32-bit)
 Heap Region Size: 1M
 Heap Min Capacity: 8M
 Heap Initial Capacity: 118M
 Heap Max Capacity: 2G
 Pre-touch: Disabled
 Parallel Workers: 10
 Concurrent Workers: 3
 Concurrent Refinement Workers: 10
 Periodic GC: Disabled

Heap:
 garbage-first heap   total 143360K, used 88771K [0x0000000080000000, 0x0000000100000000)
  region size 1024K, 5 young (5120K), 5 survivors (5120K)
 Metaspace       used 73274K, committed 75136K, reserved 1114112K
  class space    used 9943K, committed 10880K, reserved 1048576K

Heap Regions: E=young(eden), S=young(survivor), O=old, HS=humongous(starts), HC=humongous(continues), CS=collection set, F=free, TAMS=top-at-mark-start, PB=parsable bottom
|   0|0x0000000080000000, 0x0000000080100000, 0x0000000080100000|100%| O|  |TAMS 0x0000000080100000| PB 0x0000000080000000| Untracked 
|   1|0x0000000080100000, 0x0000000080200000, 0x0000000080200000|100%|HS|  |TAMS 0x0000000080200000| PB 0x0000000080100000| Complete 
|   2|0x0000000080200000, 0x0000000080300000, 0x0000000080300000|100%|HC|  |TAMS 0x0000000080300000| PB 0x0000000080200000| Complete 
|   3|0x0000000080300000, 0x0000000080400000, 0x0000000080400000|100%|HC|  |TAMS 0x0000000080400000| PB 0x0000000080300000| Complete 
|   4|0x0000000080400000, 0x0000000080500000, 0x0000000080500000|100%| O|  |TAMS 0x0000000080500000| PB 0x0000000080400000| Untracked 
|   5|0x0000000080500000, 0x0000000080600000, 0x0000000080600000|100%| O|  |TAMS 0x0000000080600000| PB 0x0000000080500000| Untracked 
|   6|0x0000000080600000, 0x0000000080700000, 0x0000000080700000|100%| O|  |TAMS 0x0000000080700000| PB 0x0000000080600000| Untracked 
|   7|0x0000000080700000, 0x0000000080800000, 0x0000000080800000|100%|HS|  |TAMS 0x0000000080800000| PB 0x0000000080700000| Complete 
|   8|0x0000000080800000, 0x0000000080900000, 0x0000000080900000|100%| O|  |TAMS 0x0000000080900000| PB 0x0000000080800000| Untracked 
|   9|0x0000000080900000, 0x0000000080a00000, 0x0000000080a00000|100%| O|  |TAMS 0x0000000080a00000| PB 0x0000000080900000| Untracked 
|  10|0x0000000080a00000, 0x0000000080b00000, 0x0000000080b00000|100%| O|  |TAMS 0x0000000080b00000| PB 0x0000000080a00000| Untracked 
|  11|0x0000000080b00000, 0x0000000080c00000, 0x0000000080c00000|100%| O|  |TAMS 0x0000000080c00000| PB 0x0000000080b00000| Untracked 
|  12|0x0000000080c00000, 0x0000000080d00000, 0x0000000080d00000|100%| O|  |TAMS 0x0000000080d00000| PB 0x0000000080c00000| Untracked 
|  13|0x0000000080d00000, 0x0000000080e00000, 0x0000000080e00000|100%|HS|  |TAMS 0x0000000080e00000| PB 0x0000000080d00000| Complete 
|  14|0x0000000080e00000, 0x0000000080f00000, 0x0000000080f00000|100%|HC|  |TAMS 0x0000000080f00000| PB 0x0000000080e00000| Complete 
|  15|0x0000000080f00000, 0x0000000081000000, 0x0000000081000000|100%|HC|  |TAMS 0x0000000081000000| PB 0x0000000080f00000| Complete 
|  16|0x0000000081000000, 0x0000000081100000, 0x0000000081100000|100%|HC|  |TAMS 0x0000000081100000| PB 0x0000000081000000| Complete 
|  17|0x0000000081100000, 0x0000000081200000, 0x0000000081200000|100%|HC|  |TAMS 0x0000000081200000| PB 0x0000000081100000| Complete 
|  18|0x0000000081200000, 0x0000000081300000, 0x0000000081300000|100%|HC|  |TAMS 0x0000000081300000| PB 0x0000000081200000| Complete 
|  19|0x0000000081300000, 0x0000000081400000, 0x0000000081400000|100%| O|  |TAMS 0x0000000081400000| PB 0x0000000081300000| Untracked 
|  20|0x0000000081400000, 0x0000000081500000, 0x0000000081500000|100%| O|  |TAMS 0x0000000081500000| PB 0x0000000081400000| Untracked 
|  21|0x0000000081500000, 0x0000000081600000, 0x0000000081600000|100%|HS|  |TAMS 0x0000000081600000| PB 0x0000000081500000| Complete 
|  22|0x0000000081600000, 0x0000000081700000, 0x0000000081700000|100%| O|  |TAMS 0x0000000081700000| PB 0x0000000081600000| Untracked 
|  23|0x0000000081700000, 0x0000000081800000, 0x0000000081800000|100%| O|  |TAMS 0x0000000081800000| PB 0x0000000081700000| Untracked 
|  24|0x0000000081800000, 0x0000000081900000, 0x0000000081900000|100%| O|  |TAMS 0x0000000081900000| PB 0x0000000081800000| Untracked 
|  25|0x0000000081900000, 0x0000000081a00000, 0x0000000081a00000|100%| O|  |TAMS 0x0000000081a00000| PB 0x0000000081900000| Untracked 
|  26|0x0000000081a00000, 0x0000000081b00000, 0x0000000081b00000|100%| O|  |TAMS 0x0000000081b00000| PB 0x0000000081a00000| Untracked 
|  27|0x0000000081b00000, 0x0000000081c00000, 0x0000000081c00000|100%|HS|  |TAMS 0x0000000081c00000| PB 0x0000000081b00000| Complete 
|  28|0x0000000081c00000, 0x0000000081d00000, 0x0000000081d00000|100%|HS|  |TAMS 0x0000000081d00000| PB 0x0000000081c00000| Complete 
|  29|0x0000000081d00000, 0x0000000081e00000, 0x0000000081e00000|100%|HC|  |TAMS 0x0000000081e00000| PB 0x0000000081d00000| Complete 
|  30|0x0000000081e00000, 0x0000000081f00000, 0x0000000081f00000|100%|HC|  |TAMS 0x0000000081f00000| PB 0x0000000081e00000| Complete 
|  31|0x0000000081f00000, 0x0000000082000000, 0x0000000082000000|100%|HC|  |TAMS 0x0000000082000000| PB 0x0000000081f00000| Complete 
|  32|0x0000000082000000, 0x0000000082100000, 0x0000000082100000|100%|HS|  |TAMS 0x0000000082100000| PB 0x0000000082000000| Complete 
|  33|0x0000000082100000, 0x0000000082200000, 0x0000000082200000|100%|HC|  |TAMS 0x0000000082200000| PB 0x0000000082100000| Complete 
|  34|0x0000000082200000, 0x0000000082300000, 0x0000000082300000|100%| O|  |TAMS 0x0000000082300000| PB 0x0000000082200000| Untracked 
|  35|0x0000000082300000, 0x0000000082400000, 0x0000000082400000|100%| O|  |TAMS 0x0000000082400000| PB 0x0000000082300000| Untracked 
|  36|0x0000000082400000, 0x0000000082500000, 0x0000000082500000|100%| O|  |TAMS 0x0000000082500000| PB 0x0000000082400000| Untracked 
|  37|0x0000000082500000, 0x0000000082600000, 0x0000000082600000|100%| O|  |TAMS 0x0000000082600000| PB 0x0000000082500000| Untracked 
|  38|0x0000000082600000, 0x0000000082700000, 0x0000000082700000|100%| O|  |TAMS 0x0000000082700000| PB 0x0000000082600000| Untracked 
|  39|0x0000000082700000, 0x0000000082800000, 0x0000000082800000|100%| O|  |TAMS 0x0000000082800000| PB 0x0000000082700000| Untracked 
|  40|0x0000000082800000, 0x0000000082900000, 0x0000000082900000|100%|HS|  |TAMS 0x0000000082900000| PB 0x0000000082800000| Complete 
|  41|0x0000000082900000, 0x0000000082a00000, 0x0000000082a00000|100%|HC|  |TAMS 0x0000000082a00000| PB 0x0000000082900000| Complete 
|  42|0x0000000082a00000, 0x0000000082b00000, 0x0000000082b00000|100%| O|  |TAMS 0x0000000082b00000| PB 0x0000000082a00000| Untracked 
|  43|0x0000000082b00000, 0x0000000082c00000, 0x0000000082c00000|100%| O|  |TAMS 0x0000000082c00000| PB 0x0000000082b00000| Untracked 
|  44|0x0000000082c00000, 0x0000000082d00000, 0x0000000082d00000|100%| O|  |TAMS 0x0000000082d00000| PB 0x0000000082c00000| Untracked 
|  45|0x0000000082d00000, 0x0000000082e00000, 0x0000000082e00000|100%| O|  |TAMS 0x0000000082e00000| PB 0x0000000082d00000| Untracked 
|  46|0x0000000082e00000, 0x0000000082f00000, 0x0000000082f00000|100%| O|  |TAMS 0x0000000082f00000| PB 0x0000000082e00000| Untracked 
|  47|0x0000000082f00000, 0x0000000083000000, 0x0000000083000000|100%| O|  |TAMS 0x0000000083000000| PB 0x0000000082f00000| Untracked 
|  48|0x0000000083000000, 0x0000000083100000, 0x0000000083100000|100%| O|  |TAMS 0x0000000083100000| PB 0x0000000083000000| Untracked 
|  49|0x0000000083100000, 0x0000000083200000, 0x0000000083200000|100%| O|  |TAMS 0x0000000083200000| PB 0x0000000083100000| Untracked 
|  50|0x0000000083200000, 0x0000000083300000, 0x0000000083300000|100%| O|  |TAMS 0x0000000083300000| PB 0x0000000083200000| Untracked 
|  51|0x0000000083300000, 0x0000000083400000, 0x0000000083400000|100%|HS|  |TAMS 0x0000000083400000| PB 0x0000000083300000| Complete 
|  52|0x0000000083400000, 0x0000000083500000, 0x0000000083500000|100%|HC|  |TAMS 0x0000000083500000| PB 0x0000000083400000| Complete 
|  53|0x0000000083500000, 0x0000000083600000, 0x0000000083600000|100%|HC|  |TAMS 0x0000000083600000| PB 0x0000000083500000| Complete 
|  54|0x0000000083600000, 0x0000000083700000, 0x0000000083700000|100%|HC|  |TAMS 0x0000000083700000| PB 0x0000000083600000| Complete 
|  55|0x0000000083700000, 0x0000000083800000, 0x0000000083800000|100%|HC|  |TAMS 0x0000000083800000| PB 0x0000000083700000| Complete 
|  56|0x0000000083800000, 0x0000000083900000, 0x0000000083900000|100%|HC|  |TAMS 0x0000000083900000| PB 0x0000000083800000| Complete 
|  57|0x0000000083900000, 0x0000000083a00000, 0x0000000083a00000|100%|HS|  |TAMS 0x0000000083a00000| PB 0x0000000083900000| Complete 
|  58|0x0000000083a00000, 0x0000000083b00000, 0x0000000083b00000|100%|HC|  |TAMS 0x0000000083b00000| PB 0x0000000083a00000| Complete 
|  59|0x0000000083b00000, 0x0000000083c00000, 0x0000000083c00000|100%|HC|  |TAMS 0x0000000083c00000| PB 0x0000000083b00000| Complete 
|  60|0x0000000083c00000, 0x0000000083d00000, 0x0000000083d00000|100%|HC|  |TAMS 0x0000000083d00000| PB 0x0000000083c00000| Complete 
|  61|0x0000000083d00000, 0x0000000083e00000, 0x0000000083e00000|100%|HC|  |TAMS 0x0000000083e00000| PB 0x0000000083d00000| Complete 
|  62|0x0000000083e00000, 0x0000000083f00000, 0x0000000083f00000|100%|HC|  |TAMS 0x0000000083f00000| PB 0x0000000083e00000| Complete 
|  63|0x0000000083f00000, 0x0000000084000000, 0x0000000084000000|100%| O|  |TAMS 0x0000000084000000| PB 0x0000000083f00000| Untracked 
|  64|0x0000000084000000, 0x000000008409dbc0, 0x0000000084100000| 61%| O|  |TAMS 0x0000000084000000| PB 0x0000000084000000| Untracked 
|  65|0x0000000084100000, 0x0000000084200000, 0x0000000084200000|100%| O|  |TAMS 0x0000000084200000| PB 0x0000000084100000| Untracked 
|  66|0x0000000084200000, 0x0000000084300000, 0x0000000084300000|100%| O|  |TAMS 0x0000000084300000| PB 0x0000000084200000| Untracked 
|  67|0x0000000084300000, 0x0000000084300000, 0x0000000084400000|  0%| F|  |TAMS 0x0000000084300000| PB 0x0000000084300000| Untracked 
|  68|0x0000000084400000, 0x0000000084500000, 0x0000000084500000|100%| O|  |TAMS 0x0000000084500000| PB 0x0000000084400000| Untracked 
|  69|0x0000000084500000, 0x0000000084600000, 0x0000000084600000|100%| O|  |TAMS 0x0000000084600000| PB 0x0000000084500000| Untracked 
|  70|0x0000000084600000, 0x0000000084700000, 0x0000000084700000|100%| O|  |TAMS 0x0000000084700000| PB 0x0000000084600000| Untracked 
|  71|0x0000000084700000, 0x0000000084800000, 0x0000000084800000|100%| O|  |TAMS 0x0000000084800000| PB 0x0000000084700000| Untracked 
|  72|0x0000000084800000, 0x0000000084900000, 0x0000000084900000|100%| O|  |TAMS 0x0000000084900000| PB 0x0000000084800000| Untracked 
|  73|0x0000000084900000, 0x0000000084a00000, 0x0000000084a00000|100%| O|  |TAMS 0x0000000084a00000| PB 0x0000000084900000| Untracked 
|  74|0x0000000084a00000, 0x0000000084b00000, 0x0000000084b00000|100%| O|  |TAMS 0x0000000084b00000| PB 0x0000000084a00000| Untracked 
|  75|0x0000000084b00000, 0x0000000084c00000, 0x0000000084c00000|100%| O|  |TAMS 0x0000000084c00000| PB 0x0000000084b00000| Untracked 
|  76|0x0000000084c00000, 0x0000000084d00000, 0x0000000084d00000|100%| O|  |TAMS 0x0000000084caff50| PB 0x0000000084c00000| Untracked 
|  77|0x0000000084d00000, 0x0000000084d00000, 0x0000000084e00000|  0%| F|  |TAMS 0x0000000084d00000| PB 0x0000000084d00000| Untracked 
|  78|0x0000000084e00000, 0x0000000084e00000, 0x0000000084f00000|  0%| F|  |TAMS 0x0000000084e00000| PB 0x0000000084e00000| Untracked 
|  79|0x0000000084f00000, 0x0000000084f00000, 0x0000000085000000|  0%| F|  |TAMS 0x0000000084f00000| PB 0x0000000084f00000| Untracked 
|  80|0x0000000085000000, 0x0000000085000000, 0x0000000085100000|  0%| F|  |TAMS 0x0000000085000000| PB 0x0000000085000000| Untracked 
|  81|0x0000000085100000, 0x0000000085100000, 0x0000000085200000|  0%| F|  |TAMS 0x0000000085100000| PB 0x0000000085100000| Untracked 
|  82|0x0000000085200000, 0x0000000085200000, 0x0000000085300000|  0%| F|  |TAMS 0x0000000085200000| PB 0x0000000085200000| Untracked 
|  83|0x0000000085300000, 0x0000000085313070, 0x0000000085400000|  7%| S|CS|TAMS 0x0000000085300000| PB 0x0000000085300000| Complete 
|  84|0x0000000085400000, 0x0000000085400000, 0x0000000085500000|  0%| F|  |TAMS 0x0000000085400000| PB 0x0000000085400000| Untracked 
|  85|0x0000000085500000, 0x0000000085500000, 0x0000000085600000|  0%| F|  |TAMS 0x0000000085500000| PB 0x0000000085500000| Untracked 
|  86|0x0000000085600000, 0x0000000085600000, 0x0000000085700000|  0%| F|  |TAMS 0x0000000085600000| PB 0x0000000085600000| Untracked 
|  87|0x0000000085700000, 0x0000000085700000, 0x0000000085800000|  0%| F|  |TAMS 0x0000000085700000| PB 0x0000000085700000| Untracked 
|  88|0x0000000085800000, 0x0000000085800000, 0x0000000085900000|  0%| F|  |TAMS 0x0000000085800000| PB 0x0000000085800000| Untracked 
|  89|0x0000000085900000, 0x0000000085a00000, 0x0000000085a00000|100%| S|CS|TAMS 0x0000000085900000| PB 0x0000000085900000| Complete 
|  90|0x0000000085a00000, 0x0000000085b00000, 0x0000000085b00000|100%| S|CS|TAMS 0x0000000085a00000| PB 0x0000000085a00000| Complete 
|  91|0x0000000085b00000, 0x0000000085c00000, 0x0000000085c00000|100%| S|CS|TAMS 0x0000000085b00000| PB 0x0000000085b00000| Complete 
|  92|0x0000000085c00000, 0x0000000085d00000, 0x0000000085d00000|100%| S|CS|TAMS 0x0000000085c00000| PB 0x0000000085c00000| Complete 
|  93|0x0000000085d00000, 0x0000000085d00000, 0x0000000085e00000|  0%| F|  |TAMS 0x0000000085d00000| PB 0x0000000085d00000| Untracked 
|  94|0x0000000085e00000, 0x0000000085e00000, 0x0000000085f00000|  0%| F|  |TAMS 0x0000000085e00000| PB 0x0000000085e00000| Untracked 
|  95|0x0000000085f00000, 0x0000000085f00000, 0x0000000086000000|  0%| F|  |TAMS 0x0000000085f00000| PB 0x0000000085f00000| Untracked 
|  96|0x0000000086000000, 0x0000000086000000, 0x0000000086100000|  0%| F|  |TAMS 0x0000000086000000| PB 0x0000000086000000| Untracked 
|  97|0x0000000086100000, 0x0000000086100000, 0x0000000086200000|  0%| F|  |TAMS 0x0000000086100000| PB 0x0000000086100000| Untracked 
|  98|0x0000000086200000, 0x0000000086200000, 0x0000000086300000|  0%| F|  |TAMS 0x0000000086200000| PB 0x0000000086200000| Untracked 
|  99|0x0000000086300000, 0x0000000086300000, 0x0000000086400000|  0%| F|  |TAMS 0x0000000086300000| PB 0x0000000086300000| Untracked 
| 100|0x0000000086400000, 0x0000000086400000, 0x0000000086500000|  0%| F|  |TAMS 0x0000000086400000| PB 0x0000000086400000| Untracked 
| 101|0x0000000086500000, 0x0000000086500000, 0x0000000086600000|  0%| F|  |TAMS 0x0000000086500000| PB 0x0000000086500000| Untracked 
| 102|0x0000000086600000, 0x0000000086600000, 0x0000000086700000|  0%| F|  |TAMS 0x0000000086600000| PB 0x0000000086600000| Untracked 
| 103|0x0000000086700000, 0x0000000086700000, 0x0000000086800000|  0%| F|  |TAMS 0x0000000086700000| PB 0x0000000086700000| Untracked 
| 104|0x0000000086800000, 0x0000000086800000, 0x0000000086900000|  0%| F|  |TAMS 0x0000000086800000| PB 0x0000000086800000| Untracked 
| 105|0x0000000086900000, 0x0000000086900000, 0x0000000086a00000|  0%| F|  |TAMS 0x0000000086900000| PB 0x0000000086900000| Untracked 
| 106|0x0000000086a00000, 0x0000000086a00000, 0x0000000086b00000|  0%| F|  |TAMS 0x0000000086a00000| PB 0x0000000086a00000| Untracked 
| 107|0x0000000086b00000, 0x0000000086b00000, 0x0000000086c00000|  0%| F|  |TAMS 0x0000000086b00000| PB 0x0000000086b00000| Untracked 
| 108|0x0000000086c00000, 0x0000000086c00000, 0x0000000086d00000|  0%| F|  |TAMS 0x0000000086c00000| PB 0x0000000086c00000| Untracked 
| 109|0x0000000086d00000, 0x0000000086d00000, 0x0000000086e00000|  0%| F|  |TAMS 0x0000000086d00000| PB 0x0000000086d00000| Untracked 
| 110|0x0000000086e00000, 0x0000000086e00000, 0x0000000086f00000|  0%| F|  |TAMS 0x0000000086e00000| PB 0x0000000086e00000| Untracked 
| 111|0x0000000086f00000, 0x0000000086f00000, 0x0000000087000000|  0%| F|  |TAMS 0x0000000086f00000| PB 0x0000000086f00000| Untracked 
| 112|0x0000000087000000, 0x0000000087000000, 0x0000000087100000|  0%| F|  |TAMS 0x0000000087000000| PB 0x0000000087000000| Untracked 
| 113|0x0000000087100000, 0x0000000087100000, 0x0000000087200000|  0%| F|  |TAMS 0x0000000087100000| PB 0x0000000087100000| Untracked 
| 114|0x0000000087200000, 0x0000000087200000, 0x0000000087300000|  0%| F|  |TAMS 0x0000000087200000| PB 0x0000000087200000| Untracked 
| 115|0x0000000087300000, 0x0000000087300000, 0x0000000087400000|  0%| F|  |TAMS 0x0000000087300000| PB 0x0000000087300000| Untracked 
| 116|0x0000000087400000, 0x0000000087400000, 0x0000000087500000|  0%| F|  |TAMS 0x0000000087400000| PB 0x0000000087400000| Untracked 
| 117|0x0000000087500000, 0x0000000087500000, 0x0000000087600000|  0%| F|  |TAMS 0x0000000087500000| PB 0x0000000087500000| Untracked 
| 118|0x0000000087600000, 0x0000000087600000, 0x0000000087700000|  0%| F|  |TAMS 0x0000000087600000| PB 0x0000000087600000| Untracked 
| 119|0x0000000087700000, 0x0000000087700000, 0x0000000087800000|  0%| F|  |TAMS 0x0000000087700000| PB 0x0000000087700000| Untracked 
| 120|0x0000000087800000, 0x0000000087800000, 0x0000000087900000|  0%| F|  |TAMS 0x0000000087800000| PB 0x0000000087800000| Untracked 
| 121|0x0000000087900000, 0x0000000087900000, 0x0000000087a00000|  0%| F|  |TAMS 0x0000000087900000| PB 0x0000000087900000| Untracked 
| 122|0x0000000087a00000, 0x0000000087a00000, 0x0000000087b00000|  0%| F|  |TAMS 0x0000000087a00000| PB 0x0000000087a00000| Untracked 
| 123|0x0000000087b00000, 0x0000000087b00000, 0x0000000087c00000|  0%| F|  |TAMS 0x0000000087b00000| PB 0x0000000087b00000| Untracked 
| 124|0x0000000087c00000, 0x0000000087c00000, 0x0000000087d00000|  0%| F|  |TAMS 0x0000000087c00000| PB 0x0000000087c00000| Untracked 
| 125|0x0000000087d00000, 0x0000000087d00000, 0x0000000087e00000|  0%| F|  |TAMS 0x0000000087d00000| PB 0x0000000087d00000| Untracked 
| 126|0x0000000087e00000, 0x0000000087e00000, 0x0000000087f00000|  0%| F|  |TAMS 0x0000000087e00000| PB 0x0000000087e00000| Untracked 
| 127|0x0000000087f00000, 0x0000000087f00000, 0x0000000088000000|  0%| F|  |TAMS 0x0000000087f00000| PB 0x0000000087f00000| Untracked 
| 128|0x0000000088000000, 0x0000000088000000, 0x0000000088100000|  0%| F|  |TAMS 0x0000000088000000| PB 0x0000000088000000| Untracked 
| 129|0x0000000088100000, 0x0000000088100000, 0x0000000088200000|  0%| F|  |TAMS 0x0000000088100000| PB 0x0000000088100000| Untracked 
| 130|0x0000000088200000, 0x0000000088200000, 0x0000000088300000|  0%| F|  |TAMS 0x0000000088200000| PB 0x0000000088200000| Untracked 
|2039|0x00000000ff700000, 0x00000000ff700000, 0x00000000ff800000|  0%| F|  |TAMS 0x00000000ff700000| PB 0x00000000ff700000| Untracked 
|2040|0x00000000ff800000, 0x00000000ff900000, 0x00000000ff900000|100%| O|  |TAMS 0x00000000ff900000| PB 0x00000000ff800000| Untracked 
|2041|0x00000000ff900000, 0x00000000ffa00000, 0x00000000ffa00000|100%| O|  |TAMS 0x00000000ffa00000| PB 0x00000000ff900000| Untracked 
|2042|0x00000000ffa00000, 0x00000000ffa00000, 0x00000000ffb00000|  0%| F|  |TAMS 0x00000000ffa00000| PB 0x00000000ffa00000| Untracked 
|2043|0x00000000ffb00000, 0x00000000ffc00000, 0x00000000ffc00000|100%| O|  |TAMS 0x00000000ffc00000| PB 0x00000000ffb00000| Untracked 
|2044|0x00000000ffc00000, 0x00000000ffd00000, 0x00000000ffd00000|100%| O|  |TAMS 0x00000000ffd00000| PB 0x00000000ffc00000| Untracked 
|2045|0x00000000ffd00000, 0x00000000ffe00000, 0x00000000ffe00000|100%| O|  |TAMS 0x00000000ffe00000| PB 0x00000000ffd00000| Untracked 
|2046|0x00000000ffe00000, 0x00000000fff00000, 0x00000000fff00000|100%| O|  |TAMS 0x00000000fff00000| PB 0x00000000ffe00000| Untracked 
|2047|0x00000000fff00000, 0x0000000100000000, 0x0000000100000000|100%| O|  |TAMS 0x0000000100000000| PB 0x00000000fff00000| Untracked 

Card table byte_map: [0x000002323b9f0000,0x000002323bdf0000] _byte_map_base: 0x000002323b5f0000

Marking Bits: (CMBitMap*) 0x0000023226cce760
 Bits: [0x000002323bdf0000, 0x000002323ddf0000)

Polling page: 0x0000023226fd0000

Metaspace:

Usage:
  Non-class:     61.85 MB used.
      Class:      9.71 MB used.
       Both:     71.56 MB used.

Virtual space:
  Non-class space:       64.00 MB reserved,      62.75 MB ( 98%) committed,  1 nodes.
      Class space:        1.00 GB reserved,      10.62 MB (  1%) committed,  1 nodes.
             Both:        1.06 GB reserved,      73.38 MB (  7%) committed. 

Chunk freelists:
   Non-Class:  912.00 KB
       Class:  5.22 MB
        Both:  6.11 MB

MaxMetaspaceSize: unlimited
CompressedClassSpaceSize: 1.00 GB
Initial GC threshold: 21.00 MB
Current GC threshold: 121.69 MB
CDS: off
 - commit_granule_bytes: 65536.
 - commit_granule_words: 8192.
 - virtual_space_node_default_size: 8388608.
 - enlarge_chunks_in_place: 1.
 - use_allocation_guard: 0.


Internal statistics:

num_allocs_failed_limit: 6.
num_arena_births: 3304.
num_arena_deaths: 0.
num_vsnodes_births: 2.
num_vsnodes_deaths: 0.
num_space_committed: 1174.
num_space_uncommitted: 0.
num_chunks_returned_to_freelist: 6.
num_chunks_taken_from_freelist: 6399.
num_chunk_merges: 3.
num_chunk_splits: 4116.
num_chunks_enlarged: 2520.
num_inconsistent_stats: 0.

CodeHeap 'non-profiled nmethods': size=120000Kb used=3905Kb max_used=3905Kb free=116094Kb
 bounds [0x0000023233430000, 0x0000023233810000, 0x000002323a960000]
CodeHeap 'profiled nmethods': size=120000Kb used=14156Kb max_used=14156Kb free=105843Kb
 bounds [0x000002322b960000, 0x000002322c740000, 0x0000023232e90000]
CodeHeap 'non-nmethods': size=5760Kb used=2759Kb max_used=2810Kb free=3000Kb
 bounds [0x0000023232e90000, 0x0000023233160000, 0x0000023233430000]
 total_blobs=8419 nmethods=7518 adapters=805
 compilation: enabled
              stopped_count=0, restarted_count=0
 full_count=0

Compilation events (20 events):
Event: 14.804 Thread 0x0000023245074c80 8558       3       java.io.FileDescriptor$1::setAppend (6 bytes)
Event: 14.805 Thread 0x0000023245074c80 nmethod 8558 0x000002322c72de90 code [0x000002322c72e020, 0x000002322c72e138]
Event: 14.805 Thread 0x0000023245074c80 8559       3       java.io.FileDescriptor$1::registerCleanup (5 bytes)
Event: 14.805 Thread 0x0000023245074c80 nmethod 8559 0x000002322c72e210 code [0x000002322c72e3c0, 0x000002322c72e4f8]
Event: 14.805 Thread 0x0000023245074c80 8549       3       org.gradle.internal.snapshot.impl.DirectorySnapshotter$PathVisitor::getResult (8 bytes)
Event: 14.805 Thread 0x0000023245074c80 nmethod 8549 0x000002322c72e590 code [0x000002322c72e740, 0x000002322c72e970]
Event: 14.805 Thread 0x0000023245074c80 8551       3       com.google.common.collect.CollectCollectors$$Lambda/0x0000000100687470::get (4 bytes)
Event: 14.806 Thread 0x0000023245074c80 nmethod 8551 0x000002322c72ea90 code [0x000002322c72ec80, 0x000002322c72f250]
Event: 14.806 Thread 0x0000023245074c80 8562       3       org.gradle.internal.execution.steps.ExecuteWorkBuildOperationFiringStep::lambda$execute$1 (41 bytes)
Event: 14.808 Thread 0x0000023245074c80 nmethod 8562 0x000002322c72f490 code [0x000002322c72f720, 0x000002322c730660]
Event: 14.808 Thread 0x0000023245074c80 8554       3       com.google.common.collect.Maps::equalsImpl (39 bytes)
Event: 14.808 Thread 0x0000023245074c80 nmethod 8554 0x000002322c730b10 code [0x000002322c730d00, 0x000002322c7312f8]
Event: 14.808 Thread 0x0000023245074c80 8556       3       org.gradle.internal.execution.history.ImmutableWorkspaceMetadata::<init> (15 bytes)
Event: 14.809 Thread 0x0000023245074c80 nmethod 8556 0x000002322c731490 code [0x000002322c731640, 0x000002322c731860]
Event: 14.809 Thread 0x0000023245074c80 8561   !   3       sun.nio.ch.FileChannelImpl$Closer::run (28 bytes)
Event: 14.809 Thread 0x0000023245074c80 nmethod 8561 0x000002322c731910 code [0x000002322c731b20, 0x000002322c7321c8]
Event: 14.810 Thread 0x0000023245074c80 8560       3       java.io.FileDescriptor$1::close (5 bytes)
Event: 14.810 Thread 0x0000023245074c80 nmethod 8560 0x000002322c732490 code [0x000002322c732680, 0x000002322c732b98]
Event: 14.810 Thread 0x0000023245074c80 8564   !   2       sun.nio.cs.StreamDecoder::inReady (36 bytes)
Event: 14.811 Thread 0x0000023245074c80 nmethod 8564 0x000002322c732d90 code [0x000002322c732f40, 0x000002322c733130]

GC Heap History (20 events):
Event: 10.169 GC heap after
{Heap after GC invocations=15 (full 0):
 garbage-first heap   total 102400K, used 53167K [0x0000000080000000, 0x0000000100000000)
  region size 1024K, 3 young (3072K), 3 survivors (3072K)
 Metaspace       used 54560K, committed 56000K, reserved 1114112K
  class space    used 7366K, committed 8064K, reserved 1048576K
}
Event: 10.581 GC heap before
{Heap before GC invocations=15 (full 0):
 garbage-first heap   total 102400K, used 69551K [0x0000000080000000, 0x0000000100000000)
  region size 1024K, 20 young (20480K), 3 survivors (3072K)
 Metaspace       used 56234K, committed 57792K, reserved 1114112K
  class space    used 7656K, committed 8448K, reserved 1048576K
}
Event: 10.585 GC heap after
{Heap after GC invocations=16 (full 0):
 garbage-first heap   total 102400K, used 54660K [0x0000000080000000, 0x0000000100000000)
  region size 1024K, 5 young (5120K), 5 survivors (5120K)
 Metaspace       used 56234K, committed 57792K, reserved 1114112K
  class space    used 7656K, committed 8448K, reserved 1048576K
}
Event: 11.163 GC heap before
{Heap before GC invocations=17 (full 0):
 garbage-first heap   total 102400K, used 99716K [0x0000000080000000, 0x0000000100000000)
  region size 1024K, 33 young (33792K), 5 survivors (5120K)
 Metaspace       used 58404K, committed 59968K, reserved 1114112K
  class space    used 7798K, committed 8576K, reserved 1048576K
}
Event: 11.175 GC heap after
{Heap after GC invocations=18 (full 0):
 garbage-first heap   total 110592K, used 74752K [0x0000000080000000, 0x0000000100000000)
  region size 1024K, 5 young (5120K), 5 survivors (5120K)
 Metaspace       used 58404K, committed 59968K, reserved 1114112K
  class space    used 7798K, committed 8576K, reserved 1048576K
}
Event: 11.313 GC heap before
{Heap before GC invocations=18 (full 0):
 garbage-first heap   total 110592K, used 99328K [0x0000000080000000, 0x0000000100000000)
  region size 1024K, 29 young (29696K), 5 survivors (5120K)
 Metaspace       used 58940K, committed 60544K, reserved 1114112K
  class space    used 7889K, committed 8704K, reserved 1048576K
}
Event: 11.319 GC heap after
{Heap after GC invocations=19 (full 0):
 garbage-first heap   total 133120K, used 75642K [0x0000000080000000, 0x0000000100000000)
  region size 1024K, 1 young (1024K), 1 survivors (1024K)
 Metaspace       used 58940K, committed 60544K, reserved 1114112K
  class space    used 7889K, committed 8704K, reserved 1048576K
}
Event: 12.098 GC heap before
{Heap before GC invocations=19 (full 0):
 garbage-first heap   total 133120K, used 115578K [0x0000000080000000, 0x0000000100000000)
  region size 1024K, 40 young (40960K), 1 survivors (1024K)
 Metaspace       used 63684K, committed 65344K, reserved 1114112K
  class space    used 8544K, committed 9344K, reserved 1048576K
}
Event: 12.102 GC heap after
{Heap after GC invocations=20 (full 0):
 garbage-first heap   total 133120K, used 77565K [0x0000000080000000, 0x0000000100000000)
  region size 1024K, 3 young (3072K), 3 survivors (3072K)
 Metaspace       used 63684K, committed 65344K, reserved 1114112K
  class space    used 8544K, committed 9344K, reserved 1048576K
}
Event: 12.920 GC heap before
{Heap before GC invocations=21 (full 0):
 garbage-first heap   total 133120K, used 117501K [0x0000000080000000, 0x0000000100000000)
  region size 1024K, 42 young (43008K), 3 survivors (3072K)
 Metaspace       used 68642K, committed 70400K, reserved 1114112K
  class space    used 9328K, committed 10176K, reserved 1048576K
}
Event: 12.926 GC heap after
{Heap after GC invocations=22 (full 0):
 garbage-first heap   total 133120K, used 80241K [0x0000000080000000, 0x0000000100000000)
  region size 1024K, 6 young (6144K), 6 survivors (6144K)
 Metaspace       used 68642K, committed 70400K, reserved 1114112K
  class space    used 9328K, committed 10176K, reserved 1048576K
}
Event: 13.773 GC heap before
{Heap before GC invocations=22 (full 0):
 garbage-first heap   total 133120K, used 118129K [0x0000000080000000, 0x0000000100000000)
  region size 1024K, 43 young (44032K), 6 survivors (6144K)
 Metaspace       used 72297K, committed 74112K, reserved 1114112K
  class space    used 9905K, committed 10816K, reserved 1048576K
}
Event: 13.782 GC heap after
{Heap after GC invocations=23 (full 0):
 garbage-first heap   total 133120K, used 82031K [0x0000000080000000, 0x0000000100000000)
  region size 1024K, 6 young (6144K), 6 survivors (6144K)
 Metaspace       used 72297K, committed 74112K, reserved 1114112K
  class space    used 9905K, committed 10816K, reserved 1048576K
}
Event: 14.325 GC heap before
{Heap before GC invocations=23 (full 0):
 garbage-first heap   total 133120K, used 117871K [0x0000000080000000, 0x0000000100000000)
  region size 1024K, 42 young (43008K), 6 survivors (6144K)
 Metaspace       used 72903K, committed 74752K, reserved 1114112K
  class space    used 9936K, committed 10880K, reserved 1048576K
}
Event: 14.332 GC heap after
{Heap after GC invocations=24 (full 0):
 garbage-first heap   total 133120K, used 85815K [0x0000000080000000, 0x0000000100000000)
  region size 1024K, 6 young (6144K), 6 survivors (6144K)
 Metaspace       used 72903K, committed 74752K, reserved 1114112K
  class space    used 9936K, committed 10880K, reserved 1048576K
}
Event: 14.513 GC heap before
{Heap before GC invocations=25 (full 0):
 garbage-first heap   total 143360K, used 118583K [0x0000000080000000, 0x0000000100000000)
  region size 1024K, 39 young (39936K), 6 survivors (6144K)
 Metaspace       used 73069K, committed 74944K, reserved 1114112K
  class space    used 9936K, committed 10880K, reserved 1048576K
}
Event: 14.519 GC heap after
{Heap after GC invocations=26 (full 0):
 garbage-first heap   total 143360K, used 88034K [0x0000000080000000, 0x0000000100000000)
  region size 1024K, 4 young (4096K), 4 survivors (4096K)
 Metaspace       used 73069K, committed 74944K, reserved 1114112K
  class space    used 9936K, committed 10880K, reserved 1048576K
}
Event: 14.667 GC heap before
{Heap before GC invocations=26 (full 0):
 garbage-first heap   total 143360K, used 127970K [0x0000000080000000, 0x0000000100000000)
  region size 1024K, 44 young (45056K), 4 survivors (4096K)
 Metaspace       used 73228K, committed 75072K, reserved 1114112K
  class space    used 9936K, committed 10880K, reserved 1048576K
}
Event: 14.672 GC heap after
{Heap after GC invocations=27 (full 0):
 garbage-first heap   total 143360K, used 87966K [0x0000000080000000, 0x0000000100000000)
  region size 1024K, 5 young (5120K), 5 survivors (5120K)
 Metaspace       used 73228K, committed 75072K, reserved 1114112K
  class space    used 9936K, committed 10880K, reserved 1048576K
}
Event: 14.811 GC heap before
{Heap before GC invocations=27 (full 0):
 garbage-first heap   total 143360K, used 127902K [0x0000000080000000, 0x0000000100000000)
  region size 1024K, 45 young (46080K), 5 survivors (5120K)
 Metaspace       used 73274K, committed 75136K, reserved 1114112K
  class space    used 9943K, committed 10880K, reserved 1048576K
}

Dll operation events (3 events):
Event: 0.013 Loaded shared library C:\Program Files\Android\Android Studio\jbr\bin\java.dll
Event: 0.021 Loaded shared library C:\Program Files\Android\Android Studio\jbr\bin\zip.dll
Event: 1.961 Loaded shared library C:\Program Files\Android\Android Studio\jbr\bin\verify.dll

Deoptimization events (20 events):
Event: 14.581 Thread 0x00000232485fbe50 Uncommon trap: trap_request=0xffffffde fr.pc=0x000002323376b878 relative=0x00000000000002b8
Event: 14.581 Thread 0x0000023249e9ac00 Uncommon trap: trap_request=0xffffffde fr.pc=0x000002323376b878 relative=0x00000000000002b8
Event: 14.581 Thread 0x00000232485fbe50 Uncommon trap: reason=class_check action=maybe_recompile pc=0x000002323376b878 method=java.util.concurrent.ConcurrentHashMap.get(Ljava/lang/Object;)Ljava/lang/Object; @ 93 c2
Event: 14.581 Thread 0x0000023249e9ac00 Uncommon trap: reason=class_check action=maybe_recompile pc=0x000002323376b878 method=java.util.concurrent.ConcurrentHashMap.get(Ljava/lang/Object;)Ljava/lang/Object; @ 93 c2
Event: 14.581 Thread 0x00000232485fbe50 DEOPT PACKING pc=0x000002323376b878 sp=0x00000089f24fdb70
Event: 14.581 Thread 0x0000023249e9ac00 DEOPT PACKING pc=0x000002323376b878 sp=0x00000089f21fdb70
Event: 14.581 Thread 0x00000232485fbe50 DEOPT UNPACKING pc=0x0000023232ee46a2 sp=0x00000089f24fdad8 mode 2
Event: 14.581 Thread 0x0000023249e9ac00 DEOPT UNPACKING pc=0x0000023232ee46a2 sp=0x00000089f21fdad8 mode 2
Event: 14.583 Thread 0x0000023249e9a570 Uncommon trap: trap_request=0xffffff45 fr.pc=0x000002323363f1cc relative=0x000000000000026c
Event: 14.583 Thread 0x0000023249e9a570 Uncommon trap: reason=unstable_if action=reinterpret pc=0x000002323363f1cc method=java.util.concurrent.ConcurrentHashMap.addCount(JI)V @ 171 c2
Event: 14.583 Thread 0x0000023249e9a570 DEOPT PACKING pc=0x000002323363f1cc sp=0x00000089f20fe2b0
Event: 14.583 Thread 0x0000023249e9a570 DEOPT UNPACKING pc=0x0000023232ee46a2 sp=0x00000089f20fe1f0 mode 2
Event: 14.583 Thread 0x0000023249e99ee0 Uncommon trap: trap_request=0xffffff45 fr.pc=0x000002323350a76c relative=0x00000000000011cc
Event: 14.583 Thread 0x0000023249e99ee0 Uncommon trap: reason=unstable_if action=reinterpret pc=0x000002323350a76c method=java.util.concurrent.ConcurrentHashMap.transfer([Ljava/util/concurrent/ConcurrentHashMap$Node;[Ljava/util/concurrent/ConcurrentHashMap$Node;)V @ 273 c2
Event: 14.583 Thread 0x0000023249e99ee0 DEOPT PACKING pc=0x000002323350a76c sp=0x00000089f1cfe100
Event: 14.583 Thread 0x0000023249e99ee0 DEOPT UNPACKING pc=0x0000023232ee46a2 sp=0x00000089f1cfe070 mode 2
Event: 14.583 Thread 0x0000023249e99ee0 Uncommon trap: trap_request=0xffffff45 fr.pc=0x000002323363f1cc relative=0x000000000000026c
Event: 14.583 Thread 0x0000023249e99ee0 Uncommon trap: reason=unstable_if action=reinterpret pc=0x000002323363f1cc method=java.util.concurrent.ConcurrentHashMap.addCount(JI)V @ 171 c2
Event: 14.583 Thread 0x0000023249e99ee0 DEOPT PACKING pc=0x000002323363f1cc sp=0x00000089f1cfe1e0
Event: 14.583 Thread 0x0000023249e99ee0 DEOPT UNPACKING pc=0x0000023232ee46a2 sp=0x00000089f1cfe120 mode 2

Classes loaded (20 events):
Event: 13.002 Loading class org/xml/sax/Locator
Event: 13.002 Loading class org/xml/sax/Locator done
Event: 13.002 Loading class org/xml/sax/SAXParseException
Event: 13.002 Loading class org/xml/sax/SAXParseException done
Event: 13.004 Loading class org/xml/sax/Attributes
Event: 13.004 Loading class org/xml/sax/Attributes done
Event: 13.083 Loading class java/util/DualPivotQuicksort
Event: 13.085 Loading class java/util/DualPivotQuicksort done
Event: 13.200 Loading class java/util/function/LongUnaryOperator
Event: 13.200 Loading class java/util/function/LongUnaryOperator done
Event: 13.963 Loading class java/util/Collections$ReverseComparator
Event: 13.963 Loading class java/util/Collections$ReverseComparator done
Event: 13.963 Loading class java/util/Collections$ReverseComparator2
Event: 13.964 Loading class java/util/Collections$ReverseComparator2 done
Event: 14.071 Loading class java/util/LinkedList$LLSpliterator
Event: 14.072 Loading class java/util/LinkedList$LLSpliterator done
Event: 14.673 Loading class java/util/concurrent/LinkedBlockingDeque$Itr
Event: 14.673 Loading class java/util/concurrent/LinkedBlockingDeque$AbstractItr
Event: 14.673 Loading class java/util/concurrent/LinkedBlockingDeque$AbstractItr done
Event: 14.673 Loading class java/util/concurrent/LinkedBlockingDeque$Itr done

Classes unloaded (0 events):
No events

Classes redefined (0 events):
No events

Internal exceptions (20 events):
Event: 12.992 Thread 0x000002324653b1e0 Exception <a 'java/lang/ClassNotFoundException'{0x00000000876d27f8}: org/gradle/api/internal/project/DefaultProject_DecoratedBeanInfo> (0x00000000876d27f8) 
thrown [s\src\hotspot\share\classfile\systemDictionary.cpp, line 312]
Event: 12.992 Thread 0x000002324653b1e0 Exception <a 'java/lang/ClassNotFoundException'{0x00000000876de658}: org/gradle/api/internal/project/DefaultProjectBeanInfo> (0x00000000876de658) 
thrown [s\src\hotspot\share\classfile\systemDictionary.cpp, line 312]
Event: 12.993 Thread 0x000002324653b1e0 Exception <a 'java/lang/ClassNotFoundException'{0x00000000876ea530}: org/gradle/api/internal/project/DefaultProjectCustomizer> (0x00000000876ea530) 
thrown [s\src\hotspot\share\classfile\systemDictionary.cpp, line 312]
Event: 12.999 Thread 0x000002324653b1e0 Exception <a 'java/lang/ClassNotFoundException'{0x00000000875a8b20}: org/gradle/api/internal/project/DefaultProject_DecoratedCustomizer> (0x00000000875a8b20) 
thrown [s\src\hotspot\share\classfile\systemDictionary.cpp, line 312]
Event: 13.096 Thread 0x000002324653b1e0 Exception <a 'java/lang/NoSuchMethodError'{0x0000000086f4b4d8}: 'java.lang.Object java.lang.invoke.DirectMethodHandle$Holder.invokeInterface(java.lang.Object, java.lang.Object, int)'> (0x0000000086f4b4d8) 
thrown [s\src\hotspot\share\interpreter\linkResolver.cpp, line 784]
Event: 13.200 Thread 0x000002324653b1e0 Exception <a 'java/lang/NoSuchMethodError'{0x0000000086bbd5e0}: 'long java.lang.invoke.DirectMethodHandle$Holder.invokeStatic(java.lang.Object, long)'> (0x0000000086bbd5e0) 
thrown [s\src\hotspot\share\interpreter\linkResolver.cpp, line 784]
Event: 13.272 Thread 0x000002324653b1e0 Exception <a 'java/lang/NoSuchMethodError'{0x00000000867e0eb8}: 'java.lang.Object java.lang.invoke.DirectMethodHandle$Holder.invokeVirtual(java.lang.Object, java.lang.Object, java.lang.Object, java.lang.Object, java.lang.Object, java.lang.Object, java.lang.Object, java.lang.Object, java.lang.Object, java.lang.Object, java.lang.Object, java.lang.Object, java.lang.Object, java.lang.Object, java.lang.Object, java.lang.Object, java.lang.Object)'> (0x00000000867e0eb8) 
thrown [s\src\hotspot\share\interpreter\li
Event: 13.273 Thread 0x000002324653b1e0 Exception <a 'java/lang/NoSuchMethodError'{0x00000000867e6e88}: 'java.lang.Object java.lang.invoke.DirectMethodHandle$Holder.invokeSpecial(java.lang.Object, java.lang.Object, java.lang.Object, java.lang.Object, java.lang.Object, java.lang.Object, java.lang.Object, java.lang.Object, java.lang.Object, java.lang.Object, java.lang.Object, java.lang.Object, java.lang.Object, java.lang.Object, java.lang.Object, java.lang.Object, java.lang.Object, java.lang.Object)'> (0x00000000867e6e88) 
thrown [s\src\hotspot\sh
Event: 13.273 Thread 0x000002324653b1e0 Exception <a 'java/lang/NoSuchMethodError'{0x00000000867ec658}: 'java.lang.Object java.lang.invoke.DelegatingMethodHandle$Holder.reinvoke_L(java.lang.Object, java.lang.Object, java.lang.Object, java.lang.Object, java.lang.Object, java.lang.Object, java.lang.Object, java.lang.Object, java.lang.Object, java.lang.Object, java.lang.Object, java.lang.Object, java.lang.Object, java.lang.Object, java.lang.Object, java.lang.Object, java.lang.Object)'> (0x00000000867ec658) 
thrown [s\src\hotspot\share\interpreter\l
Event: 13.398 Thread 0x000002324653b1e0 Exception <a 'java/lang/NoSuchMethodError'{0x00000000862c6410}: static Lorg/gradle/api/internal/catalog/DefaultVersionCatalog;.<clinit>()V> (0x00000000862c6410) 
thrown [s\src\hotspot\share\prims\jni.cpp, line 1139]
Event: 13.406 Thread 0x000002324653b1e0 Exception <a 'java/lang/NoSuchMethodError'{0x0000000086119a88}: static [Ljava/lang/Object;.<clinit>()V> (0x0000000086119a88) 
thrown [s\src\hotspot\share\prims\jni.cpp, line 1139]
Event: 13.409 Thread 0x000002324653b1e0 Exception <a 'java/lang/NoSuchMethodError'{0x0000000086142660}: static Lorg/gradle/api/internal/catalog/DependencyModel;.<clinit>()V> (0x0000000086142660) 
thrown [s\src\hotspot\share\prims\jni.cpp, line 1139]
Event: 13.409 Thread 0x000002324653b1e0 Exception <a 'java/lang/NoSuchMethodError'{0x00000000861463d0}: static Lorg/gradle/api/internal/catalog/AbstractContextAwareModel;.<clinit>()V> (0x00000000861463d0) 
thrown [s\src\hotspot\share\prims\jni.cpp, line 1139]
Event: 13.411 Thread 0x000002324653b1e0 Exception <a 'java/lang/NoSuchMethodError'{0x000000008615fb20}: static Lorg/gradle/api/internal/artifacts/dependencies/AbstractVersionConstraint;.<clinit>()V> (0x000000008615fb20) 
thrown [s\src\hotspot\share\prims\jni.cpp, line 1139]
Event: 13.416 Thread 0x000002324653b1e0 Exception <a 'java/lang/NoSuchMethodError'{0x00000000861b2a88}: static Lorg/gradle/api/internal/catalog/PluginModel;.<clinit>()V> (0x00000000861b2a88) 
thrown [s\src\hotspot\share\prims\jni.cpp, line 1139]
Event: 13.418 Thread 0x000002324653b1e0 Exception <a 'java/lang/NoSuchMethodError'{0x00000000861c9d18}: static Lorg/gradle/api/internal/catalog/VersionModel;.<clinit>()V> (0x00000000861c9d18) 
thrown [s\src\hotspot\share\prims\jni.cpp, line 1139]
Event: 13.535 Thread 0x000002324653b1e0 Exception <a 'java/lang/NoSuchMethodError'{0x0000000085dbad90}: 'int java.lang.invoke.DirectMethodHandle$Holder.invokeSpecialIFC(java.lang.Object, java.lang.Object, java.lang.Object)'> (0x0000000085dbad90) 
thrown [s\src\hotspot\share\interpreter\linkResolver.cpp, line 784]
Event: 13.624 Thread 0x000002324653b1e0 Exception <a 'java/lang/NoSuchMethodError'{0x0000000085968df8}: 'java.lang.Object java.lang.invoke.DirectMethodHandle$Holder.invokeSpecial(java.lang.Object, java.lang.Object, java.lang.Object, java.lang.Object, java.lang.Object, long)'> (0x0000000085968df8) 
thrown [s\src\hotspot\share\interpreter\linkResolver.cpp, line 784]
Event: 13.627 Thread 0x000002324653b1e0 Exception <a 'java/lang/NoSuchMethodError'{0x000000008598bae8}: 'void java.lang.invoke.DirectMethodHandle$Holder.invokeStatic(java.lang.Object, java.lang.Object, java.lang.Object, int, java.lang.Object)'> (0x000000008598bae8) 
thrown [s\src\hotspot\share\interpreter\linkResolver.cpp, line 784]
Event: 14.072 Thread 0x000002324653b1e0 Exception <a 'java/lang/IncompatibleClassChangeError'{0x0000000087287f28}: Found class java.lang.Object, but interface was expected> (0x0000000087287f28) 
thrown [s\src\hotspot\share\interpreter\linkResolver.cpp, line 851]

ZGC Phase Switch (0 events):
No events

VM Operations (20 events):
Event: 13.782 Executing VM operation: G1CollectForAllocation (G1 Evacuation Pause) done
Event: 13.996 Executing VM operation: ICBufferFull
Event: 13.997 Executing VM operation: ICBufferFull done
Event: 14.005 Executing VM operation: HandshakeAllThreads (Deoptimize)
Event: 14.005 Executing VM operation: HandshakeAllThreads (Deoptimize) done
Event: 14.196 Executing VM operation: ICBufferFull
Event: 14.196 Executing VM operation: ICBufferFull done
Event: 14.324 Executing VM operation: G1CollectForAllocation (G1 Evacuation Pause)
Event: 14.332 Executing VM operation: G1CollectForAllocation (G1 Evacuation Pause) done
Event: 14.382 Executing VM operation: G1PauseRemark
Event: 14.386 Executing VM operation: G1PauseRemark done
Event: 14.409 Executing VM operation: G1PauseCleanup
Event: 14.409 Executing VM operation: G1PauseCleanup done
Event: 14.513 Executing VM operation: G1CollectForAllocation (G1 Evacuation Pause)
Event: 14.520 Executing VM operation: G1CollectForAllocation (G1 Evacuation Pause) done
Event: 14.667 Executing VM operation: G1CollectForAllocation (G1 Evacuation Pause)
Event: 14.672 Executing VM operation: G1CollectForAllocation (G1 Evacuation Pause) done
Event: 14.692 Executing VM operation: HandshakeAllThreads (Deoptimize)
Event: 14.692 Executing VM operation: HandshakeAllThreads (Deoptimize) done
Event: 14.811 Executing VM operation: G1CollectForAllocation (G1 Evacuation Pause)

Memory protections (0 events):
No events

Nmethod flushes (20 events):
Event: 14.385 Thread 0x0000023240ae4bb0 flushing  nmethod 0x0000023233663510
Event: 14.385 Thread 0x0000023240ae4bb0 flushing  nmethod 0x0000023233663e10
Event: 14.385 Thread 0x0000023240ae4bb0 flushing  nmethod 0x000002322b9f5510
Event: 14.385 Thread 0x0000023240ae4bb0 flushing  nmethod 0x000002322baed810
Event: 14.385 Thread 0x0000023240ae4bb0 flushing  nmethod 0x000002322baee990
Event: 14.385 Thread 0x0000023240ae4bb0 flushing  nmethod 0x000002322baef490
Event: 14.385 Thread 0x0000023240ae4bb0 flushing  nmethod 0x000002322bd14f10
Event: 14.385 Thread 0x0000023240ae4bb0 flushing  nmethod 0x000002322be76390
Event: 14.385 Thread 0x0000023240ae4bb0 flushing  nmethod 0x000002322c049490
Event: 14.385 Thread 0x0000023240ae4bb0 flushing  nmethod 0x000002322c04a490
Event: 14.385 Thread 0x0000023240ae4bb0 flushing  nmethod 0x000002322c04d310
Event: 14.385 Thread 0x0000023240ae4bb0 flushing  nmethod 0x000002322c10c510
Event: 14.385 Thread 0x0000023240ae4bb0 flushing  nmethod 0x000002322c2c4690
Event: 14.385 Thread 0x0000023240ae4bb0 flushing  nmethod 0x00000232334e7c90
Event: 14.385 Thread 0x0000023240ae4bb0 flushing  nmethod 0x000002323363ed90
Event: 14.385 Thread 0x0000023240ae4bb0 flushing  nmethod 0x000002322ba5d790
Event: 14.385 Thread 0x0000023240ae4bb0 flushing  nmethod 0x000002322bc71490
Event: 14.385 Thread 0x0000023240ae4bb0 flushing  nmethod 0x000002322bf30c10
Event: 14.385 Thread 0x0000023240ae4bb0 flushing  nmethod 0x000002322bf32e10
Event: 14.385 Thread 0x0000023240ae4bb0 flushing  nmethod 0x000002322c30cf90

Events (20 events):
Event: 14.188 Thread 0x000002324653b1e0 Thread added: 0x0000023249e984a0
Event: 14.190 Thread 0x000002324653b1e0 Thread added: 0x0000023249e98b30
Event: 14.193 Thread 0x000002324653b1e0 Thread added: 0x0000023249e9b290
Event: 14.195 Thread 0x000002324653b1e0 Thread added: 0x0000023249e94990
Event: 14.198 Thread 0x000002324653b1e0 Thread added: 0x0000023249e95020
Event: 14.201 Thread 0x000002324653b1e0 Thread added: 0x0000023249e970f0
Event: 14.203 Thread 0x000002324653b1e0 Thread added: 0x0000023249e97e10
Event: 14.206 Thread 0x000002324653b1e0 Thread added: 0x0000023249e991c0
Event: 14.208 Thread 0x000002324653b1e0 Thread added: 0x0000023249e99850
Event: 14.439 Thread 0x000002324653b1e0 Thread added: 0x0000023249e99ee0
Event: 14.439 Thread 0x000002324653b1e0 Thread added: 0x0000023249e956b0
Event: 14.440 Thread 0x000002324653b1e0 Thread added: 0x0000023249e963d0
Event: 14.440 Thread 0x000002324653b1e0 Thread added: 0x0000023249e9bfb0
Event: 14.441 Thread 0x000002324653b1e0 Thread added: 0x0000023249e9a570
Event: 14.442 Thread 0x000002324653b1e0 Thread added: 0x0000023249e9ac00
Event: 14.442 Thread 0x000002324653b1e0 Thread added: 0x00000232485fb7c0
Event: 14.443 Thread 0x000002324653b1e0 Thread added: 0x00000232485fb130
Event: 14.444 Thread 0x000002324653b1e0 Thread added: 0x00000232485fbe50
Event: 14.446 Thread 0x000002324653b1e0 Thread added: 0x00000232485f96f0
Event: 14.447 Thread 0x000002324653b1e0 Thread added: 0x00000232485f7cb0


Dynamic libraries:
0x00007ff709f60000 - 0x00007ff709f6a000 	C:\Program Files\Android\Android Studio\jbr\bin\java.exe
0x00007ffcf52d0000 - 0x00007ffcf54e7000 	C:\Windows\SYSTEM32\ntdll.dll
0x00007ffcc7260000 - 0x00007ffcc727b000 	C:\Program Files\Avast Software\Avast\aswhook.dll
0x00007ffcf3eb0000 - 0x00007ffcf3f74000 	C:\Windows\System32\KERNEL32.DLL
0x00007ffcf27b0000 - 0x00007ffcf2b83000 	C:\Windows\System32\KERNELBASE.dll
0x00007ffcf24f0000 - 0x00007ffcf2601000 	C:\Windows\System32\ucrtbase.dll
0x00007ffceb0e0000 - 0x00007ffceb0fb000 	C:\Program Files\Android\Android Studio\jbr\bin\VCRUNTIME140.dll
0x00007ffcdd1d0000 - 0x00007ffcdd1e8000 	C:\Program Files\Android\Android Studio\jbr\bin\jli.dll
0x00007ffcf3cb0000 - 0x00007ffcf3e61000 	C:\Windows\System32\USER32.dll
0x00007ffcf2780000 - 0x00007ffcf27a6000 	C:\Windows\System32\win32u.dll
0x00007ffcd5c10000 - 0x00007ffcd5eab000 	C:\Windows\WinSxS\amd64_microsoft.windows.common-controls_6595b64144ccf1df_6.0.22621.5262_none_2712bde373830908\COMCTL32.dll
0x00007ffcf3950000 - 0x00007ffcf3979000 	C:\Windows\System32\GDI32.dll
0x00007ffcf51e0000 - 0x00007ffcf5287000 	C:\Windows\System32\msvcrt.dll
0x00007ffcf23c0000 - 0x00007ffcf24e2000 	C:\Windows\System32\gdi32full.dll
0x00007ffcf2c90000 - 0x00007ffcf2d2a000 	C:\Windows\System32\msvcp_win.dll
0x00007ffcf3e70000 - 0x00007ffcf3ea1000 	C:\Windows\System32\IMM32.DLL
0x00007ffceb2e0000 - 0x00007ffceb2ec000 	C:\Program Files\Android\Android Studio\jbr\bin\vcruntime140_1.dll
0x00007ffcae760000 - 0x00007ffcae7ed000 	C:\Program Files\Android\Android Studio\jbr\bin\msvcp140.dll
0x00007ffcaceb0000 - 0x00007ffcadb3b000 	C:\Program Files\Android\Android Studio\jbr\bin\server\jvm.dll
0x00007ffcf42f0000 - 0x00007ffcf43a1000 	C:\Windows\System32\ADVAPI32.dll
0x00007ffcf3290000 - 0x00007ffcf3337000 	C:\Windows\System32\sechost.dll
0x00007ffcf2f30000 - 0x00007ffcf2f58000 	C:\Windows\System32\bcrypt.dll
0x00007ffcf50c0000 - 0x00007ffcf51d4000 	C:\Windows\System32\RPCRT4.dll
0x00007ffcf2f60000 - 0x00007ffcf2fd1000 	C:\Windows\System32\WS2_32.dll
0x00007ffcee230000 - 0x00007ffcee264000 	C:\Windows\SYSTEM32\WINMM.dll
0x00007ffcf2290000 - 0x00007ffcf22dd000 	C:\Windows\SYSTEM32\POWRPROF.dll
0x00007ffce9890000 - 0x00007ffce989a000 	C:\Windows\SYSTEM32\VERSION.dll
0x00007ffcf21c0000 - 0x00007ffcf21d3000 	C:\Windows\SYSTEM32\UMPDC.dll
0x00007ffcf1400000 - 0x00007ffcf1418000 	C:\Windows\SYSTEM32\kernel.appcore.dll
0x00007ffcead70000 - 0x00007ffcead7a000 	C:\Program Files\Android\Android Studio\jbr\bin\jimage.dll
0x00007ffcec4c0000 - 0x00007ffcec6f2000 	C:\Windows\SYSTEM32\DBGHELP.DLL
0x00007ffcf4d20000 - 0x00007ffcf50b3000 	C:\Windows\System32\combase.dll
0x00007ffcf41e0000 - 0x00007ffcf42b7000 	C:\Windows\System32\OLEAUT32.dll
0x00007ffce9120000 - 0x00007ffce9152000 	C:\Windows\SYSTEM32\dbgcore.DLL
0x00007ffcf2b90000 - 0x00007ffcf2c0b000 	C:\Windows\System32\bcryptPrimitives.dll
0x00007ffcd51f0000 - 0x00007ffcd51fe000 	C:\Program Files\Android\Android Studio\jbr\bin\instrument.dll
0x00007ffcead50000 - 0x00007ffcead70000 	C:\Program Files\Android\Android Studio\jbr\bin\java.dll
0x00007ffcded80000 - 0x00007ffcded98000 	C:\Program Files\Android\Android Studio\jbr\bin\zip.dll
0x00007ffcf4480000 - 0x00007ffcf4d1d000 	C:\Windows\System32\SHELL32.dll
0x00007ffcf2df0000 - 0x00007ffcf2f2f000 	C:\Windows\System32\wintypes.dll
0x00007ffcf0300000 - 0x00007ffcf0c1d000 	C:\Windows\SYSTEM32\windows.storage.dll
0x00007ffcf3100000 - 0x00007ffcf320b000 	C:\Windows\System32\SHCORE.dll
0x00007ffcf43b0000 - 0x00007ffcf4416000 	C:\Windows\System32\shlwapi.dll
0x00007ffcf22f0000 - 0x00007ffcf231b000 	C:\Windows\SYSTEM32\profapi.dll
0x00007ffcded70000 - 0x00007ffcded80000 	C:\Program Files\Android\Android Studio\jbr\bin\net.dll
0x00007ffcef350000 - 0x00007ffcef47c000 	C:\Windows\SYSTEM32\WINHTTP.dll
0x00007ffcf1880000 - 0x00007ffcf18ea000 	C:\Windows\system32\mswsock.dll
0x00007ffcded50000 - 0x00007ffcded66000 	C:\Program Files\Android\Android Studio\jbr\bin\nio.dll
0x00007ffcee3c0000 - 0x00007ffcee3d0000 	C:\Program Files\Android\Android Studio\jbr\bin\verify.dll
0x00007ffcdd280000 - 0x00007ffcdd2a7000 	C:\Users\Hp\.gradle\native\c067742578af261105cb4f569cf0c3c89f3d7b1fecec35dd04571415982c5e48\windows-amd64\native-platform.dll
0x00007ffca8f90000 - 0x00007ffca90d4000 	C:\Users\Hp\.gradle\native\100fb08df4bc3b14c8652ba06237920a3bd2aa13389f12d3474272988ae205f9\windows-amd64\native-platform-file-events.dll
0x00007ffcdece0000 - 0x00007ffcdece9000 	C:\Program Files\Android\Android Studio\jbr\bin\management.dll
0x00007ffcdd320000 - 0x00007ffcdd32b000 	C:\Program Files\Android\Android Studio\jbr\bin\management_ext.dll
0x00007ffcf3340000 - 0x00007ffcf3348000 	C:\Windows\System32\PSAPI.DLL
0x00007ffcf1ae0000 - 0x00007ffcf1afb000 	C:\Windows\SYSTEM32\CRYPTSP.dll
0x00007ffcf1360000 - 0x00007ffcf1397000 	C:\Windows\system32\rsaenh.dll
0x00007ffcf1970000 - 0x00007ffcf1998000 	C:\Windows\SYSTEM32\USERENV.dll
0x00007ffcf1ad0000 - 0x00007ffcf1adc000 	C:\Windows\SYSTEM32\CRYPTBASE.dll
0x00007ffcf0e80000 - 0x00007ffcf0ead000 	C:\Windows\SYSTEM32\IPHLPAPI.DLL
0x00007ffcf3350000 - 0x00007ffcf3359000 	C:\Windows\System32\NSI.dll
0x00007ffcdecf0000 - 0x00007ffcdecf9000 	C:\Program Files\Android\Android Studio\jbr\bin\extnet.dll
0x00007ffca31f0000 - 0x00007ffca31f8000 	C:\Windows\system32\wshunix.dll

dbghelp: loaded successfully - version: 4.0.5 - missing functions: none
symbol engine: initialized successfully - sym options: 0x614 - pdb path: .;C:\Program Files\Android\Android Studio\jbr\bin;C:\Windows\SYSTEM32;C:\Program Files\Avast Software\Avast;C:\Windows\WinSxS\amd64_microsoft.windows.common-controls_6595b64144ccf1df_6.0.22621.5262_none_2712bde373830908;C:\Program Files\Android\Android Studio\jbr\bin\server;C:\Users\Hp\.gradle\native\c067742578af261105cb4f569cf0c3c89f3d7b1fecec35dd04571415982c5e48\windows-amd64;C:\Users\Hp\.gradle\native\100fb08df4bc3b14c8652ba06237920a3bd2aa13389f12d3474272988ae205f9\windows-amd64

VM Arguments:
jvm_args: --add-opens=java.base/java.lang=ALL-UNNAMED --add-opens=java.base/java.lang.invoke=ALL-UNNAMED --add-opens=java.base/java.util=ALL-UNNAMED --add-opens=java.prefs/java.util.prefs=ALL-UNNAMED --add-exports=jdk.compiler/com.sun.tools.javac.api=ALL-UNNAMED --add-exports=jdk.compiler/com.sun.tools.javac.util=ALL-UNNAMED --add-opens=java.base/java.util=ALL-UNNAMED --add-opens=java.prefs/java.util.prefs=ALL-UNNAMED --add-opens=java.base/java.nio.charset=ALL-UNNAMED --add-opens=java.base/java.net=ALL-UNNAMED --add-opens=java.base/java.util.concurrent.atomic=ALL-UNNAMED --add-opens=java.xml/javax.xml.namespace=ALL-UNNAMED -Xmx2048m -Dfile.encoding=UTF-8 -Duser.country=PE -Duser.language=es -Duser.variant -javaagent:C:\Users\Hp\.gradle\wrapper\dists\gradle-8.11.1-bin\bpt9gzteqjrbo1mjrsomdt32c\gradle-8.11.1\lib\agents\gradle-instrumentation-agent-8.11.1.jar 
java_command: org.gradle.launcher.daemon.bootstrap.GradleDaemon 8.11.1
java_class_path (initial): C:\Users\Hp\.gradle\wrapper\dists\gradle-8.11.1-bin\bpt9gzteqjrbo1mjrsomdt32c\gradle-8.11.1\lib\gradle-daemon-main-8.11.1.jar
Launcher Type: SUN_STANDARD

[Global flags]
     intx CICompilerCount                          = 4                                         {product} {ergonomic}
     uint ConcGCThreads                            = 3                                         {product} {ergonomic}
     uint G1ConcRefinementThreads                  = 10                                        {product} {ergonomic}
   size_t G1HeapRegionSize                         = 1048576                                   {product} {ergonomic}
    uintx GCDrainStackTargetSize                   = 64                                        {product} {ergonomic}
   size_t InitialHeapSize                          = 123731968                                 {product} {ergonomic}
   size_t MarkStackSize                            = 4194304                                   {product} {ergonomic}
   size_t MaxHeapSize                              = 2147483648                                {product} {command line}
   size_t MaxNewSize                               = 1287651328                                {product} {ergonomic}
   size_t MinHeapDeltaBytes                        = 1048576                                   {product} {ergonomic}
   size_t MinHeapSize                              = 8388608                                   {product} {ergonomic}
    uintx NonNMethodCodeHeapSize                   = 5839372                                {pd product} {ergonomic}
    uintx NonProfiledCodeHeapSize                  = 122909434                              {pd product} {ergonomic}
    uintx ProfiledCodeHeapSize                     = 122909434                              {pd product} {ergonomic}
    uintx ReservedCodeCacheSize                    = 251658240                              {pd product} {ergonomic}
     bool SegmentedCodeCache                       = true                                      {product} {ergonomic}
   size_t SoftMaxHeapSize                          = 2147483648                             {manageable} {ergonomic}
     bool UseCompressedOops                        = true                           {product lp64_product} {ergonomic}
     bool UseG1GC                                  = true                                      {product} {ergonomic}
     bool UseLargePagesIndividualAllocation        = false                                  {pd product} {ergonomic}

Logging:
Log output configuration:
 #0: stdout all=warning uptime,level,tags foldmultilines=false
 #1: stderr all=off uptime,level,tags foldmultilines=false

Environment Variables:
PATH=C:\Program Files (x86)\Common Files\Oracle\Java\java8path;C:\Program Files (x86)\Common Files\Oracle\Java\javapath;C:\Windows\system32;C:\Windows;C:\Windows\System32\Wbem;C:\Windows\System32\WindowsPowerShell\v1.0\;C:\Windows\System32\OpenSSH\;C:\Program Files\dotnet\;C:\mingw64\bin;C:\Program Files\IBM\SPSS\Statistics\25\JRE\bin;C:\Program Files\Git\cmd;C:\Users\Hp\AppData\Local\Programs\Python\Python312\Scripts\;C:\Users\Hp\AppData\Local\Programs\Python\Python312\;C:\Users\Hp\AppData\Local\Microsoft\WindowsApps;C:\Users\Hp\AppData\Local\Programs\Microsoft VS Code\bin;C:\MinGW\bin;C:\Program Files (x86)\GnuWin32\bin;
USERNAME=Hp
OS=Windows_NT
PROCESSOR_IDENTIFIER=AMD64 Family 23 Model 104 Stepping 1, AuthenticAMD
TMP=C:\Users\Hp\AppData\Local\Temp
TEMP=C:\Users\Hp\AppData\Local\Temp




Periodic native trim disabled

JNI global refs:
JNI global refs: 27, weak refs: 12

JNI global refs memory usage: 835, weak refs: 833

Process memory usage:
Resident Set Size: 370136K (4% of 7681736K total physical memory with 379352K free physical memory)

OOME stack traces (most recent first):
Classloader memory used:
Loader org.gradle.internal.classloader.VisitableURLClassLoader                         : 36360K
Loader bootstrap                                                                       : 23222K
Loader org.gradle.initialization.MixInLegacyTypesClassLoader                           : 10812K
Loader org.gradle.internal.classloader.VisitableURLClassLoader                         : 990K
Loader org.gradle.internal.classloader.VisitableURLClassLoader$InstrumentingVisitableURLClassLoader: 710K
Loader jdk.internal.loader.ClassLoaders$PlatformClassLoader                            : 548K
Loader jdk.internal.reflect.DelegatingClassLoader                                      : 257K
Loader jdk.internal.loader.ClassLoaders$AppClassLoader                                 : 235K
Loader org.gradle.groovy.scripts.internal.DefaultScriptCompilationHandler$ScriptClassLoader: 90608B
Loader org.codehaus.groovy.runtime.callsite.CallSiteClassLoader                        : 49592B

Classes loaded by more than one classloader:
Class org.gradle.api.GradleException                                                  : loaded 3 times (x 78B)
Class Program                                                                         : loaded 3 times (x 68B)
Class org.gradle.internal.classloader.ClassLoaderHierarchy                            : loaded 2 times (x 66B)
Class org.gradle.api.internal.classpath.ManifestUtil                                  : loaded 2 times (x 67B)
Class org.jetbrains.plugins.gradle.model.GradleExtensions                             : loaded 2 times (x 66B)
Class org.jetbrains.plugins.gradle.model.AnnotationProcessingModel                    : loaded 2 times (x 66B)
Class org.gradle.internal.operations.MultipleBuildOperationFailures                   : loaded 2 times (x 91B)
Class org.gradle.internal.classloader.DefaultClassLoaderFactory                       : loaded 2 times (x 78B)
Class kotlin.collections.AbstractList$Companion                                       : loaded 2 times (x 67B)
Class org.gradle.internal.classloader.ClassLoaderVisitor                              : loaded 2 times (x 72B)
Class org.gradle.api.internal.classpath.EffectiveClassPath                            : loaded 2 times (x 86B)
Class org.gradle.tooling.internal.gradle.DefaultProjectIdentifier                     : loaded 2 times (x 82B)
Class org.gradle.api.internal.DefaultClassPathProvider                                : loaded 2 times (x 72B)
Class ijInit1_5pbi40h2si88a9vjuw3v8pm1                                                : loaded 2 times (x 175B)
Class [Lorg.gradle.api.internal.ClassPathProvider;                                    : loaded 2 times (x 65B)
Class org.gradle.api.internal.ClassPathProvider                                       : loaded 2 times (x 66B)
Class org.gradle.internal.service.UnknownServiceException                             : loaded 2 times (x 79B)
Class org.jetbrains.kotlin.idea.gradleTooling.KotlinDslScriptAdditionalTask           : loaded 2 times (x 66B)
Class org.gradle.internal.classpath.TransformedClassPath                              : loaded 2 times (x 92B)
Class org.gradle.internal.classloader.InstrumentingClassLoader                        : loaded 2 times (x 66B)
Class org.gradle.internal.classloader.FilteringClassLoader                            : loaded 2 times (x 101B)
Class org.jetbrains.plugins.gradle.model.IntelliJSettings                             : loaded 2 times (x 66B)
Class org.jetbrains.kotlin.idea.gradleTooling.KotlinSourceSetContainer                : loaded 2 times (x 66B)
Class org.gradle.internal.service.ServiceLocator                                      : loaded 2 times (x 66B)
Class org.gradle.tooling.model.UnsupportedMethodException                             : loaded 2 times (x 78B)
Class org.gradle.internal.InternalTransformer                                         : loaded 2 times (x 66B)
Class org.gradle.internal.time.DefaultTimer                                           : loaded 2 times (x 76B)
Class org.gradle.internal.classloader.ClasspathUtil$1                                 : loaded 2 times (x 72B)
Class org.gradle.api.internal.classpath.DefaultModuleRegistry$DefaultModule           : loaded 2 times (x 82B)
Class org.gradle.internal.time.DefaultCountdownTimer                                  : loaded 2 times (x 84B)
Class org.gradle.tooling.internal.gradle.DefaultBuildIdentifier                       : loaded 2 times (x 75B)
Class kotlin.Function                                                                 : loaded 2 times (x 66B)
Class org.gradle.api.internal.classpath.Module                                        : loaded 2 times (x 66B)
Class org.gradle.api.internal.classpath.UnknownModuleException                        : loaded 2 times (x 78B)
Class com.intellij.openapi.externalSystem.model.project.dependencies.ProjectDependencies: loaded 2 times (x 66B)
Class org.gradle.tooling.internal.gradle.GradleProjectIdentity                        : loaded 2 times (x 66B)
Class org.gradle.api.internal.DefaultClassPathRegistry                                : loaded 2 times (x 72B)
Class org.gradle.api.internal.ClassPathRegistry                                       : loaded 2 times (x 66B)
Class org.gradle.internal.classpath.DefaultClassPath$ImmutableUniqueList              : loaded 2 times (x 195B)
Class kotlin.enums.EnumEntriesList                                                    : loaded 2 times (x 219B)
Class Settings_gradle$1                                                               : loaded 2 times (x 70B)
Class org.gradle.internal.classpath.ClassPath                                         : loaded 2 times (x 66B)
Class org.gradle.api.UncheckedIOException                                             : loaded 2 times (x 78B)
Class org.jetbrains.kotlin.idea.gradleTooling.KotlinGradleModel                       : loaded 2 times (x 66B)
Class org.gradle.tooling.model.Model                                                  : loaded 2 times (x 66B)
Class kotlin.UninitializedPropertyAccessException                                     : loaded 2 times (x 78B)
Class org.jetbrains.plugins.gradle.model.IntelliJProjectSettings                      : loaded 2 times (x 66B)
Class org.gradle.internal.installation.GradleInstallation$1                           : loaded 2 times (x 71B)
Class org.gradle.api.internal.classpath.ModuleRegistry                                : loaded 2 times (x 66B)
Class org.jetbrains.plugins.gradle.model.VersionCatalogsModel                         : loaded 2 times (x 66B)
Class org.gradle.api.internal.classpath.DefaultModuleRegistry                         : loaded 2 times (x 82B)
Class sync_studio_tooling9_4imox21mm5rzhjm8xmrt8aygm                                  : loaded 2 times (x 175B)
Class org.gradle.internal.time.MonotonicClock                                         : loaded 2 times (x 73B)
Class org.gradle.internal.service.ServiceLookupException                              : loaded 2 times (x 78B)
Class org.gradle.internal.classloader.ClassLoaderFactory                              : loaded 2 times (x 66B)
Class org.gradle.internal.service.CachingServiceLocator                               : loaded 2 times (x 78B)
Class org.jetbrains.plugins.gradle.model.RepositoryModels                             : loaded 2 times (x 66B)
Class org.gradle.internal.time.TimeSource                                             : loaded 2 times (x 66B)
Class org.gradle.tooling.internal.gradle.GradleBuildIdentity                          : loaded 2 times (x 66B)
Class kotlin.enums.EnumEntries                                                        : loaded 2 times (x 66B)
Class org.gradle.internal.exceptions.ResolutionProvider                               : loaded 2 times (x 66B)
Class org.gradle.tooling.model.ProjectIdentifier                                      : loaded 2 times (x 66B)
Class org.gradle.internal.classloader.ClasspathUtil                                   : loaded 2 times (x 67B)
Class org.gradle.internal.time.TimeSource$1                                           : loaded 2 times (x 73B)
Class kotlin.jvm.internal.DefaultConstructorMarker                                    : loaded 2 times (x 67B)
Class org.gradle.api.specs.Spec                                                       : loaded 2 times (x 66B)
Class org.gradle.internal.time.Clock                                                  : loaded 2 times (x 66B)
Class kotlin.collections.AbstractList                                                 : loaded 2 times (x 193B)
Class kotlin.collections.AbstractCollection                                           : loaded 2 times (x 113B)
Class org.gradle.internal.classloader.VisitableURLClassLoader$InstrumentingVisitableURLClassLoader: loaded 2 times (x 119B)
Class org.gradle.internal.classloader.VisitableURLClassLoader$Spec                    : loaded 2 times (x 70B)
Class org.gradle.internal.classpath.DefaultClassPath                                  : loaded 2 times (x 86B)
Class org.gradle.internal.classloader.ClassLoaderSpec                                 : loaded 2 times (x 67B)
Class Settings_gradle$1$1                                                             : loaded 2 times (x 70B)
Class kotlin.Unit                                                                     : loaded 2 times (x 67B)
Class org.gradle.internal.classloader.VisitableURLClassLoader                         : loaded 2 times (x 113B)
Class Settings_gradle                                                                 : loaded 2 times (x 124B)
Class org.gradle.internal.Cast                                                        : loaded 2 times (x 67B)
Class org.gradle.api.Action                                                           : loaded 2 times (x 66B)
Class kotlin.jvm.functions.Function1                                                  : loaded 2 times (x 66B)
Class org.gradle.internal.classpath.DefaultClassPath$ImmutableUniqueList$Builder      : loaded 2 times (x 71B)
Class kotlin.NotImplementedError                                                      : loaded 2 times (x 78B)
Class org.gradle.internal.exceptions.NonGradleCauseExceptionsHolder                   : loaded 2 times (x 66B)
Class org.jetbrains.plugins.gradle.tooling.ModelBuilderService$Parameter              : loaded 2 times (x 66B)
Class kotlin.enums.EnumEntriesKt                                                      : loaded 2 times (x 67B)
Class org.gradle.internal.IoActions                                                   : loaded 2 times (x 67B)
Class org.gradle.internal.classloader.SystemClassLoaderSpec                           : loaded 2 times (x 67B)
Class org.gradle.internal.exceptions.MultiCauseException                              : loaded 2 times (x 66B)
Class org.gradle.internal.time.CountdownTimer                                         : loaded 2 times (x 66B)
Class kotlin.jvm.internal.Intrinsics                                                  : loaded 2 times (x 67B)
Class org.gradle.tooling.model.ProjectModel                                           : loaded 2 times (x 66B)
Class kotlin.KotlinNullPointerException                                               : loaded 2 times (x 79B)
Class org.jetbrains.plugins.gradle.model.tests.ExternalTestsModel                     : loaded 2 times (x 66B)
Class org.gradle.internal.exceptions.DefaultMultiCauseException                       : loaded 2 times (x 91B)
Class org.gradle.internal.time.Time                                                   : loaded 2 times (x 67B)
Class org.jetbrains.plugins.gradle.model.DependencyAccessorsModel                     : loaded 2 times (x 66B)
Class org.gradle.api.internal.classpath.GlobalCacheRootsProvider                      : loaded 2 times (x 66B)
Class org.jetbrains.kotlin.idea.gradleTooling.KotlinMPPGradleModel                    : loaded 2 times (x 66B)
Class org.gradle.tooling.model.BuildIdentifier                                        : loaded 2 times (x 66B)
Class org.jetbrains.kotlin.idea.gradleTooling.PrepareKotlinIdeImportTaskModel         : loaded 2 times (x 66B)
Class org.gradle.internal.time.Timer                                                  : loaded 2 times (x 66B)
Class kotlin.jvm.internal.markers.KMappedMarker                                       : loaded 2 times (x 66B)
Class org.gradle.internal.installation.CurrentGradleInstallationLocator               : loaded 2 times (x 67B)
Class org.gradle.internal.service.DefaultServiceLocator                               : loaded 2 times (x 79B)
Class org.gradle.util.GradleVersion                                                   : loaded 2 times (x 79B)
Class org.gradle.internal.installation.CurrentGradleInstallation                      : loaded 2 times (x 69B)
Class org.jetbrains.plugins.gradle.javaModel.JavaGradleManifestModel                  : loaded 2 times (x 66B)
Class org.gradle.util.internal.GUtil                                                  : loaded 2 times (x 67B)
Class org.gradle.internal.installation.GradleInstallation                             : loaded 2 times (x 71B)

---------------  S Y S T E M  ---------------

OS:
 Windows 11 , 64 bit Build 22621 (10.0.22621.5262)
OS uptime: 0 days 4:43 hours

CPU: total 12 (initial active 12) (12 cores per cpu, 2 threads per core) family 23 model 104 stepping 1 microcode 0x0, cx8, cmov, fxsr, ht, mmx, 3dnowpref, sse, sse2, sse3, ssse3, sse4a, sse4.1, sse4.2, popcnt, lzcnt, tsc, tscinvbit, avx, avx2, aes, clmul, bmi1, bmi2, adx, sha, fma, vzeroupper, clflush, clflushopt, rdtscp, rdpid, f16c
Processor Information for processor 0
  Max Mhz: 2100, Current Mhz: 1813, Mhz Limit: 2100
Processor Information for processor 1
  Max Mhz: 2100, Current Mhz: 1893, Mhz Limit: 2100
Processor Information for processor 2
  Max Mhz: 2100, Current Mhz: 1893, Mhz Limit: 2100
Processor Information for processor 3
  Max Mhz: 2100, Current Mhz: 1813, Mhz Limit: 2100
Processor Information for processor 4
  Max Mhz: 2100, Current Mhz: 1813, Mhz Limit: 2100
Processor Information for processor 5
  Max Mhz: 2100, Current Mhz: 1813, Mhz Limit: 2100
Processor Information for processor 6
  Max Mhz: 2100, Current Mhz: 1813, Mhz Limit: 2100
Processor Information for processor 7
  Max Mhz: 2100, Current Mhz: 1813, Mhz Limit: 2100
Processor Information for processor 8
  Max Mhz: 2100, Current Mhz: 1813, Mhz Limit: 2100
Processor Information for processor 9
  Max Mhz: 2100, Current Mhz: 1813, Mhz Limit: 2100
Processor Information for processor 10
  Max Mhz: 2100, Current Mhz: 1813, Mhz Limit: 2100
Processor Information for processor 11
  Max Mhz: 2100, Current Mhz: 1813, Mhz Limit: 2100

Memory: 4k page, system-wide physical 7501M (370M free)
TotalPageFile size 22454M (AvailPageFile size 33M)
current process WorkingSet (physical memory assigned to process): 361M, peak: 363M
current process commit charge ("private bytes"): 402M, peak: 448M

vm_info: OpenJDK 64-Bit Server VM (21.0.6+-13368085-b895.109) for windows-amd64 JRE (21.0.6+-13368085-b895.109), built on 2025-04-16T17:01:31Z by "builder" with MS VC++ 16.10 / 16.11 (VS2019)

END.
